ShM semaphore created
ShM memory created
SIMULATION START
00.00s EX Tick   1# START
00.00s BT Tick   1# START
Maneuver: Velocity Keeping
00.22s EX Tick   2# +0.221 e0.017 d0.204 
00.33s EX Tick   3# +0.106 e0.017 d0.090 
00.44s EX Tick   4# +0.116 e0.017 d0.099 
00.56s EX Tick   5# +0.117 e0.017 d0.100 
00.56s BT Tick   2# +0.560 e0.500 d0.060 
Maneuver: Velocity Keeping
00.69s EX Tick   6# +0.130 e0.017 d0.113 
00.80s EX Tick   7# +0.110 e0.017 d0.094 
00.91s EX Tick   8# +0.110 e0.017 d0.094 
01.02s EX Tick   9# +0.108 e0.017 d0.091 
01.12s EX Tick  10# +0.104 e0.017 d0.087 
01.12s BT Tick   3# +0.562 e0.500 d0.062 
Maneuver: Velocity Keeping
01.25s EX Tick  11# +0.126 e0.017 d0.110 
01.35s EX Tick  12# +0.101 e0.017 d0.084 
01.48s EX Tick  13# +0.128 e0.017 d0.111 
01.58s EX Tick  14# +0.099 e0.017 d0.083 
01.68s EX Tick  15# +0.100 e0.017 d0.083 
01.68s BT Tick   4# +0.554 e0.500 d0.054 
Maneuver: Velocity Keeping
01.80s EX Tick  16# +0.122 e0.017 d0.106 
01.90s EX Tick  17# +0.102 e0.017 d0.085 
02.00s EX Tick  18# +0.099 e0.017 d0.082 
02.10s EX Tick  19# +0.101 e0.017 d0.084 
02.20s EX Tick  20# +0.101 e0.017 d0.084 
02.20s BT Tick   5# +0.524 e0.500 d0.024 
Maneuver: Velocity Keeping
02.33s EX Tick  21# +0.125 e0.017 d0.109 
02.43s EX Tick  22# +0.103 e0.017 d0.086 
02.53s EX Tick  23# +0.102 e0.017 d0.086 
02.63s EX Tick  24# +0.103 e0.017 d0.086 
02.75s EX Tick  25# +0.111 e0.017 d0.094 
02.75s BT Tick   6# +0.545 e0.500 d0.045 
Maneuver: Velocity Keeping
02.87s EX Tick  26# +0.122 e0.017 d0.105 
02.97s EX Tick  27# +0.107 e0.017 d0.091 
03.08s EX Tick  28# +0.104 e0.017 d0.087 
03.18s EX Tick  29# +0.104 e0.017 d0.088 
03.32s EX Tick  30# +0.138 e0.017 d0.121 
03.32s BT Tick   7# +0.576 e0.500 d0.076 
Maneuver: Velocity Keeping
03.44s EX Tick  31# +0.121 e0.017 d0.105 
03.55s EX Tick  32# +0.104 e0.017 d0.087 
03.65s EX Tick  33# +0.101 e0.017 d0.085 
03.75s EX Tick  34# +0.102 e0.017 d0.085 
03.85s EX Tick  35# +0.105 e0.017 d0.088 
03.85s BT Tick   8# +0.533 e0.500 d0.033 
Maneuver: Velocity Keeping
03.98s EX Tick  36# +0.123 e0.017 d0.107 
04.08s EX Tick  37# +0.105 e0.017 d0.088 
04.19s EX Tick  38# +0.105 e0.017 d0.089 
04.29s EX Tick  39# +0.107 e0.017 d0.090 
04.40s EX Tick  40# +0.102 e0.017 d0.086 
04.40s BT Tick   9# +0.542 e0.500 d0.042 
Maneuver: Velocity Keeping
04.52s EX Tick  41# +0.124 e0.017 d0.108 
04.63s EX Tick  42# +0.107 e0.017 d0.091 
04.73s EX Tick  43# +0.104 e0.017 d0.087 
04.84s EX Tick  44# +0.105 e0.017 d0.088 
04.94s EX Tick  45# +0.103 e0.017 d0.087 
04.94s BT Tick  10# +0.543 e0.500 d0.043 
Maneuver: Velocity Keeping
05.06s EX Tick  46# +0.122 e0.017 d0.105 
05.20s EX Tick  47# +0.138 e0.017 d0.121 
05.30s EX Tick  48# +0.103 e0.017 d0.086 
05.40s EX Tick  49# +0.101 e0.017 d0.085 
05.53s EX Tick  50# +0.130 e0.017 d0.114 
05.53s BT Tick  11# +0.594 e0.500 d0.094 
Maneuver: Velocity Keeping
05.69s EX Tick  51# +0.159 e0.017 d0.142 
05.81s EX Tick  52# +0.120 e0.017 d0.104 
05.92s EX Tick  53# +0.103 e0.017 d0.086 
06.02s EX Tick  54# +0.104 e0.017 d0.087 
06.12s EX Tick  55# +0.105 e0.017 d0.088 
06.12s BT Tick  12# +0.590 e0.500 d0.090 
Maneuver: Velocity Keeping
06.25s EX Tick  56# +0.123 e0.017 d0.106 
06.35s EX Tick  57# +0.102 e0.017 d0.085 
06.45s EX Tick  58# +0.104 e0.017 d0.088 
06.57s EX Tick  59# +0.113 e0.017 d0.097 
06.67s EX Tick  60# +0.107 e0.017 d0.090 
06.67s BT Tick  13# +0.550 e0.500 d0.050 
Maneuver: Velocity Keeping
06.80s EX Tick  61# +0.128 e0.017 d0.112 
06.91s EX Tick  62# +0.107 e0.017 d0.091 
07.02s EX Tick  63# +0.110 e0.017 d0.093 
07.16s EX Tick  64# +0.142 e0.017 d0.125 
07.27s EX Tick  65# +0.105 e0.017 d0.088 
07.27s BT Tick  14# +0.593 e0.500 d0.093 
Maneuver: Velocity Keeping
07.39s EX Tick  66# +0.128 e0.017 d0.111 
07.50s EX Tick  67# +0.104 e0.017 d0.087 
07.60s EX Tick  68# +0.103 e0.017 d0.087 
07.71s EX Tick  69# +0.109 e0.017 d0.093 
07.82s EX Tick  70# +0.107 e0.017 d0.090 
07.82s BT Tick  15# +0.550 e0.500 d0.050 
Maneuver: Velocity Keeping
07.94s EX Tick  71# +0.126 e0.017 d0.109 
08.05s EX Tick  72# +0.108 e0.017 d0.092 
08.17s EX Tick  73# +0.114 e0.017 d0.098 
08.28s EX Tick  74# +0.112 e0.017 d0.096 
08.38s EX Tick  75# +0.105 e0.017 d0.088 
08.38s BT Tick  16# +0.566 e0.500 d0.066 
Maneuver: Velocity Keeping
08.52s EX Tick  76# +0.133 e0.017 d0.116 
08.63s EX Tick  77# +0.110 e0.017 d0.094 
08.73s EX Tick  78# +0.107 e0.017 d0.090 
08.84s EX Tick  79# +0.109 e0.017 d0.093 
08.96s EX Tick  80# +0.119 e0.017 d0.102 
08.96s BT Tick  17# +0.578 e0.500 d0.078 
Maneuver: Velocity Keeping
09.09s EX Tick  81# +0.132 e0.017 d0.115 
09.23s EX Tick  82# +0.139 e0.017 d0.122 
09.34s EX Tick  83# +0.110 e0.017 d0.093 
09.45s EX Tick  84# +0.109 e0.017 d0.092 
09.56s EX Tick  85# +0.108 e0.017 d0.092 
09.56s BT Tick  18# +0.599 e0.500 d0.099 
Maneuver: Velocity Keeping
09.69s EX Tick  86# +0.133 e0.017 d0.117 
09.80s EX Tick  87# +0.107 e0.017 d0.090 
09.91s EX Tick  88# +0.109 e0.017 d0.093 
10.02s EX Tick  89# +0.107 e0.017 d0.090 
10.12s EX Tick  90# +0.106 e0.017 d0.090 
10.12s BT Tick  19# +0.563 e0.500 d0.063 
Maneuver: Velocity Keeping
10.26s EX Tick  91# +0.136 e0.017 d0.120 
10.38s EX Tick  92# +0.117 e0.017 d0.100 
10.49s EX Tick  93# +0.110 e0.017 d0.094 
10.60s EX Tick  94# +0.117 e0.017 d0.100 
10.71s EX Tick  95# +0.111 e0.017 d0.095 
10.71s BT Tick  20# +0.591 e0.500 d0.091 
Maneuver: Velocity Keeping
10.85s EX Tick  96# +0.135 e0.017 d0.118 
10.97s EX Tick  97# +0.118 e0.017 d0.101 
11.08s EX Tick  98# +0.110 e0.017 d0.094 
11.23s EX Tick  99# +0.150 e0.017 d0.133 
11.23s BT Tick  21# +0.513 e0.500 d0.013 
Maneuver: Velocity Keeping
11.36s EX Tick 100# +0.131 e0.017 d0.114 
11.47s EX Tick 101# +0.110 e0.017 d0.093 
11.58s EX Tick 102# +0.113 e0.017 d0.097 
11.70s EX Tick 103# +0.117 e0.017 d0.101 
11.81s EX Tick 104# +0.112 e0.017 d0.096 
11.81s BT Tick  22# +0.584 e0.500 d0.084 
Maneuver: Velocity Keeping
11.95s EX Tick 105# +0.137 e0.017 d0.120 
12.07s EX Tick 106# +0.121 e0.017 d0.104 
12.18s EX Tick 107# +0.117 e0.017 d0.100 
12.31s EX Tick 108# +0.124 e0.017 d0.107 
12.43s EX Tick 109# +0.118 e0.017 d0.102 
12.43s BT Tick  23# +0.616 e0.500 d0.116 
Maneuver: Velocity Keeping
12.57s EX Tick 110# +0.147 e0.017 d0.131 
12.69s EX Tick 111# +0.120 e0.017 d0.103 
12.81s EX Tick 112# +0.115 e0.017 d0.098 
12.93s EX Tick 113# +0.119 e0.017 d0.102 
12.93s BT Tick  24# +0.501 e0.500 d0.001 
Maneuver: Velocity Keeping
13.07s EX Tick 114# +0.141 e0.017 d0.125 
13.18s EX Tick 115# +0.116 e0.017 d0.099 
13.33s EX Tick 116# +0.146 e0.017 d0.130 
13.45s EX Tick 117# +0.117 e0.017 d0.100 
13.45s BT Tick  25# +0.520 e0.500 d0.020 
Maneuver: Velocity Keeping
13.58s EX Tick 118# +0.135 e0.017 d0.118 
13.70s EX Tick 119# +0.121 e0.017 d0.104 
13.82s EX Tick 120# +0.121 e0.017 d0.105 
13.95s EX Tick 121# +0.122 e0.017 d0.105 
14.07s EX Tick 122# +0.121 e0.017 d0.104 
14.07s BT Tick  26# +0.619 e0.500 d0.119 
Maneuver: Velocity Keeping
14.20s EX Tick 123# +0.138 e0.017 d0.121 
14.32s EX Tick 124# +0.118 e0.017 d0.102 
14.44s EX Tick 125# +0.120 e0.017 d0.103 
14.56s EX Tick 126# +0.117 e0.017 d0.100 
14.68s EX Tick 127# +0.120 e0.017 d0.103 
14.68s BT Tick  27# +0.613 e0.500 d0.113 
Maneuver: Velocity Keeping
14.82s EX Tick 128# +0.141 e0.017 d0.124 
14.94s EX Tick 129# +0.117 e0.017 d0.100 
15.06s EX Tick 130# +0.121 e0.017 d0.105 
15.18s EX Tick 131# +0.123 e0.017 d0.106 
15.18s BT Tick  28# +0.502 e0.500 d0.002 
Maneuver: Velocity Keeping
15.33s EX Tick 132# +0.149 e0.017 d0.132 
15.48s EX Tick 133# +0.152 e0.017 d0.136 
15.60s EX Tick 134# +0.116 e0.017 d0.099 
15.72s EX Tick 135# +0.119 e0.017 d0.102 
15.72s BT Tick  29# +0.536 e0.500 d0.036 
Maneuver: Velocity Keeping
15.85s EX Tick 136# +0.137 e0.017 d0.121 
15.97s EX Tick 137# +0.112 e0.017 d0.095 
16.09s EX Tick 138# +0.120 e0.017 d0.104 
16.21s EX Tick 139# +0.119 e0.017 d0.102 
16.32s EX Tick 140# +0.118 e0.017 d0.101 
16.32s BT Tick  30# +0.606 e0.500 d0.106 
Maneuver: Velocity Keeping
16.46s EX Tick 141# +0.136 e0.017 d0.120 
16.58s EX Tick 142# +0.119 e0.017 d0.102 
16.71s EX Tick 143# +0.127 e0.017 d0.111 
16.83s EX Tick 144# +0.120 e0.017 d0.103 
16.83s BT Tick  31# +0.503 e0.500 d0.003 
Maneuver: Velocity Keeping
16.97s EX Tick 145# +0.143 e0.017 d0.126 
17.09s EX Tick 146# +0.121 e0.017 d0.104 
17.21s EX Tick 147# +0.118 e0.017 d0.101 
17.32s EX Tick 148# +0.116 e0.017 d0.100 
17.45s EX Tick 149# +0.125 e0.017 d0.108 
17.45s BT Tick  32# +0.623 e0.500 d0.123 
Maneuver: Velocity Keeping
17.59s EX Tick 150# +0.140 e0.017 d0.123 
17.74s EX Tick 151# +0.153 e0.017 d0.136 
17.86s EX Tick 152# +0.117 e0.017 d0.101 
17.98s EX Tick 153# +0.118 e0.017 d0.101 
17.98s BT Tick  33# +0.528 e0.500 d0.028 
Maneuver: Velocity Keeping
18.12s EX Tick 154# +0.143 e0.017 d0.126 
18.24s EX Tick 155# +0.123 e0.017 d0.107 
18.36s EX Tick 156# +0.121 e0.017 d0.104 
18.49s EX Tick 157# +0.131 e0.017 d0.114 
18.49s BT Tick  34# +0.518 e0.500 d0.018 
Maneuver: Velocity Keeping
18.63s EX Tick 158# +0.141 e0.017 d0.124 
18.75s EX Tick 159# +0.120 e0.017 d0.104 
18.88s EX Tick 160# +0.125 e0.017 d0.108 
19.00s EX Tick 161# +0.124 e0.017 d0.107 
19.00s BT Tick  35# +0.510 e0.500 d0.010 
Maneuver: Velocity Keeping
19.14s EX Tick 162# +0.139 e0.017 d0.122 
19.26s EX Tick 163# +0.120 e0.017 d0.103 
19.38s EX Tick 164# +0.121 e0.017 d0.105 
19.50s EX Tick 165# +0.121 e0.017 d0.104 
19.50s BT Tick  36# +0.501 e0.500 d0.001 
Maneuver: Velocity Keeping
19.65s EX Tick 166# +0.141 e0.017 d0.124 
19.77s EX Tick 167# +0.122 e0.017 d0.105 
19.91s EX Tick 168# +0.147 e0.017 d0.131 
20.04s EX Tick 169# +0.123 e0.017 d0.106 
20.04s BT Tick  37# +0.533 e0.500 d0.033 
Maneuver: Velocity Keeping
20.18s EX Tick 170# +0.143 e0.017 d0.126 
20.30s EX Tick 171# +0.120 e0.017 d0.103 
20.42s EX Tick 172# +0.119 e0.017 d0.102 
20.54s EX Tick 173# +0.117 e0.017 d0.100 
20.66s EX Tick 174# +0.123 e0.017 d0.106 
20.66s BT Tick  38# +0.621 e0.500 d0.121 
Maneuver: Velocity Keeping
20.80s EX Tick 175# +0.143 e0.017 d0.126 
20.92s EX Tick 176# +0.121 e0.017 d0.105 
21.05s EX Tick 177# +0.123 e0.017 d0.107 
21.17s EX Tick 178# +0.124 e0.017 d0.107 
21.17s BT Tick  39# +0.511 e0.500 d0.011 
Maneuver: Velocity Keeping
21.32s EX Tick 179# +0.145 e0.017 d0.129 
21.44s EX Tick 180# +0.123 e0.017 d0.107 
21.56s EX Tick 181# +0.121 e0.017 d0.104 
21.68s EX Tick 182# +0.124 e0.017 d0.108 
21.68s BT Tick  40# +0.514 e0.500 d0.014 
Maneuver: Velocity Keeping
21.83s EX Tick 183# +0.146 e0.017 d0.129 
21.95s EX Tick 184# +0.123 e0.017 d0.107 
22.10s EX Tick 185# +0.152 e0.017 d0.135 
22.22s EX Tick 186# +0.118 e0.017 d0.101 
22.22s BT Tick  41# +0.539 e0.500 d0.039 
Maneuver: Velocity Keeping
22.36s EX Tick 187# +0.140 e0.017 d0.123 
22.49s EX Tick 188# +0.128 e0.017 d0.111 
22.61s EX Tick 189# +0.120 e0.017 d0.104 
22.73s EX Tick 190# +0.121 e0.017 d0.104 
22.73s BT Tick  42# +0.508 e0.500 d0.008 
Maneuver: Velocity Keeping
22.87s EX Tick 191# +0.143 e0.017 d0.126 
23.00s EX Tick 192# +0.122 e0.017 d0.105 
23.13s EX Tick 193# +0.133 e0.017 d0.116 
23.25s EX Tick 194# +0.125 e0.017 d0.108 
23.25s BT Tick  43# +0.522 e0.500 d0.022 
Maneuver: Velocity Keeping
23.40s EX Tick 195# +0.151 e0.017 d0.135 
23.53s EX Tick 196# +0.129 e0.017 d0.112 
23.66s EX Tick 197# +0.124 e0.017 d0.108 
23.78s EX Tick 198# +0.125 e0.017 d0.108 
23.78s BT Tick  44# +0.529 e0.500 d0.029 
Maneuver: Velocity Keeping
23.92s EX Tick 199# +0.143 e0.017 d0.126 
24.05s EX Tick 200# +0.130 e0.017 d0.113 
24.18s EX Tick 201# +0.128 e0.017 d0.111 
24.34s EX Tick 202# +0.156 e0.017 d0.139 
24.34s BT Tick  45# +0.556 e0.500 d0.056 
Maneuver: Velocity Keeping
24.48s EX Tick 203# +0.143 e0.017 d0.126 
24.60s EX Tick 204# +0.124 e0.017 d0.107 
24.73s EX Tick 205# +0.125 e0.017 d0.108 
24.85s EX Tick 206# +0.121 e0.017 d0.105 
24.85s BT Tick  46# +0.513 e0.500 d0.013 
Maneuver: Velocity Keeping
25.00s EX Tick 207# +0.146 e0.017 d0.130 
25.12s EX Tick 208# +0.128 e0.017 d0.111 
25.25s EX Tick 209# +0.123 e0.017 d0.106 
25.37s EX Tick 210# +0.121 e0.017 d0.104 
25.37s BT Tick  47# +0.517 e0.500 d0.017 
Maneuver: Velocity Keeping
25.52s EX Tick 211# +0.149 e0.017 d0.133 
25.65s EX Tick 212# +0.131 e0.017 d0.115 
25.78s EX Tick 213# +0.127 e0.017 d0.110 
25.90s EX Tick 214# +0.122 e0.017 d0.105 
25.90s BT Tick  48# +0.529 e0.500 d0.029 
Maneuver: Velocity Keeping
26.04s EX Tick 215# +0.145 e0.017 d0.128 
26.17s EX Tick 216# +0.124 e0.017 d0.107 
26.29s EX Tick 217# +0.130 e0.017 d0.113 
26.42s EX Tick 218# +0.121 e0.017 d0.104 
26.42s BT Tick  49# +0.519 e0.500 d0.019 
Maneuver: Velocity Keeping
26.59s EX Tick 219# +0.177 e0.017 d0.161 
26.71s EX Tick 220# +0.116 e0.017 d0.100 
26.84s EX Tick 221# +0.126 e0.017 d0.109 
26.96s EX Tick 222# +0.125 e0.017 d0.108 
26.96s BT Tick  50# +0.545 e0.500 d0.045 
Maneuver: Velocity Keeping
27.10s EX Tick 223# +0.138 e0.017 d0.122 
27.23s EX Tick 224# +0.130 e0.017 d0.113 
27.36s EX Tick 225# +0.128 e0.017 d0.111 
27.48s EX Tick 226# +0.120 e0.017 d0.103 
27.48s BT Tick  51# +0.516 e0.500 d0.016 
Maneuver: Velocity Keeping
27.63s EX Tick 227# +0.149 e0.017 d0.133 
27.75s EX Tick 228# +0.125 e0.017 d0.108 
27.88s EX Tick 229# +0.131 e0.017 d0.114 
28.02s EX Tick 230# +0.133 e0.017 d0.116 
28.02s BT Tick  52# +0.538 e0.500 d0.038 
Maneuver: Velocity Keeping
28.16s EX Tick 231# +0.145 e0.017 d0.128 
28.29s EX Tick 232# +0.128 e0.017 d0.111 
28.41s EX Tick 233# +0.126 e0.017 d0.110 
28.54s EX Tick 234# +0.126 e0.017 d0.110 
28.54s BT Tick  53# +0.525 e0.500 d0.025 
Maneuver: Velocity Keeping
28.69s EX Tick 235# +0.147 e0.017 d0.131 
28.82s EX Tick 236# +0.128 e0.017 d0.111 
28.98s EX Tick 237# +0.165 e0.017 d0.149 
29.11s EX Tick 238# +0.133 e0.017 d0.116 
29.11s BT Tick  54# +0.573 e0.500 d0.073 
Maneuver: Velocity Keeping
29.27s EX Tick 239# +0.157 e0.017 d0.140 
29.40s EX Tick 240# +0.134 e0.017 d0.117 
29.53s EX Tick 241# +0.125 e0.017 d0.108 
29.67s EX Tick 242# +0.137 e0.017 d0.121 
29.67s BT Tick  55# +0.553 e0.500 d0.053 
Maneuver: Velocity Keeping
29.82s EX Tick 243# +0.151 e0.017 d0.135 
29.94s EX Tick 244# +0.127 e0.017 d0.110 
EX TIMEOUT: 30.1s
SIMULATION END
