ShM semaphore created
ShM memory created
SIMULATION START
00.00s EX Tick   1# START
00.00s BT Tick   1# START
Maneuver: Velocity Keeping
00.27s EX Tick   2# +0.271 e0.017 d0.254 
00.38s EX Tick   3# +0.109 e0.017 d0.093 
00.50s EX Tick   4# +0.117 e0.017 d0.100 
00.60s EX Tick   5# +0.108 e0.017 d0.091 
00.60s BT Tick   2# +0.604 e0.500 d0.104 
Maneuver: Velocity Keeping
00.73s EX Tick   6# +0.127 e0.017 d0.111 
00.84s EX Tick   7# +0.105 e0.017 d0.089 
00.95s EX Tick   8# +0.110 e0.017 d0.093 
01.05s EX Tick   9# +0.103 e0.017 d0.086 
01.15s EX Tick  10# +0.101 e0.017 d0.085 
01.15s BT Tick   3# +0.546 e0.500 d0.046 
Maneuver: Velocity Keeping
01.27s EX Tick  11# +0.120 e0.017 d0.103 
01.37s EX Tick  12# +0.103 e0.017 d0.086 
01.50s EX Tick  13# +0.122 e0.017 d0.106 
01.60s EX Tick  14# +0.102 e0.017 d0.085 
01.70s EX Tick  15# +0.099 e0.017 d0.083 
01.70s BT Tick   4# +0.547 e0.500 d0.047 
Maneuver: Velocity Keeping
01.82s EX Tick  16# +0.121 e0.017 d0.104 
01.93s EX Tick  17# +0.110 e0.017 d0.094 
02.04s EX Tick  18# +0.114 e0.017 d0.097 
02.15s EX Tick  19# +0.106 e0.017 d0.089 
02.25s EX Tick  20# +0.102 e0.017 d0.085 
02.25s BT Tick   5# +0.552 e0.500 d0.052 
Maneuver: Velocity Keeping
02.36s EX Tick  21# +0.113 e0.017 d0.096 
02.47s EX Tick  22# +0.111 e0.017 d0.094 
02.57s EX Tick  23# +0.098 e0.017 d0.082 
02.67s EX Tick  24# +0.099 e0.017 d0.083 
02.77s EX Tick  25# +0.099 e0.017 d0.082 
02.77s BT Tick   6# +0.520 e0.500 d0.020 
Maneuver: Velocity Keeping
02.89s EX Tick  26# +0.120 e0.017 d0.104 
02.99s EX Tick  27# +0.099 e0.017 d0.082 
03.09s EX Tick  28# +0.099 e0.017 d0.082 
03.19s EX Tick  29# +0.101 e0.017 d0.085 
03.33s EX Tick  30# +0.137 e0.017 d0.120 
03.33s BT Tick   7# +0.556 e0.500 d0.056 
Maneuver: Velocity Keeping
03.46s EX Tick  31# +0.134 e0.017 d0.118 
03.56s EX Tick  32# +0.099 e0.017 d0.082 
03.66s EX Tick  33# +0.096 e0.017 d0.079 
03.75s EX Tick  34# +0.096 e0.017 d0.080 
03.85s EX Tick  35# +0.098 e0.017 d0.081 
03.85s BT Tick   8# +0.523 e0.500 d0.023 
Maneuver: Velocity Keeping
03.97s EX Tick  36# +0.117 e0.017 d0.100 
04.06s EX Tick  37# +0.095 e0.017 d0.078 
04.16s EX Tick  38# +0.101 e0.017 d0.084 
04.26s EX Tick  39# +0.101 e0.017 d0.084 
04.36s EX Tick  40# +0.099 e0.017 d0.082 
04.36s BT Tick   9# +0.512 e0.500 d0.012 
Maneuver: Velocity Keeping
04.48s EX Tick  41# +0.120 e0.017 d0.103 
04.58s EX Tick  42# +0.102 e0.017 d0.086 
04.68s EX Tick  43# +0.096 e0.017 d0.080 
04.78s EX Tick  44# +0.104 e0.017 d0.087 
04.88s EX Tick  45# +0.100 e0.017 d0.083 
04.88s BT Tick  10# +0.522 e0.500 d0.022 
Maneuver: Velocity Keeping
05.01s EX Tick  46# +0.126 e0.017 d0.110 
05.14s EX Tick  47# +0.126 e0.017 d0.109 
05.23s EX Tick  48# +0.099 e0.017 d0.082 
05.33s EX Tick  49# +0.096 e0.017 d0.080 
05.42s EX Tick  50# +0.094 e0.017 d0.078 
05.42s BT Tick  11# +0.542 e0.500 d0.042 
Maneuver: Velocity Keeping
05.54s EX Tick  51# +0.120 e0.017 d0.103 
05.65s EX Tick  52# +0.101 e0.017 d0.084 
05.74s EX Tick  53# +0.094 e0.017 d0.077 
05.84s EX Tick  54# +0.097 e0.017 d0.081 
05.94s EX Tick  55# +0.099 e0.017 d0.083 
05.94s BT Tick  12# +0.511 e0.500 d0.011 
Maneuver: Velocity Keeping
06.06s EX Tick  56# +0.122 e0.017 d0.105 
06.16s EX Tick  57# +0.100 e0.017 d0.083 
06.26s EX Tick  58# +0.101 e0.017 d0.084 
06.35s EX Tick  59# +0.095 e0.017 d0.078 
06.45s EX Tick  60# +0.098 e0.017 d0.081 
06.45s BT Tick  13# +0.515 e0.500 d0.015 
Maneuver: Velocity Keeping
06.57s EX Tick  61# +0.120 e0.017 d0.103 
06.67s EX Tick  62# +0.094 e0.017 d0.077 
06.76s EX Tick  63# +0.096 e0.017 d0.079 
06.86s EX Tick  64# +0.096 e0.017 d0.080 
06.98s EX Tick  65# +0.118 e0.017 d0.101 
06.98s BT Tick  14# +0.524 e0.500 d0.024 
Maneuver: Velocity Keeping
07.09s EX Tick  66# +0.112 e0.017 d0.096 
07.18s EX Tick  67# +0.094 e0.017 d0.077 
07.28s EX Tick  68# +0.096 e0.017 d0.079 
07.38s EX Tick  69# +0.104 e0.017 d0.087 
07.48s EX Tick  70# +0.095 e0.017 d0.078 
07.48s BT Tick  15# +0.501 e0.500 d0.001 
Maneuver: Velocity Keeping
07.60s EX Tick  71# +0.124 e0.017 d0.107 
07.70s EX Tick  72# +0.096 e0.017 d0.079 
07.79s EX Tick  73# +0.098 e0.017 d0.082 
07.89s EX Tick  74# +0.096 e0.017 d0.080 
07.99s EX Tick  75# +0.100 e0.017 d0.083 
07.99s BT Tick  16# +0.514 e0.500 d0.014 
Maneuver: Velocity Keeping
08.11s EX Tick  76# +0.118 e0.017 d0.102 
08.21s EX Tick  77# +0.105 e0.017 d0.088 
08.31s EX Tick  78# +0.100 e0.017 d0.083 
08.41s EX Tick  79# +0.099 e0.017 d0.082 
08.52s EX Tick  80# +0.104 e0.017 d0.087 
08.52s BT Tick  17# +0.525 e0.500 d0.025 
Maneuver: Velocity Keeping
08.63s EX Tick  81# +0.117 e0.017 d0.100 
08.75s EX Tick  82# +0.122 e0.017 d0.105 
08.85s EX Tick  83# +0.096 e0.017 d0.079 
08.95s EX Tick  84# +0.097 e0.017 d0.081 
09.05s EX Tick  85# +0.101 e0.017 d0.085 
09.05s BT Tick  18# +0.533 e0.500 d0.033 
Maneuver: Velocity Keeping
09.17s EX Tick  86# +0.119 e0.017 d0.103 
09.26s EX Tick  87# +0.094 e0.017 d0.078 
09.36s EX Tick  88# +0.101 e0.017 d0.084 
09.46s EX Tick  89# +0.101 e0.017 d0.085 
09.56s EX Tick  90# +0.095 e0.017 d0.079 
09.56s BT Tick  19# +0.511 e0.500 d0.011 
Maneuver: Velocity Keeping
09.68s EX Tick  91# +0.117 e0.017 d0.100 
09.77s EX Tick  92# +0.097 e0.017 d0.081 
09.88s EX Tick  93# +0.109 e0.017 d0.092 
09.98s EX Tick  94# +0.097 e0.017 d0.081 
10.07s EX Tick  95# +0.095 e0.017 d0.078 
10.07s BT Tick  20# +0.515 e0.500 d0.015 
Maneuver: Velocity Keeping
10.19s EX Tick  96# +0.118 e0.017 d0.102 
10.30s EX Tick  97# +0.102 e0.017 d0.086 
10.39s EX Tick  98# +0.099 e0.017 d0.083 
10.52s EX Tick  99# +0.124 e0.017 d0.107 
10.61s EX Tick 100# +0.095 e0.017 d0.078 
10.61s BT Tick  21# +0.539 e0.500 d0.039 
Maneuver: Velocity Keeping
10.73s EX Tick 101# +0.120 e0.017 d0.104 
10.83s EX Tick 102# +0.096 e0.017 d0.080 
10.93s EX Tick 103# +0.103 e0.017 d0.086 
11.04s EX Tick 104# +0.109 e0.017 d0.092 
11.14s EX Tick 105# +0.094 e0.017 d0.078 
11.14s BT Tick  22# +0.522 e0.500 d0.022 
Maneuver: Velocity Keeping
11.25s EX Tick 106# +0.117 e0.017 d0.100 
11.35s EX Tick 107# +0.099 e0.017 d0.083 
11.46s EX Tick 108# +0.111 e0.017 d0.094 
11.56s EX Tick 109# +0.095 e0.017 d0.078 
11.65s EX Tick 110# +0.097 e0.017 d0.081 
11.65s BT Tick  23# +0.519 e0.500 d0.019 
Maneuver: Velocity Keeping
11.77s EX Tick 111# +0.118 e0.017 d0.101 
11.87s EX Tick 112# +0.102 e0.017 d0.085 
11.97s EX Tick 113# +0.098 e0.017 d0.082 
12.07s EX Tick 114# +0.095 e0.017 d0.078 
12.17s EX Tick 115# +0.102 e0.017 d0.085 
12.17s BT Tick  24# +0.515 e0.500 d0.015 
Maneuver: Velocity Keeping
12.31s EX Tick 116# +0.144 e0.017 d0.128 
12.41s EX Tick 117# +0.093 e0.017 d0.077 
12.50s EX Tick 118# +0.095 e0.017 d0.079 
12.60s EX Tick 119# +0.094 e0.017 d0.078 
12.69s EX Tick 120# +0.094 e0.017 d0.078 
12.69s BT Tick  25# +0.522 e0.500 d0.022 
Maneuver: Velocity Keeping
12.81s EX Tick 121# +0.121 e0.017 d0.104 
12.91s EX Tick 122# +0.095 e0.017 d0.079 
13.01s EX Tick 123# +0.104 e0.017 d0.087 
13.11s EX Tick 124# +0.103 e0.017 d0.087 
13.21s EX Tick 125# +0.095 e0.017 d0.078 
13.21s BT Tick  26# +0.518 e0.500 d0.018 
Maneuver: Velocity Keeping
13.33s EX Tick 126# +0.121 e0.017 d0.104 
13.44s EX Tick 127# +0.106 e0.017 d0.089 
13.54s EX Tick 128# +0.106 e0.017 d0.089 
13.64s EX Tick 129# +0.102 e0.017 d0.085 
13.74s EX Tick 130# +0.096 e0.017 d0.079 
13.74s BT Tick  27# +0.530 e0.500 d0.030 
Maneuver: Velocity Keeping
13.86s EX Tick 131# +0.122 e0.017 d0.106 
13.96s EX Tick 132# +0.100 e0.017 d0.083 
14.07s EX Tick 133# +0.104 e0.017 d0.087 
14.19s EX Tick 134# +0.120 e0.017 d0.104 
14.28s EX Tick 135# +0.097 e0.017 d0.080 
14.28s BT Tick  28# +0.544 e0.500 d0.044 
Maneuver: Velocity Keeping
14.40s EX Tick 136# +0.116 e0.017 d0.100 
14.51s EX Tick 137# +0.108 e0.017 d0.091 
14.60s EX Tick 138# +0.096 e0.017 d0.079 
14.70s EX Tick 139# +0.095 e0.017 d0.078 
14.79s EX Tick 140# +0.097 e0.017 d0.080 
14.79s BT Tick  29# +0.511 e0.500 d0.011 
Maneuver: Velocity Keeping
14.91s EX Tick 141# +0.117 e0.017 d0.100 
15.01s EX Tick 142# +0.103 e0.017 d0.086 
15.11s EX Tick 143# +0.101 e0.017 d0.084 
15.22s EX Tick 144# +0.108 e0.017 d0.091 
15.32s EX Tick 145# +0.100 e0.017 d0.083 
15.32s BT Tick  30# +0.528 e0.500 d0.028 
Maneuver: Velocity Keeping
15.44s EX Tick 146# +0.116 e0.017 d0.099 
15.54s EX Tick 147# +0.100 e0.017 d0.083 
15.63s EX Tick 148# +0.097 e0.017 d0.081 
15.73s EX Tick 149# +0.101 e0.017 d0.084 
15.83s EX Tick 150# +0.098 e0.017 d0.081 
15.83s BT Tick  31# +0.511 e0.500 d0.011 
Maneuver: Velocity Keeping
15.97s EX Tick 151# +0.137 e0.017 d0.120 
16.07s EX Tick 152# +0.100 e0.017 d0.083 
16.17s EX Tick 153# +0.097 e0.017 d0.080 
16.27s EX Tick 154# +0.100 e0.017 d0.083 
16.38s EX Tick 155# +0.109 e0.017 d0.093 
16.38s BT Tick  32# +0.543 e0.500 d0.043 
Maneuver: Velocity Keeping
16.51s EX Tick 156# +0.134 e0.017 d0.117 
16.62s EX Tick 157# +0.108 e0.017 d0.091 
16.72s EX Tick 158# +0.101 e0.017 d0.084 
16.82s EX Tick 159# +0.101 e0.017 d0.084 
16.92s EX Tick 160# +0.103 e0.017 d0.086 
16.92s BT Tick  33# +0.546 e0.500 d0.046 
Maneuver: Velocity Keeping
17.04s EX Tick 161# +0.120 e0.017 d0.103 
17.14s EX Tick 162# +0.097 e0.017 d0.080 
17.24s EX Tick 163# +0.107 e0.017 d0.090 
17.34s EX Tick 164# +0.096 e0.017 d0.079 
17.44s EX Tick 165# +0.099 e0.017 d0.082 
17.44s BT Tick  34# +0.519 e0.500 d0.019 
Maneuver: Velocity Keeping
17.57s EX Tick 166# +0.134 e0.017 d0.117 
17.67s EX Tick 167# +0.096 e0.017 d0.079 
17.79s EX Tick 168# +0.119 e0.017 d0.102 
17.89s EX Tick 169# +0.104 e0.017 d0.088 
18.00s EX Tick 170# +0.109 e0.017 d0.092 
18.00s BT Tick  35# +0.562 e0.500 d0.062 
Maneuver: Velocity Keeping
18.12s EX Tick 171# +0.114 e0.017 d0.097 
18.22s EX Tick 172# +0.105 e0.017 d0.089 
18.32s EX Tick 173# +0.097 e0.017 d0.080 
18.41s EX Tick 174# +0.096 e0.017 d0.079 
18.52s EX Tick 175# +0.105 e0.017 d0.088 
18.52s BT Tick  36# +0.517 e0.500 d0.017 
Maneuver: Velocity Keeping
18.65s EX Tick 176# +0.129 e0.017 d0.113 
18.75s EX Tick 177# +0.105 e0.017 d0.088 
18.86s EX Tick 178# +0.109 e0.017 d0.092 
18.96s EX Tick 179# +0.098 e0.017 d0.081 
19.06s EX Tick 180# +0.097 e0.017 d0.080 
19.06s BT Tick  37# +0.538 e0.500 d0.038 
Maneuver: Velocity Keeping
19.18s EX Tick 181# +0.125 e0.017 d0.109 
19.29s EX Tick 182# +0.105 e0.017 d0.089 
19.38s EX Tick 183# +0.096 e0.017 d0.079 
19.49s EX Tick 184# +0.107 e0.017 d0.091 
19.62s EX Tick 185# +0.128 e0.017 d0.111 
19.62s BT Tick  38# +0.562 e0.500 d0.062 
Maneuver: Velocity Keeping
19.75s EX Tick 186# +0.132 e0.017 d0.115 
19.85s EX Tick 187# +0.101 e0.017 d0.085 
19.95s EX Tick 188# +0.103 e0.017 d0.087 
20.06s EX Tick 189# +0.110 e0.017 d0.093 
20.17s EX Tick 190# +0.106 e0.017 d0.089 
20.17s BT Tick  39# +0.552 e0.500 d0.052 
Maneuver: Velocity Keeping
20.30s EX Tick 191# +0.132 e0.017 d0.115 
20.41s EX Tick 192# +0.106 e0.017 d0.090 
20.52s EX Tick 193# +0.109 e0.017 d0.092 
20.61s EX Tick 194# +0.096 e0.017 d0.080 
20.71s EX Tick 195# +0.098 e0.017 d0.081 
20.71s BT Tick  40# +0.541 e0.500 d0.041 
Maneuver: Velocity Keeping
20.83s EX Tick 196# +0.124 e0.017 d0.107 
20.93s EX Tick 197# +0.097 e0.017 d0.080 
21.03s EX Tick 198# +0.101 e0.017 d0.084 
21.13s EX Tick 199# +0.100 e0.017 d0.083 
21.24s EX Tick 200# +0.106 e0.017 d0.089 
21.24s BT Tick  41# +0.527 e0.500 d0.027 
Maneuver: Velocity Keeping
21.36s EX Tick 201# +0.120 e0.017 d0.104 
21.47s EX Tick 202# +0.109 e0.017 d0.092 
21.60s EX Tick 203# +0.130 e0.017 d0.114 
21.70s EX Tick 204# +0.105 e0.017 d0.089 
21.80s EX Tick 205# +0.097 e0.017 d0.080 
21.80s BT Tick  42# +0.562 e0.500 d0.062 
Maneuver: Velocity Keeping
21.92s EX Tick 206# +0.118 e0.017 d0.101 
22.02s EX Tick 207# +0.106 e0.017 d0.090 
22.13s EX Tick 208# +0.106 e0.017 d0.090 
22.23s EX Tick 209# +0.099 e0.017 d0.082 
22.34s EX Tick 210# +0.107 e0.017 d0.090 
22.34s BT Tick  43# +0.537 e0.500 d0.037 
Maneuver: Velocity Keeping
22.46s EX Tick 211# +0.118 e0.017 d0.102 
22.56s EX Tick 212# +0.104 e0.017 d0.087 
22.66s EX Tick 213# +0.103 e0.017 d0.087 
22.76s EX Tick 214# +0.099 e0.017 d0.083 
22.87s EX Tick 215# +0.104 e0.017 d0.087 
22.87s BT Tick  44# +0.529 e0.500 d0.029 
Maneuver: Velocity Keeping
22.99s EX Tick 216# +0.125 e0.017 d0.108 
23.09s EX Tick 217# +0.103 e0.017 d0.086 
23.19s EX Tick 218# +0.100 e0.017 d0.084 
23.30s EX Tick 219# +0.105 e0.017 d0.088 
23.43s EX Tick 220# +0.128 e0.017 d0.112 
23.43s BT Tick  45# +0.561 e0.500 d0.061 
Maneuver: Velocity Keeping
23.55s EX Tick 221# +0.128 e0.017 d0.111 
23.65s EX Tick 222# +0.099 e0.017 d0.082 
23.75s EX Tick 223# +0.101 e0.017 d0.085 
23.86s EX Tick 224# +0.106 e0.017 d0.089 
23.97s EX Tick 225# +0.108 e0.017 d0.091 
23.97s BT Tick  46# +0.541 e0.500 d0.041 
Maneuver: Velocity Keeping
24.09s EX Tick 226# +0.121 e0.017 d0.104 
24.19s EX Tick 227# +0.100 e0.017 d0.083 
24.29s EX Tick 228# +0.100 e0.017 d0.083 
24.39s EX Tick 229# +0.098 e0.017 d0.081 
24.49s EX Tick 230# +0.107 e0.017 d0.090 
24.49s BT Tick  47# +0.525 e0.500 d0.025 
Maneuver: Velocity Keeping
24.63s EX Tick 231# +0.133 e0.017 d0.116 
24.73s EX Tick 232# +0.100 e0.017 d0.084 
24.83s EX Tick 233# +0.100 e0.017 d0.083 
24.93s EX Tick 234# +0.102 e0.017 d0.085 
25.04s EX Tick 235# +0.108 e0.017 d0.092 
25.04s BT Tick  48# +0.543 e0.500 d0.043 
Maneuver: Velocity Keeping
25.16s EX Tick 236# +0.123 e0.017 d0.106 
25.29s EX Tick 237# +0.128 e0.017 d0.111 
25.39s EX Tick 238# +0.107 e0.017 d0.090 
25.50s EX Tick 239# +0.108 e0.017 d0.091 
25.62s EX Tick 240# +0.117 e0.017 d0.100 
25.62s BT Tick  49# +0.582 e0.500 d0.082 
Maneuver: Velocity Keeping
25.75s EX Tick 241# +0.132 e0.017 d0.116 
25.86s EX Tick 242# +0.111 e0.017 d0.095 
25.96s EX Tick 243# +0.100 e0.017 d0.083 
26.06s EX Tick 244# +0.102 e0.017 d0.085 
26.17s EX Tick 245# +0.110 e0.017 d0.094 
26.17s BT Tick  50# +0.556 e0.500 d0.056 
Maneuver: Velocity Keeping
26.30s EX Tick 246# +0.130 e0.017 d0.114 
26.41s EX Tick 247# +0.108 e0.017 d0.092 
26.52s EX Tick 248# +0.110 e0.017 d0.093 
26.63s EX Tick 249# +0.107 e0.017 d0.090 
26.74s EX Tick 250# +0.115 e0.017 d0.099 
26.74s BT Tick  51# +0.571 e0.500 d0.071 
Maneuver: Velocity Keeping
26.87s EX Tick 251# +0.129 e0.017 d0.113 
26.99s EX Tick 252# +0.113 e0.017 d0.097 
27.09s EX Tick 253# +0.107 e0.017 d0.090 
27.21s EX Tick 254# +0.116 e0.017 d0.099 
27.34s EX Tick 255# +0.130 e0.017 d0.114 
27.34s BT Tick  52# +0.596 e0.500 d0.096 
Maneuver: Velocity Keeping
27.47s EX Tick 256# +0.127 e0.017 d0.111 
27.57s EX Tick 257# +0.104 e0.017 d0.088 
27.69s EX Tick 258# +0.114 e0.017 d0.097 
27.80s EX Tick 259# +0.112 e0.017 d0.095 
27.90s EX Tick 260# +0.108 e0.017 d0.091 
27.91s BT Tick  53# +0.565 e0.500 d0.065 
Maneuver: Velocity Keeping
28.02s EX Tick 261# +0.117 e0.017 d0.100 
28.12s EX Tick 262# +0.103 e0.017 d0.086 
28.23s EX Tick 263# +0.105 e0.017 d0.088 
28.33s EX Tick 264# +0.103 e0.017 d0.087 
28.44s EX Tick 265# +0.107 e0.017 d0.091 
28.44s BT Tick  54# +0.536 e0.500 d0.036 
Maneuver: Velocity Keeping
28.56s EX Tick 266# +0.115 e0.017 d0.099 
28.66s EX Tick 267# +0.108 e0.017 d0.091 
28.77s EX Tick 268# +0.105 e0.017 d0.088 
28.88s EX Tick 269# +0.109 e0.017 d0.092 
28.98s EX Tick 270# +0.108 e0.017 d0.091 
28.99s BT Tick  55# +0.544 e0.500 d0.044 
Maneuver: Velocity Keeping
29.11s EX Tick 271# +0.122 e0.017 d0.105 
29.23s EX Tick 272# +0.121 e0.017 d0.105 
29.33s EX Tick 273# +0.103 e0.017 d0.087 
29.43s EX Tick 274# +0.098 e0.017 d0.082 
29.53s EX Tick 275# +0.100 e0.017 d0.084 
29.53s BT Tick  56# +0.545 e0.500 d0.045 
Maneuver: Velocity Keeping
29.65s EX Tick 276# +0.123 e0.017 d0.106 
29.75s EX Tick 277# +0.101 e0.017 d0.084 
29.85s EX Tick 278# +0.097 e0.017 d0.080 
29.96s EX Tick 279# +0.111 e0.017 d0.094 
EX TIMEOUT: 30.1s
SIMULATION END
