ShM semaphore created
ShM memory created
SIMULATION START
00.00s BT Tick   1# START
00.00s MM Tick   1# START
Plan Maneuver, State 0.0
Maneuver: Velocity Keeping
total offset is 100.00 
total cost is 0.85
total offset is 75.25 
total cost is 0.74
total offset is 50.50 
total cost is 0.56
total offset is 54.06 
total cost is 0.59
total offset is 68.74 
total cost is 0.70
total offset is 100.00 
total cost is 0.76
total offset is 75.25 
total cost is 0.64
total offset is 50.50 
total cost is 0.47
total offset is 54.06 
total cost is 0.49
total offset is 68.74 
total cost is 0.60
total offset is 100.00 
total cost is 0.68
total offset is 75.25 
total cost is 0.56
total offset is 50.50 
total cost is 0.40
total offset is 54.06 
total cost is 0.42
total offset is 68.74 
total cost is 0.52
total offset is 100.00 
total cost is 0.61
total offset is 75.25 
total cost is 0.49
total offset is 50.50 
total cost is 0.35
total offset is 54.06 
total cost is 0.37
total offset is 68.74 
total cost is 0.46
total offset is 100.00 
total cost is 0.55
total offset is 75.25 
total cost is 0.44
total offset is 50.50 
total cost is 0.31
total offset is 54.06 
total cost is 0.33
total offset is 68.74 
total cost is 0.41
total offset is 100.00 
total cost is 0.50
total offset is 75.25 
total cost is 0.40
total offset is 50.50 
total cost is 0.27
total offset is 54.06 
total cost is 0.29
total offset is 68.74 
total cost is 0.36
total offset is 100.00 
total cost is 0.46
total offset is 75.25 
total cost is 0.36
total offset is 50.50 
total cost is 0.25
total offset is 54.06 
total cost is 0.26
total offset is 68.74 
total cost is 0.33
total offset is 100.00 
total cost is 0.43
total offset is 75.25 
total cost is 0.33
total offset is 50.50 
total cost is 0.23
total offset is 54.06 
total cost is 0.24
total offset is 68.74 
total cost is 0.30
02.05s BT Tick   2# +2.049 e2.000 d0.049 
02.05s MM Tick   2# +2.049 e2.000 d0.049 
Plan Maneuver, State 1.7995788335161802
Maneuver: Velocity Keeping
total offset is 79.95 
total cost is 0.76
total offset is 55.20 
total cost is 0.60
total offset is 30.45 
total cost is 0.36
total offset is 39.45 
total cost is 0.46
total offset is 58.25 
total cost is 0.62
total offset is 78.24 
total cost is 0.65
total offset is 53.49 
total cost is 0.49
total offset is 28.74 
total cost is 0.28
total offset is 38.68 
total cost is 0.37
total offset is 58.00 
total cost is 0.52
total offset is 76.48 
total cost is 0.56
total offset is 51.73 
total cost is 0.41
total offset is 26.98 
total cost is 0.22
total offset is 37.98 
total cost is 0.31
total offset is 57.83 
total cost is 0.45
total offset is 74.67 
total cost is 0.49
total offset is 49.92 
total cost is 0.34
total offset is 25.17 
total cost is 0.18
total offset is 37.37 
total cost is 0.26
total offset is 57.75 
total cost is 0.39
total offset is 72.81 
total cost is 0.43
total offset is 48.06 
total cost is 0.29
total offset is 23.31 
total cost is 0.14
total offset is 36.86 
total cost is 0.23
total offset is 57.76 
total cost is 0.35
total offset is 70.90 
total cost is 0.37
total offset is 46.15 
total cost is 0.25
total offset is 21.40 
total cost is 0.12
total offset is 36.48 
total cost is 0.20
total offset is 57.90 
total cost is 0.31
total offset is 68.94 
total cost is 0.33
total offset is 44.19 
total cost is 0.22
total offset is 19.44 
total cost is 0.10
total offset is 36.25 
total cost is 0.18
total offset is 58.15 
total cost is 0.28
total offset is 66.94 
total cost is 0.30
total offset is 42.19 
total cost is 0.19
total offset is 17.52 
total cost is 0.08
total offset is 36.18 
total cost is 0.16
total offset is 58.54 
total cost is 0.26
04.13s BT Tick   3# +2.076 e2.000 d0.076 
04.13s MM Tick   3# +2.076 e2.000 d0.076 
Plan Maneuver, State 10.563990094271515
Maneuver: Velocity Keeping
total offset is 53.67 
total cost is 0.59
total offset is 28.92 
total cost is 0.35
total offset is 4.17 
total cost is 0.05
total offset is 25.34 
total cost is 0.31
total offset is 49.43 
total cost is 0.55
total offset is 53.01 
total cost is 0.49
total offset is 28.26 
total cost is 0.28
total offset is 3.51 
total cost is 0.04
total offset is 25.56 
total cost is 0.25
total offset is 49.76 
total cost is 0.46
total offset is 52.41 
total cost is 0.41
total offset is 27.66 
total cost is 0.23
total offset is 2.92 
total cost is 0.02
total offset is 25.78 
total cost is 0.21
total offset is 50.08 
total cost is 0.39
total offset is 51.86 
total cost is 0.35
total offset is 27.11 
total cost is 0.19
total offset is 2.53 
total cost is 0.02
total offset is 26.00 
total cost is 0.18
total offset is 50.38 
total cost is 0.35
total offset is 51.36 
total cost is 0.31
total offset is 26.61 
total cost is 0.16
total offset is 2.34 
total cost is 0.01
total offset is 26.20 
total cost is 0.16
total offset is 50.66 
total cost is 0.31
total offset is 50.92 
total cost is 0.28
total offset is 26.17 
total cost is 0.14
total offset is 2.28 
total cost is 0.01
total offset is 26.39 
total cost is 0.15
total offset is 50.90 
total cost is 0.28
total offset is 50.53 
total cost is 0.25
total offset is 25.78 
total cost is 0.13
total offset is 2.27 
total cost is 0.01
total offset is 26.56 
total cost is 0.13
total offset is 51.11 
total cost is 0.25
total offset is 50.20 
total cost is 0.22
total offset is 25.45 
total cost is 0.12
total offset is 2.30 
total cost is 0.01
total offset is 26.70 
total cost is 0.12
total offset is 51.28 
total cost is 0.23
06.17s BT Tick   4# +2.044 e2.000 d0.044 
06.17s MM Tick   4# +2.044 e2.000 d0.044 
Plan Maneuver, State 24.212237838854577
Maneuver: Velocity Keeping
total offset is 48.83 
total cost is 0.54
total offset is 24.20 
total cost is 0.29
total offset is 1.12 
total cost is 0.01
total offset is 25.87 
total cost is 0.31
total offset is 50.62 
total cost is 0.56
total offset is 48.84 
total cost is 0.45
total offset is 24.22 
total cost is 0.24
total offset is 1.11 
total cost is 0.01
total offset is 25.86 
total cost is 0.25
total offset is 50.61 
total cost is 0.47
total offset is 48.88 
total cost is 0.39
total offset is 24.25 
total cost is 0.20
total offset is 1.08 
total cost is 0.01
total offset is 25.83 
total cost is 0.21
total offset is 50.58 
total cost is 0.40
total offset is 48.92 
total cost is 0.34
total offset is 24.30 
total cost is 0.17
total offset is 1.04 
total cost is 0.01
total offset is 25.79 
total cost is 0.18
total offset is 50.54 
total cost is 0.35
total offset is 48.99 
total cost is 0.30
total offset is 24.36 
total cost is 0.15
total offset is 0.98 
total cost is 0.01
total offset is 25.73 
total cost is 0.16
total offset is 50.48 
total cost is 0.31
total offset is 49.06 
total cost is 0.27
total offset is 24.44 
total cost is 0.13
total offset is 0.90 
total cost is 0.00
total offset is 25.65 
total cost is 0.14
total offset is 50.40 
total cost is 0.27
total offset is 49.16 
total cost is 0.24
total offset is 24.53 
total cost is 0.12
total offset is 0.81 
total cost is 0.00
total offset is 25.55 
total cost is 0.13
total offset is 50.30 
total cost is 0.25
total offset is 49.27 
total cost is 0.22
total offset is 24.63 
total cost is 0.11
total offset is 0.72 
total cost is 0.00
total offset is 25.45 
total cost is 0.12
total offset is 50.20 
total cost is 0.22
08.30s BT Tick   5# +2.127 e2.000 d0.127 
08.30s MM Tick   5# +2.127 e2.000 d0.127 
Plan Maneuver, State 40.501403721289556
Maneuver: Velocity Keeping
total offset is 49.42 
total cost is 0.55
total offset is 24.68 
total cost is 0.30
total offset is 0.17 
total cost is 0.00
total offset is 24.92 
total cost is 0.30
total offset is 49.67 
total cost is 0.55
total offset is 49.45 
total cost is 0.46
total offset is 24.71 
total cost is 0.24
total offset is 0.13 
total cost is 0.00
total offset is 24.88 
total cost is 0.24
total offset is 49.63 
total cost is 0.46
total offset is 49.48 
total cost is 0.39
total offset is 24.74 
total cost is 0.20
total offset is 0.12 
total cost is 0.00
total offset is 24.85 
total cost is 0.20
total offset is 49.60 
total cost is 0.39
total offset is 49.51 
total cost is 0.34
total offset is 24.77 
total cost is 0.18
total offset is 0.11 
total cost is 0.00
total offset is 24.81 
total cost is 0.18
total offset is 49.56 
total cost is 0.34
total offset is 49.54 
total cost is 0.30
total offset is 24.80 
total cost is 0.15
total offset is 0.12 
total cost is 0.00
total offset is 24.79 
total cost is 0.15
total offset is 49.54 
total cost is 0.30
total offset is 49.56 
total cost is 0.27
total offset is 24.82 
total cost is 0.14
total offset is 0.13 
total cost is 0.00
total offset is 24.76 
total cost is 0.14
total offset is 49.51 
total cost is 0.27
total offset is 49.58 
total cost is 0.24
total offset is 24.84 
total cost is 0.12
total offset is 0.14 
total cost is 0.00
total offset is 24.73 
total cost is 0.12
total offset is 49.48 
total cost is 0.24
total offset is 49.61 
total cost is 0.22
total offset is 24.86 
total cost is 0.11
total offset is 0.15 
total cost is 0.00
total offset is 24.71 
total cost is 0.11
total offset is 49.46 
total cost is 0.22
10.31s BT Tick   6# +2.014 e2.000 d0.014 
10.31s MM Tick   6# +2.014 e2.000 d0.014 
Plan Maneuver, State 56.34950321566556
Maneuver: Velocity Keeping
total offset is 49.62 
total cost is 0.55
total offset is 24.87 
total cost is 0.30
total offset is 0.12 
total cost is 0.00
total offset is 24.66 
total cost is 0.30
total offset is 49.41 
total cost is 0.55
total offset is 49.62 
total cost is 0.46
total offset is 24.87 
total cost is 0.24
total offset is 0.12 
total cost is 0.00
total offset is 24.66 
total cost is 0.24
total offset is 49.41 
total cost is 0.46
total offset is 49.61 
total cost is 0.39
total offset is 24.86 
total cost is 0.20
total offset is 0.11 
total cost is 0.00
total offset is 24.67 
total cost is 0.20
total offset is 49.41 
total cost is 0.39
total offset is 49.61 
total cost is 0.34
total offset is 24.86 
total cost is 0.18
total offset is 0.11 
total cost is 0.00
total offset is 24.67 
total cost is 0.17
total offset is 49.42 
total cost is 0.34
total offset is 49.60 
total cost is 0.30
total offset is 24.85 
total cost is 0.15
total offset is 0.10 
total cost is 0.00
total offset is 24.68 
total cost is 0.15
total offset is 49.42 
total cost is 0.30
total offset is 49.60 
total cost is 0.27
total offset is 24.85 
total cost is 0.14
total offset is 0.10 
total cost is 0.00
total offset is 24.69 
total cost is 0.14
total offset is 49.43 
total cost is 0.27
total offset is 49.59 
total cost is 0.24
total offset is 24.84 
total cost is 0.12
total offset is 0.09 
total cost is 0.00
total offset is 24.69 
total cost is 0.12
total offset is 49.44 
total cost is 0.24
total offset is 49.58 
total cost is 0.22
total offset is 24.83 
total cost is 0.11
total offset is 0.08 
total cost is 0.00
total offset is 24.70 
total cost is 0.11
total offset is 49.45 
total cost is 0.22
12.32s BT Tick   7# +2.014 e2.000 d0.014 
12.32s MM Tick   7# +2.014 e2.000 d0.014 
Plan Maneuver, State 72.16545974409944
Maneuver: Velocity Keeping
total offset is 49.53 
total cost is 0.55
total offset is 24.78 
total cost is 0.30
total offset is 0.03 
total cost is 0.00
total offset is 24.73 
total cost is 0.30
total offset is 49.48 
total cost is 0.55
total offset is 49.52 
total cost is 0.46
total offset is 24.77 
total cost is 0.24
total offset is 0.02 
total cost is 0.00
total offset is 24.73 
total cost is 0.24
total offset is 49.48 
total cost is 0.46
total offset is 49.52 
total cost is 0.39
total offset is 24.77 
total cost is 0.20
total offset is 0.02 
total cost is 0.00
total offset is 24.74 
total cost is 0.20
total offset is 49.49 
total cost is 0.39
total offset is 49.52 
total cost is 0.34
total offset is 24.77 
total cost is 0.18
total offset is 0.02 
total cost is 0.00
total offset is 24.74 
total cost is 0.17
total offset is 49.49 
total cost is 0.34
total offset is 49.51 
total cost is 0.30
total offset is 24.76 
total cost is 0.15
total offset is 0.02 
total cost is 0.00
total offset is 24.74 
total cost is 0.15
total offset is 49.49 
total cost is 0.30
total offset is 49.51 
total cost is 0.27
total offset is 24.76 
total cost is 0.14
total offset is 0.02 
total cost is 0.00
total offset is 24.75 
total cost is 0.14
total offset is 49.50 
total cost is 0.27
total offset is 49.51 
total cost is 0.24
total offset is 24.76 
total cost is 0.12
total offset is 0.02 
total cost is 0.00
total offset is 24.75 
total cost is 0.12
total offset is 49.50 
total cost is 0.24
total offset is 49.50 
total cost is 0.22
total offset is 24.75 
total cost is 0.11
total offset is 0.02 
total cost is 0.00
total offset is 24.75 
total cost is 0.11
total offset is 49.50 
total cost is 0.22
14.36s BT Tick   8# +2.037 e2.000 d0.037 
14.36s MM Tick   8# +2.037 e2.000 d0.037 
Plan Maneuver, State 88.07377663602972
Maneuver: Velocity Keeping
total offset is 49.49 
total cost is 0.55
total offset is 24.74 
total cost is 0.30
total offset is 0.01 
total cost is 0.00
total offset is 24.76 
total cost is 0.30
total offset is 49.51 
total cost is 0.55
total offset is 49.49 
total cost is 0.46
total offset is 24.74 
total cost is 0.24
total offset is 0.01 
total cost is 0.00
total offset is 24.76 
total cost is 0.24
total offset is 49.51 
total cost is 0.46
total offset is 49.49 
total cost is 0.39
total offset is 24.74 
total cost is 0.20
total offset is 0.01 
total cost is 0.00
total offset is 24.76 
total cost is 0.20
total offset is 49.51 
total cost is 0.39
total offset is 49.49 
total cost is 0.34
total offset is 24.74 
total cost is 0.17
total offset is 0.01 
total cost is 0.00
total offset is 24.76 
total cost is 0.18
total offset is 49.51 
total cost is 0.34
total offset is 49.49 
total cost is 0.30
total offset is 24.74 
total cost is 0.15
total offset is 0.01 
total cost is 0.00
total offset is 24.76 
total cost is 0.15
total offset is 49.51 
total cost is 0.30
total offset is 49.49 
total cost is 0.27
total offset is 24.74 
total cost is 0.14
total offset is 0.01 
total cost is 0.00
total offset is 24.76 
total cost is 0.14
total offset is 49.51 
total cost is 0.27
total offset is 49.49 
total cost is 0.24
total offset is 24.74 
total cost is 0.12
total offset is 0.01 
total cost is 0.00
total offset is 24.76 
total cost is 0.12
total offset is 49.51 
total cost is 0.24
total offset is 49.49 
total cost is 0.22
total offset is 24.74 
total cost is 0.11
total offset is 0.01 
total cost is 0.00
total offset is 24.76 
total cost is 0.11
total offset is 49.51 
total cost is 0.22
16.40s BT Tick   9# +2.038 e2.000 d0.038 
16.40s MM Tick   9# +2.038 e2.000 d0.038 
Plan Maneuver, State 103.94400733205092
Maneuver: Velocity Keeping
total offset is 49.50 
total cost is 0.55
total offset is 24.75 
total cost is 0.30
total offset is 0.00 
total cost is 0.00
total offset is 24.75 
total cost is 0.30
total offset is 49.50 
total cost is 0.55
total offset is 49.50 
total cost is 0.46
total offset is 24.75 
total cost is 0.24
total offset is 0.00 
total cost is 0.00
total offset is 24.75 
total cost is 0.24
total offset is 49.50 
total cost is 0.46
total offset is 49.50 
total cost is 0.39
total offset is 24.75 
total cost is 0.20
total offset is 0.00 
total cost is 0.00
total offset is 24.75 
total cost is 0.20
total offset is 49.50 
total cost is 0.39
total offset is 49.50 
total cost is 0.34
total offset is 24.75 
total cost is 0.17
total offset is 0.00 
total cost is 0.00
total offset is 24.75 
total cost is 0.17
total offset is 49.50 
total cost is 0.34
total offset is 49.50 
total cost is 0.30
total offset is 24.75 
total cost is 0.15
total offset is 0.00 
total cost is 0.00
total offset is 24.75 
total cost is 0.15
total offset is 49.50 
total cost is 0.30
total offset is 49.50 
total cost is 0.27
total offset is 24.75 
total cost is 0.14
total offset is 0.00 
total cost is 0.00
total offset is 24.75 
total cost is 0.14
total offset is 49.50 
total cost is 0.27
total offset is 49.50 
total cost is 0.24
total offset is 24.75 
total cost is 0.12
total offset is 0.00 
total cost is 0.00
total offset is 24.75 
total cost is 0.12
total offset is 49.50 
total cost is 0.24
total offset is 49.50 
total cost is 0.22
total offset is 24.75 
total cost is 0.11
total offset is 0.00 
total cost is 0.00
total offset is 24.75 
total cost is 0.11
total offset is 49.50 
total cost is 0.22
18.45s BT Tick  10# +2.048 e2.000 d0.048 
18.45s MM Tick  10# +2.048 e2.000 d0.048 
Plan Maneuver, State 119.8757654312024
Maneuver: Velocity Keeping
total offset is 49.50 
total cost is 0.55
total offset is 24.75 
total cost is 0.30
total offset is 0.00 
total cost is 0.00
total offset is 24.75 
total cost is 0.30
total offset is 49.50 
total cost is 0.55
total offset is 49.50 
total cost is 0.46
total offset is 24.75 
total cost is 0.24
total offset is 0.00 
total cost is 0.00
total offset is 24.75 
total cost is 0.24
total offset is 49.50 
total cost is 0.46
total offset is 49.50 
total cost is 0.39
total offset is 24.75 
total cost is 0.20
total offset is 0.00 
total cost is 0.00
total offset is 24.75 
total cost is 0.20
total offset is 49.50 
total cost is 0.39
total offset is 49.50 
total cost is 0.34
total offset is 24.75 
total cost is 0.17
total offset is 0.00 
total cost is 0.00
total offset is 24.75 
total cost is 0.17
total offset is 49.50 
total cost is 0.34
total offset is 49.50 
total cost is 0.30
total offset is 24.75 
total cost is 0.15
total offset is 0.00 
total cost is 0.00
total offset is 24.75 
total cost is 0.15
total offset is 49.50 
total cost is 0.30
total offset is 49.50 
total cost is 0.27
total offset is 24.75 
total cost is 0.14
total offset is 0.00 
total cost is 0.00
total offset is 24.75 
total cost is 0.14
total offset is 49.50 
total cost is 0.27
total offset is 49.50 
total cost is 0.24
total offset is 24.75 
total cost is 0.12
total offset is 0.00 
total cost is 0.00
total offset is 24.75 
total cost is 0.12
total offset is 49.50 
total cost is 0.24
total offset is 49.50 
total cost is 0.22
total offset is 24.75 
total cost is 0.11
total offset is 0.00 
total cost is 0.00
total offset is 24.75 
total cost is 0.11
total offset is 49.50 
total cost is 0.22
20.47s BT Tick  11# +2.018 e2.000 d0.018 
20.47s MM Tick  11# +2.018 e2.000 d0.018 
Plan Maneuver, State 135.57207629714256
Maneuver: Velocity Keeping
total offset is 49.50 
total cost is 0.55
total offset is 24.75 
total cost is 0.30
total offset is 0.00 
total cost is 0.00
total offset is 24.75 
total cost is 0.30
total offset is 49.50 
total cost is 0.55
total offset is 49.50 
total cost is 0.46
total offset is 24.75 
total cost is 0.24
total offset is 0.00 
total cost is 0.00
total offset is 24.75 
total cost is 0.24
total offset is 49.50 
total cost is 0.46
total offset is 49.50 
total cost is 0.39
total offset is 24.75 
total cost is 0.20
total offset is 0.00 
total cost is 0.00
total offset is 24.75 
total cost is 0.20
total offset is 49.50 
total cost is 0.39
total offset is 49.50 
total cost is 0.34
total offset is 24.75 
total cost is 0.17
total offset is 0.00 
total cost is 0.00
total offset is 24.75 
total cost is 0.17
total offset is 49.50 
total cost is 0.34
total offset is 49.50 
total cost is 0.30
total offset is 24.75 
total cost is 0.15
total offset is 0.00 
total cost is 0.00
total offset is 24.75 
total cost is 0.15
total offset is 49.50 
total cost is 0.30
total offset is 49.50 
total cost is 0.27
total offset is 24.75 
total cost is 0.14
total offset is 0.00 
total cost is 0.00
total offset is 24.75 
total cost is 0.14
total offset is 49.50 
total cost is 0.27
total offset is 49.50 
total cost is 0.24
total offset is 24.75 
total cost is 0.12
total offset is 0.00 
total cost is 0.00
total offset is 24.75 
total cost is 0.12
total offset is 49.50 
total cost is 0.24
total offset is 49.50 
total cost is 0.22
total offset is 24.75 
total cost is 0.11
total offset is 0.00 
total cost is 0.00
total offset is 24.75 
total cost is 0.11
total offset is 49.50 
total cost is 0.22
22.48s BT Tick  12# +2.014 e2.000 d0.014 
22.48s MM Tick  12# +2.014 e2.000 d0.014 
Plan Maneuver, State 151.23321426644927
Maneuver: Velocity Keeping
total offset is 49.50 
total cost is 0.55
total offset is 24.75 
total cost is 0.30
total offset is 0.00 
total cost is 0.00
total offset is 24.75 
total cost is 0.30
total offset is 49.50 
total cost is 0.55
total offset is 49.50 
total cost is 0.46
total offset is 24.75 
total cost is 0.24
total offset is 0.00 
total cost is 0.00
total offset is 24.75 
total cost is 0.24
total offset is 49.50 
total cost is 0.46
total offset is 49.50 
total cost is 0.39
total offset is 24.75 
total cost is 0.20
total offset is 0.00 
total cost is 0.00
total offset is 24.75 
total cost is 0.20
total offset is 49.50 
total cost is 0.39
total offset is 49.50 
total cost is 0.34
total offset is 24.75 
total cost is 0.17
total offset is 0.00 
total cost is 0.00
total offset is 24.75 
total cost is 0.17
total offset is 49.50 
total cost is 0.34
total offset is 49.50 
total cost is 0.30
total offset is 24.75 
total cost is 0.15
total offset is 0.00 
total cost is 0.00
total offset is 24.75 
total cost is 0.15
total offset is 49.50 
total cost is 0.30
total offset is 49.50 
total cost is 0.27
total offset is 24.75 
total cost is 0.14
total offset is 0.00 
total cost is 0.00
total offset is 24.75 
total cost is 0.14
total offset is 49.50 
total cost is 0.27
total offset is 49.50 
total cost is 0.24
total offset is 24.75 
total cost is 0.12
total offset is 0.00 
total cost is 0.00
total offset is 24.75 
total cost is 0.12
total offset is 49.50 
total cost is 0.24
total offset is 49.50 
total cost is 0.22
total offset is 24.75 
total cost is 0.11
total offset is 0.00 
total cost is 0.00
total offset is 24.75 
total cost is 0.11
total offset is 49.50 
total cost is 0.22
24.54s BT Tick  13# +2.061 e2.000 d0.061 
24.54s MM Tick  13# +2.061 e2.000 d0.061 
Plan Maneuver, State 167.26254608301392
Maneuver: Velocity Keeping
total offset is 49.50 
total cost is 0.55
total offset is 24.75 
total cost is 0.30
total offset is 0.00 
total cost is 0.00
total offset is 24.75 
total cost is 0.30
total offset is 49.50 
total cost is 0.55
total offset is 49.50 
total cost is 0.46
total offset is 24.75 
total cost is 0.24
total offset is 0.00 
total cost is 0.00
total offset is 24.75 
total cost is 0.24
total offset is 49.50 
total cost is 0.46
total offset is 49.50 
total cost is 0.39
total offset is 24.75 
total cost is 0.20
total offset is 0.00 
total cost is 0.00
total offset is 24.75 
total cost is 0.20
total offset is 49.50 
total cost is 0.39
total offset is 49.50 
total cost is 0.34
total offset is 24.75 
total cost is 0.17
total offset is 0.00 
total cost is 0.00
total offset is 24.75 
total cost is 0.17
total offset is 49.50 
total cost is 0.34
total offset is 49.50 
total cost is 0.30
total offset is 24.75 
total cost is 0.15
total offset is 0.00 
total cost is 0.00
total offset is 24.75 
total cost is 0.15
total offset is 49.50 
total cost is 0.30
total offset is 49.50 
total cost is 0.27
total offset is 24.75 
total cost is 0.14
total offset is 0.00 
total cost is 0.00
total offset is 24.75 
total cost is 0.14
total offset is 49.50 
total cost is 0.27
total offset is 49.50 
total cost is 0.24
total offset is 24.75 
total cost is 0.12
total offset is 0.00 
total cost is 0.00
total offset is 24.75 
total cost is 0.12
total offset is 49.50 
total cost is 0.24
total offset is 49.50 
total cost is 0.22
total offset is 24.75 
total cost is 0.11
total offset is 0.00 
total cost is 0.00
total offset is 24.75 
total cost is 0.11
total offset is 49.50 
total cost is 0.22
26.59s BT Tick  14# +2.044 e2.000 d0.044 
26.59s MM Tick  14# +2.044 e2.000 d0.044 
Plan Maneuver, State 183.15878190664148
Maneuver: Velocity Keeping
total offset is 49.50 
total cost is 0.55
total offset is 24.75 
total cost is 0.30
total offset is 0.00 
total cost is 0.00
total offset is 24.75 
total cost is 0.30
total offset is 49.50 
total cost is 0.55
total offset is 49.50 
total cost is 0.46
total offset is 24.75 
total cost is 0.24
total offset is 0.00 
total cost is 0.00
total offset is 24.75 
total cost is 0.24
total offset is 49.50 
total cost is 0.46
total offset is 49.50 
total cost is 0.39
total offset is 24.75 
total cost is 0.20
total offset is 0.00 
total cost is 0.00
total offset is 24.75 
total cost is 0.20
total offset is 49.50 
total cost is 0.39
total offset is 49.50 
total cost is 0.34
total offset is 24.75 
total cost is 0.17
total offset is 0.00 
total cost is 0.00
total offset is 24.75 
total cost is 0.17
total offset is 49.50 
total cost is 0.34
total offset is 49.50 
total cost is 0.30
total offset is 24.75 
total cost is 0.15
total offset is 0.00 
total cost is 0.00
total offset is 24.75 
total cost is 0.15
total offset is 49.50 
total cost is 0.30
total offset is 49.50 
total cost is 0.27
total offset is 24.75 
total cost is 0.14
total offset is 0.00 
total cost is 0.00
total offset is 24.75 
total cost is 0.14
total offset is 49.50 
total cost is 0.27
total offset is 49.50 
total cost is 0.24
total offset is 24.75 
total cost is 0.12
total offset is 0.00 
total cost is 0.00
total offset is 24.75 
total cost is 0.12
total offset is 49.50 
total cost is 0.24
total offset is 49.50 
total cost is 0.22
total offset is 24.75 
total cost is 0.11
total offset is 0.00 
total cost is 0.00
total offset is 24.75 
total cost is 0.11
total offset is 49.50 
total cost is 0.22
28.64s BT Tick  15# +2.055 e2.000 d0.055 
28.64s MM Tick  15# +2.055 e2.000 d0.055 
Plan Maneuver, State 199.14571448916436
Maneuver: Velocity Keeping
total offset is 49.50 
total cost is 0.55
total offset is 24.75 
total cost is 0.30
total offset is 0.00 
total cost is 0.00
total offset is 24.75 
total cost is 0.30
total offset is 49.50 
total cost is 0.55
total offset is 49.50 
total cost is 0.46
total offset is 24.75 
total cost is 0.24
total offset is 0.00 
total cost is 0.00
total offset is 24.75 
total cost is 0.24
total offset is 49.50 
total cost is 0.46
total offset is 49.50 
total cost is 0.39
total offset is 24.75 
total cost is 0.20
total offset is 0.00 
total cost is 0.00
total offset is 24.75 
total cost is 0.20
total offset is 49.50 
total cost is 0.39
total offset is 49.50 
total cost is 0.34
total offset is 24.75 
total cost is 0.17
total offset is 0.00 
total cost is 0.00
total offset is 24.75 
total cost is 0.17
total offset is 49.50 
total cost is 0.34
total offset is 49.50 
total cost is 0.30
total offset is 24.75 
total cost is 0.15
total offset is 0.00 
total cost is 0.00
total offset is 24.75 
total cost is 0.15
total offset is 49.50 
total cost is 0.30
total offset is 49.50 
total cost is 0.27
total offset is 24.75 
total cost is 0.14
total offset is 0.00 
total cost is 0.00
total offset is 24.75 
total cost is 0.14
total offset is 49.50 
total cost is 0.27
total offset is 49.50 
total cost is 0.24
total offset is 24.75 
total cost is 0.12
total offset is 0.00 
total cost is 0.00
total offset is 24.75 
total cost is 0.12
total offset is 49.50 
total cost is 0.24
total offset is 49.50 
total cost is 0.22
total offset is 24.75 
total cost is 0.11
total offset is 0.00 
total cost is 0.00
total offset is 24.75 
total cost is 0.11
total offset is 49.50 
total cost is 0.22
SIMULATION END
