PLANNER THREAD START
00.00s PT Tick   1# START
ShM semaphore created
ShM memory created
SIMULATION START
00.00s EX Tick   1# START
00.23s EX Tick   2# +0.234 e0.033 d0.201 
00.31s EX Tick   3# +0.071 e0.033 d0.038 
00.51s PT Tick   2# +0.510 e0.500 d0.010 
Maneuver: Velocity Keeping
00.38s EX Tick   4# +0.078 e0.033 d0.044 
00.50s EX Tick   5# +0.114 e0.033 d0.080 
00.61s EX Tick   6# +0.111 e0.033 d0.078 
00.73s EX Tick   7# +0.119 e0.033 d0.086 
01.01s PT Tick   3# +0.504 e0.500 d0.004 
Maneuver: Velocity Keeping
00.85s EX Tick   8# +0.119 e0.033 d0.086 
00.95s EX Tick   9# +0.108 e0.033 d0.074 
01.06s EX Tick  10# +0.104 e0.033 d0.070 
01.16s EX Tick  11# +0.105 e0.033 d0.072 
01.27s EX Tick  12# +0.104 e0.033 d0.070 
01.54s PT Tick   4# +0.528 e0.500 d0.028 
Maneuver: Velocity Keeping
01.39s EX Tick  13# +0.123 e0.033 d0.090 
01.51s EX Tick  14# +0.122 e0.033 d0.089 
01.62s EX Tick  15# +0.103 e0.033 d0.070 
01.71s EX Tick  16# +0.098 e0.033 d0.065 
01.81s EX Tick  17# +0.101 e0.033 d0.068 
02.05s PT Tick   5# +0.505 e0.500 d0.005 
Maneuver: Velocity Keeping
01.94s EX Tick  18# +0.121 e0.033 d0.088 
02.04s EX Tick  19# +0.101 e0.033 d0.068 
02.14s EX Tick  20# +0.106 e0.033 d0.072 
02.25s EX Tick  21# +0.107 e0.033 d0.074 
02.36s EX Tick  22# +0.108 e0.033 d0.074 
02.56s PT Tick   6# +0.510 e0.500 d0.010 
Maneuver: Velocity Keeping
02.49s EX Tick  23# +0.129 e0.033 d0.096 
02.59s EX Tick  24# +0.105 e0.033 d0.072 
02.70s EX Tick  25# +0.105 e0.033 d0.071 
02.80s EX Tick  26# +0.105 e0.033 d0.072 
03.06s PT Tick   7# +0.506 e0.500 d0.006 
Maneuver: Velocity Keeping
02.92s EX Tick  27# +0.121 e0.033 d0.088 
03.03s EX Tick  28# +0.108 e0.033 d0.074 
03.14s EX Tick  29# +0.106 e0.033 d0.072 
03.24s EX Tick  30# +0.103 e0.033 d0.070 
03.37s EX Tick  31# +0.135 e0.033 d0.102 
03.57s PT Tick   8# +0.507 e0.500 d0.007 
Maneuver: Velocity Keeping
03.50s EX Tick  32# +0.125 e0.033 d0.092 
03.60s EX Tick  33# +0.105 e0.033 d0.071 
03.71s EX Tick  34# +0.105 e0.033 d0.072 
03.81s EX Tick  35# +0.104 e0.033 d0.071 
04.07s PT Tick   9# +0.504 e0.500 d0.004 
Maneuver: Velocity Keeping
03.94s EX Tick  36# +0.121 e0.033 d0.088 
04.04s EX Tick  37# +0.108 e0.033 d0.074 
04.15s EX Tick  38# +0.108 e0.033 d0.074 
04.26s EX Tick  39# +0.105 e0.033 d0.072 
04.37s EX Tick  40# +0.110 e0.033 d0.077 
04.58s PT Tick  10# +0.505 e0.500 d0.005 
Maneuver: Velocity Keeping
04.49s EX Tick  41# +0.125 e0.033 d0.091 
04.59s EX Tick  42# +0.104 e0.033 d0.071 
04.70s EX Tick  43# +0.107 e0.033 d0.073 
04.81s EX Tick  44# +0.105 e0.033 d0.072 
05.09s PT Tick  11# +0.508 e0.500 d0.008 
Maneuver: Velocity Keeping
04.93s EX Tick  45# +0.119 e0.033 d0.086 
05.04s EX Tick  46# +0.113 e0.033 d0.080 
05.15s EX Tick  47# +0.107 e0.033 d0.074 
05.28s EX Tick  48# +0.138 e0.033 d0.105 
05.39s EX Tick  49# +0.109 e0.033 d0.076 
05.59s PT Tick  12# +0.505 e0.500 d0.005 
Maneuver: Velocity Keeping
05.52s EX Tick  50# +0.128 e0.033 d0.094 
05.64s EX Tick  51# +0.122 e0.033 d0.089 
05.75s EX Tick  52# +0.109 e0.033 d0.076 
05.86s EX Tick  53# +0.109 e0.033 d0.075 
06.10s PT Tick  13# +0.507 e0.500 d0.007 
Maneuver: Velocity Keeping
05.99s EX Tick  54# +0.133 e0.033 d0.100 
06.10s EX Tick  55# +0.109 e0.033 d0.076 
06.21s EX Tick  56# +0.109 e0.033 d0.076 
06.32s EX Tick  57# +0.109 e0.033 d0.075 
06.60s PT Tick  14# +0.505 e0.500 d0.005 
Maneuver: Velocity Keeping
06.44s EX Tick  58# +0.118 e0.033 d0.085 
06.55s EX Tick  59# +0.114 e0.033 d0.080 
06.66s EX Tick  60# +0.110 e0.033 d0.076 
06.77s EX Tick  61# +0.108 e0.033 d0.075 
06.88s EX Tick  62# +0.107 e0.033 d0.074 
07.14s PT Tick  15# +0.537 e0.500 d0.037 
Maneuver: Velocity Keeping
07.01s EX Tick  63# +0.132 e0.033 d0.098 
07.12s EX Tick  64# +0.114 e0.033 d0.081 
07.27s EX Tick  65# +0.150 e0.033 d0.116 
07.39s EX Tick  66# +0.112 e0.033 d0.079 
07.65s PT Tick  16# +0.503 e0.500 d0.003 
Maneuver: Velocity Keeping
07.52s EX Tick  67# +0.138 e0.033 d0.104 
07.64s EX Tick  68# +0.120 e0.033 d0.087 
07.77s EX Tick  69# +0.123 e0.033 d0.090 
07.89s EX Tick  70# +0.122 e0.033 d0.088 
08.16s PT Tick  17# +0.512 e0.500 d0.012 
Maneuver: Velocity Keeping
08.02s EX Tick  71# +0.137 e0.033 d0.104 
08.13s EX Tick  72# +0.110 e0.033 d0.076 
08.25s EX Tick  73# +0.114 e0.033 d0.080 
08.36s EX Tick  74# +0.109 e0.033 d0.076 
08.47s EX Tick  75# +0.117 e0.033 d0.084 
08.67s PT Tick  18# +0.508 e0.500 d0.008 
Maneuver: Velocity Keeping
08.61s EX Tick  76# +0.136 e0.033 d0.103 
08.73s EX Tick  77# +0.117 e0.033 d0.083 
08.84s EX Tick  78# +0.114 e0.033 d0.081 
08.96s EX Tick  79# +0.116 e0.033 d0.082 
09.17s PT Tick  19# +0.506 e0.500 d0.006 
Maneuver: Velocity Keeping
09.10s EX Tick  80# +0.142 e0.033 d0.108 
09.22s EX Tick  81# +0.116 e0.033 d0.083 
09.36s EX Tick  82# +0.144 e0.033 d0.110 
09.47s EX Tick  83# +0.109 e0.033 d0.076 
09.68s PT Tick  20# +0.505 e0.500 d0.005 
Maneuver: Velocity Keeping
09.61s EX Tick  84# +0.137 e0.033 d0.104 
09.72s EX Tick  85# +0.119 e0.033 d0.086 
09.84s EX Tick  86# +0.115 e0.033 d0.082 
09.96s EX Tick  87# +0.116 e0.033 d0.083 
10.19s PT Tick  21# +0.515 e0.500 d0.015 
Maneuver: Velocity Keeping
EX TIMEOUT: 10.1s
SIMULATION END
PLANNER THREAD START
00.00s PT Tick   1# START
ShM semaphore created
ShM memory created
SIMULATION START
00.00s EX Tick   1# START
00.24s EX Tick   2# +0.243 e0.017 d0.226 
00.32s EX Tick   3# +0.074 e0.017 d0.058 
00.50s PT Tick   2# +0.505 e0.500 d0.005 
Maneuver: Velocity Keeping
00.40s EX Tick   4# +0.084 e0.017 d0.068 
00.52s EX Tick   5# +0.120 e0.017 d0.103 
00.63s EX Tick   6# +0.112 e0.017 d0.095 
00.75s EX Tick   7# +0.120 e0.017 d0.104 
01.01s PT Tick   3# +0.505 e0.500 d0.005 
Maneuver: Velocity Keeping
00.90s EX Tick   8# +0.141 e0.017 d0.124 
01.01s EX Tick   9# +0.110 e0.017 d0.094 
01.12s EX Tick  10# +0.112 e0.017 d0.095 
01.22s EX Tick  11# +0.106 e0.017 d0.090 
01.34s EX Tick  12# +0.112 e0.017 d0.095 
01.52s PT Tick   4# +0.512 e0.500 d0.012 
Maneuver: Velocity Keeping
01.46s EX Tick  13# +0.124 e0.017 d0.108 
01.59s EX Tick  14# +0.126 e0.017 d0.110 
01.69s EX Tick  15# +0.105 e0.017 d0.088 
01.80s EX Tick  16# +0.107 e0.017 d0.091 
02.03s PT Tick   5# +0.508 e0.500 d0.008 
Maneuver: Velocity Keeping
01.93s EX Tick  17# +0.128 e0.017 d0.112 
02.03s EX Tick  18# +0.108 e0.017 d0.091 
02.14s EX Tick  19# +0.110 e0.017 d0.093 
02.26s EX Tick  20# +0.111 e0.017 d0.094 
02.53s PT Tick   6# +0.504 e0.500 d0.004 
Maneuver: Velocity Keeping
02.37s EX Tick  21# +0.115 e0.017 d0.098 
02.49s EX Tick  22# +0.119 e0.017 d0.102 
02.59s EX Tick  23# +0.105 e0.017 d0.089 
02.71s EX Tick  24# +0.112 e0.017 d0.095 
02.82s EX Tick  25# +0.116 e0.017 d0.100 
03.05s PT Tick   7# +0.513 e0.500 d0.013 
Maneuver: Velocity Keeping
02.97s EX Tick  26# +0.150 e0.017 d0.133 
03.08s EX Tick  27# +0.111 e0.017 d0.095 
03.19s EX Tick  28# +0.107 e0.017 d0.091 
03.30s EX Tick  29# +0.113 e0.017 d0.097 
03.55s PT Tick   8# +0.507 e0.500 d0.007 
Maneuver: Velocity Keeping
03.44s EX Tick  30# +0.132 e0.017 d0.115 
03.58s EX Tick  31# +0.143 e0.017 d0.126 
03.69s EX Tick  32# +0.110 e0.017 d0.094 
03.80s EX Tick  33# +0.107 e0.017 d0.091 
04.06s PT Tick   9# +0.510 e0.500 d0.010 
Maneuver: Velocity Keeping
03.93s EX Tick  34# +0.132 e0.017 d0.115 
04.04s EX Tick  35# +0.107 e0.017 d0.090 
04.14s EX Tick  36# +0.109 e0.017 d0.092 
04.26s EX Tick  37# +0.120 e0.017 d0.103 
04.37s EX Tick  38# +0.110 e0.017 d0.094 
04.57s PT Tick  10# +0.502 e0.500 d0.002 
Maneuver: Velocity Keeping
04.50s EX Tick  39# +0.129 e0.017 d0.113 
04.62s EX Tick  40# +0.117 e0.017 d0.100 
04.73s EX Tick  41# +0.113 e0.017 d0.096 
04.85s EX Tick  42# +0.113 e0.017 d0.096 
05.08s PT Tick  11# +0.514 e0.500 d0.014 
Maneuver: Velocity Keeping
04.99s EX Tick  43# +0.140 e0.017 d0.123 
05.10s EX Tick  44# +0.114 e0.017 d0.097 
05.21s EX Tick  45# +0.114 e0.017 d0.097 
05.33s EX Tick  46# +0.113 e0.017 d0.096 
05.60s PT Tick  12# +0.523 e0.500 d0.023 
Maneuver: Velocity Keeping
05.47s EX Tick  47# +0.145 e0.017 d0.128 
05.61s EX Tick  48# +0.139 e0.017 d0.123 
05.73s EX Tick  49# +0.119 e0.017 d0.102 
05.85s EX Tick  50# +0.118 e0.017 d0.101 
06.12s PT Tick  13# +0.511 e0.500 d0.011 
Maneuver: Velocity Keeping
05.98s EX Tick  51# +0.134 e0.017 d0.117 
06.10s EX Tick  52# +0.118 e0.017 d0.101 
06.21s EX Tick  53# +0.112 e0.017 d0.095 
06.33s EX Tick  54# +0.116 e0.017 d0.099 
06.44s EX Tick  55# +0.114 e0.017 d0.097 
06.62s PT Tick  14# +0.504 e0.500 d0.004 
Maneuver: Velocity Keeping
06.57s EX Tick  56# +0.134 e0.017 d0.118 
06.69s EX Tick  57# +0.114 e0.017 d0.098 
06.80s EX Tick  58# +0.113 e0.017 d0.096 
06.91s EX Tick  59# +0.113 e0.017 d0.097 
07.13s PT Tick  15# +0.512 e0.500 d0.012 
Maneuver: Velocity Keeping
07.05s EX Tick  60# +0.135 e0.017 d0.119 
07.16s EX Tick  61# +0.114 e0.017 d0.097 
07.28s EX Tick  62# +0.119 e0.017 d0.103 
07.40s EX Tick  63# +0.117 e0.017 d0.100 
07.65s PT Tick  16# +0.516 e0.500 d0.016 
Maneuver: Velocity Keeping
07.54s EX Tick  64# +0.135 e0.017 d0.119 
07.68s EX Tick  65# +0.146 e0.017 d0.130 
07.80s EX Tick  66# +0.115 e0.017 d0.098 
07.92s EX Tick  67# +0.119 e0.017 d0.103 
08.16s PT Tick  17# +0.517 e0.500 d0.017 
Maneuver: Velocity Keeping
08.05s EX Tick  68# +0.134 e0.017 d0.117 
08.16s EX Tick  69# +0.113 e0.017 d0.097 
08.28s EX Tick  70# +0.117 e0.017 d0.100 
08.40s EX Tick  71# +0.117 e0.017 d0.100 
08.67s PT Tick  18# +0.505 e0.500 d0.005 
Maneuver: Velocity Keeping
08.53s EX Tick  72# +0.135 e0.017 d0.118 
08.65s EX Tick  73# +0.116 e0.017 d0.099 
08.77s EX Tick  74# +0.118 e0.017 d0.102 
08.89s EX Tick  75# +0.122 e0.017 d0.105 
09.17s PT Tick  19# +0.505 e0.500 d0.005 
Maneuver: Velocity Keeping
09.01s EX Tick  76# +0.122 e0.017 d0.105 
09.14s EX Tick  77# +0.125 e0.017 d0.109 
09.25s EX Tick  78# +0.118 e0.017 d0.102 
09.37s EX Tick  79# +0.116 e0.017 d0.099 
09.49s EX Tick  80# +0.120 e0.017 d0.103 
09.71s PT Tick  20# +0.537 e0.500 d0.037 
Maneuver: Velocity Keeping
09.63s EX Tick  81# +0.138 e0.017 d0.122 
09.77s EX Tick  82# +0.146 e0.017 d0.129 
09.89s EX Tick  83# +0.113 e0.017 d0.096 
10.00s EX Tick  84# +0.117 e0.017 d0.100 
10.23s PT Tick  21# +0.519 e0.500 d0.019 
Maneuver: Velocity Keeping
10.14s EX Tick  85# +0.138 e0.017 d0.121 
10.26s EX Tick  86# +0.119 e0.017 d0.102 
10.38s EX Tick  87# +0.123 e0.017 d0.107 
10.50s EX Tick  88# +0.120 e0.017 d0.103 
10.73s PT Tick  22# +0.504 e0.500 d0.004 
Maneuver: Velocity Keeping
10.64s EX Tick  89# +0.138 e0.017 d0.122 
10.76s EX Tick  90# +0.118 e0.017 d0.101 
10.87s EX Tick  91# +0.113 e0.017 d0.096 
10.99s EX Tick  92# +0.119 e0.017 d0.102 
11.25s PT Tick  23# +0.519 e0.500 d0.019 
Maneuver: Velocity Keeping
11.13s EX Tick  93# +0.141 e0.017 d0.124 
11.25s EX Tick  94# +0.115 e0.017 d0.098 
11.37s EX Tick  95# +0.119 e0.017 d0.103 
11.49s EX Tick  96# +0.121 e0.017 d0.104 
11.76s PT Tick  24# +0.505 e0.500 d0.005 
Maneuver: Velocity Keeping
11.63s EX Tick  97# +0.138 e0.017 d0.121 
11.74s EX Tick  98# +0.119 e0.017 d0.103 
11.87s EX Tick  99# +0.123 e0.017 d0.106 
12.02s EX Tick 100# +0.150 e0.017 d0.134 
12.26s PT Tick  25# +0.506 e0.500 d0.006 
Maneuver: Velocity Keeping
12.15s EX Tick 101# +0.130 e0.017 d0.114 
12.26s EX Tick 102# +0.115 e0.017 d0.098 
12.39s EX Tick 103# +0.122 e0.017 d0.106 
12.50s EX Tick 104# +0.115 e0.017 d0.098 
12.77s PT Tick  26# +0.509 e0.500 d0.009 
Maneuver: Velocity Keeping
12.64s EX Tick 105# +0.139 e0.017 d0.122 
12.76s EX Tick 106# +0.117 e0.017 d0.100 
12.87s EX Tick 107# +0.119 e0.017 d0.102 
13.00s EX Tick 108# +0.124 e0.017 d0.107 
13.28s PT Tick  27# +0.507 e0.500 d0.007 
Maneuver: Velocity Keeping
13.12s EX Tick 109# +0.127 e0.017 d0.110 
13.25s EX Tick 110# +0.127 e0.017 d0.111 
13.37s EX Tick 111# +0.123 e0.017 d0.106 
13.50s EX Tick 112# +0.127 e0.017 d0.110 
13.79s PT Tick  28# +0.505 e0.500 d0.005 
Maneuver: Velocity Keeping
13.64s EX Tick 113# +0.138 e0.017 d0.121 
13.76s EX Tick 114# +0.118 e0.017 d0.101 
13.88s EX Tick 115# +0.120 e0.017 d0.103 
14.00s EX Tick 116# +0.122 e0.017 d0.105 
14.30s PT Tick  29# +0.513 e0.500 d0.013 
Maneuver: Velocity Keeping
14.17s EX Tick 117# +0.167 e0.017 d0.150 
14.28s EX Tick 118# +0.114 e0.017 d0.098 
14.40s EX Tick 119# +0.119 e0.017 d0.102 
14.52s EX Tick 120# +0.124 e0.017 d0.107 
14.81s PT Tick  30# +0.508 e0.500 d0.008 
Maneuver: Velocity Keeping
14.66s EX Tick 121# +0.138 e0.017 d0.121 
14.78s EX Tick 122# +0.119 e0.017 d0.103 
14.91s EX Tick 123# +0.125 e0.017 d0.109 
15.02s EX Tick 124# +0.118 e0.017 d0.101 
15.31s PT Tick  31# +0.505 e0.500 d0.005 
Maneuver: Velocity Keeping
15.16s EX Tick 125# +0.133 e0.017 d0.116 
15.28s EX Tick 126# +0.127 e0.017 d0.110 
15.41s EX Tick 127# +0.122 e0.017 d0.105 
15.53s EX Tick 128# +0.122 e0.017 d0.105 
15.82s PT Tick  32# +0.508 e0.500 d0.008 
Maneuver: Velocity Keeping
15.68s EX Tick 129# +0.157 e0.017 d0.140 
15.81s EX Tick 130# +0.124 e0.017 d0.107 
15.93s EX Tick 131# +0.123 e0.017 d0.106 
16.05s EX Tick 132# +0.121 e0.017 d0.105 
16.33s PT Tick  33# +0.514 e0.500 d0.014 
Maneuver: Velocity Keeping
16.19s EX Tick 133# +0.138 e0.017 d0.122 
16.34s EX Tick 134# +0.148 e0.017 d0.131 
16.46s EX Tick 135# +0.118 e0.017 d0.102 
16.58s EX Tick 136# +0.126 e0.017 d0.109 
16.84s PT Tick  34# +0.505 e0.500 d0.005 
Maneuver: Velocity Keeping
16.72s EX Tick 137# +0.141 e0.017 d0.124 
16.84s EX Tick 138# +0.118 e0.017 d0.101 
16.97s EX Tick 139# +0.129 e0.017 d0.112 
17.09s EX Tick 140# +0.117 e0.017 d0.101 
17.35s PT Tick  35# +0.510 e0.500 d0.010 
Maneuver: Velocity Keeping
17.23s EX Tick 141# +0.145 e0.017 d0.128 
17.35s EX Tick 142# +0.119 e0.017 d0.102 
17.47s EX Tick 143# +0.121 e0.017 d0.104 
17.59s EX Tick 144# +0.121 e0.017 d0.104 
17.85s PT Tick  36# +0.506 e0.500 d0.006 
Maneuver: Velocity Keeping
17.74s EX Tick 145# +0.152 e0.017 d0.135 
17.86s EX Tick 146# +0.118 e0.017 d0.101 
17.99s EX Tick 147# +0.123 e0.017 d0.106 
18.11s EX Tick 148# +0.122 e0.017 d0.105 
18.36s PT Tick  37# +0.504 e0.500 d0.004 
Maneuver: Velocity Keeping
18.25s EX Tick 149# +0.144 e0.017 d0.127 
18.37s EX Tick 150# +0.124 e0.017 d0.107 
18.53s EX Tick 151# +0.155 e0.017 d0.139 
18.65s EX Tick 152# +0.118 e0.017 d0.101 
18.87s PT Tick  38# +0.510 e0.500 d0.010 
Maneuver: Velocity Keeping
18.80s EX Tick 153# +0.149 e0.017 d0.132 
18.92s EX Tick 154# +0.123 e0.017 d0.107 
19.05s EX Tick 155# +0.127 e0.017 d0.110 
19.18s EX Tick 156# +0.130 e0.017 d0.113 
19.38s PT Tick  39# +0.513 e0.500 d0.013 
Maneuver: Velocity Keeping
19.32s EX Tick 157# +0.145 e0.017 d0.128 
19.45s EX Tick 158# +0.124 e0.017 d0.107 
19.57s EX Tick 159# +0.128 e0.017 d0.112 
19.71s EX Tick 160# +0.137 e0.017 d0.120 
19.89s PT Tick  40# +0.511 e0.500 d0.011 
Maneuver: Velocity Keeping
19.87s EX Tick 161# +0.157 e0.017 d0.140 
19.99s EX Tick 162# +0.125 e0.017 d0.108 
20.12s EX Tick 163# +0.131 e0.017 d0.114 
20.40s PT Tick  41# +0.507 e0.500 d0.007 
Maneuver: Velocity Keeping
20.27s EX Tick 164# +0.150 e0.017 d0.133 
20.40s EX Tick 165# +0.126 e0.017 d0.110 
20.52s EX Tick 166# +0.125 e0.017 d0.108 
20.65s EX Tick 167# +0.126 e0.017 d0.109 
20.94s PT Tick  42# +0.541 e0.500 d0.041 
Maneuver: Velocity Keeping
20.80s EX Tick 168# +0.146 e0.017 d0.130 
20.95s EX Tick 169# +0.158 e0.017 d0.141 
21.08s EX Tick 170# +0.124 e0.017 d0.107 
21.21s EX Tick 171# +0.127 e0.017 d0.110 
21.44s PT Tick  43# +0.502 e0.500 d0.002 
Maneuver: Velocity Keeping
21.36s EX Tick 172# +0.150 e0.017 d0.133 
21.48s EX Tick 173# +0.128 e0.017 d0.111 
21.61s EX Tick 174# +0.123 e0.017 d0.107 
21.74s EX Tick 175# +0.131 e0.017 d0.115 
21.95s PT Tick  44# +0.508 e0.500 d0.008 
Maneuver: Velocity Keeping
21.89s EX Tick 176# +0.148 e0.017 d0.131 
22.01s EX Tick 177# +0.124 e0.017 d0.107 
22.14s EX Tick 178# +0.129 e0.017 d0.112 
22.26s EX Tick 179# +0.126 e0.017 d0.109 
22.46s PT Tick  45# +0.507 e0.500 d0.007 
Maneuver: Velocity Keeping
22.42s EX Tick 180# +0.156 e0.017 d0.140 
22.55s EX Tick 181# +0.133 e0.017 d0.117 
22.68s EX Tick 182# +0.125 e0.017 d0.108 
22.97s PT Tick  46# +0.509 e0.500 d0.009 
Maneuver: Velocity Keeping
22.82s EX Tick 183# +0.146 e0.017 d0.129 
22.95s EX Tick 184# +0.128 e0.017 d0.111 
23.08s EX Tick 185# +0.129 e0.017 d0.112 
23.23s EX Tick 186# +0.154 e0.017 d0.138 
23.48s PT Tick  47# +0.510 e0.500 d0.010 
Maneuver: Velocity Keeping
23.39s EX Tick 187# +0.152 e0.017 d0.135 
23.51s EX Tick 188# +0.124 e0.017 d0.108 
23.64s EX Tick 189# +0.132 e0.017 d0.115 
23.77s EX Tick 190# +0.128 e0.017 d0.111 
23.98s PT Tick  48# +0.506 e0.500 d0.006 
Maneuver: Velocity Keeping
23.93s EX Tick 191# +0.155 e0.017 d0.139 
24.05s EX Tick 192# +0.129 e0.017 d0.112 
24.18s EX Tick 193# +0.127 e0.017 d0.111 
24.31s EX Tick 194# +0.129 e0.017 d0.112 
24.49s PT Tick  49# +0.511 e0.500 d0.011 
Maneuver: Velocity Keeping
24.46s EX Tick 195# +0.154 e0.017 d0.138 
24.59s EX Tick 196# +0.130 e0.017 d0.113 
24.72s EX Tick 197# +0.130 e0.017 d0.113 
25.00s PT Tick  50# +0.505 e0.500 d0.005 
Maneuver: Velocity Keeping
24.88s EX Tick 198# +0.155 e0.017 d0.139 
25.01s EX Tick 199# +0.128 e0.017 d0.112 
25.14s EX Tick 200# +0.130 e0.017 d0.114 
25.27s EX Tick 201# +0.129 e0.017 d0.112 
25.51s PT Tick  51# +0.509 e0.500 d0.009 
Maneuver: Velocity Keeping
25.42s EX Tick 202# +0.154 e0.017 d0.138 
25.58s EX Tick 203# +0.161 e0.017 d0.145 
25.71s EX Tick 204# +0.125 e0.017 d0.109 
25.83s EX Tick 205# +0.126 e0.017 d0.110 
26.01s PT Tick  52# +0.505 e0.500 d0.005 
Maneuver: Velocity Keeping
25.98s EX Tick 206# +0.147 e0.017 d0.130 
26.11s EX Tick 207# +0.132 e0.017 d0.115 
26.24s EX Tick 208# +0.129 e0.017 d0.112 
26.53s PT Tick  53# +0.514 e0.500 d0.014 
Maneuver: Velocity Keeping
26.40s EX Tick 209# +0.156 e0.017 d0.140 
26.53s EX Tick 210# +0.129 e0.017 d0.112 
26.65s EX Tick 211# +0.126 e0.017 d0.110 
26.78s EX Tick 212# +0.125 e0.017 d0.108 
27.03s PT Tick  54# +0.505 e0.500 d0.005 
Maneuver: Velocity Keeping
26.93s EX Tick 213# +0.153 e0.017 d0.136 
27.06s EX Tick 214# +0.128 e0.017 d0.112 
27.19s EX Tick 215# +0.133 e0.017 d0.117 
27.33s EX Tick 216# +0.133 e0.017 d0.117 
27.54s PT Tick  55# +0.506 e0.500 d0.006 
Maneuver: Velocity Keeping
27.48s EX Tick 217# +0.152 e0.017 d0.136 
27.61s EX Tick 218# +0.126 e0.017 d0.110 
27.73s EX Tick 219# +0.127 e0.017 d0.110 
27.86s EX Tick 220# +0.128 e0.017 d0.112 
28.05s PT Tick  56# +0.515 e0.500 d0.015 
Maneuver: Velocity Keeping
28.04s EX Tick 221# +0.183 e0.017 d0.167 
28.18s EX Tick 222# +0.136 e0.017 d0.119 
28.30s EX Tick 223# +0.124 e0.017 d0.108 
28.57s PT Tick  57# +0.514 e0.500 d0.014 
Maneuver: Velocity Keeping
28.45s EX Tick 224# +0.148 e0.017 d0.131 
28.58s EX Tick 225# +0.130 e0.017 d0.114 
28.71s EX Tick 226# +0.126 e0.017 d0.109 
28.84s EX Tick 227# +0.128 e0.017 d0.111 
29.08s PT Tick  58# +0.516 e0.500 d0.016 
Maneuver: Velocity Keeping
28.99s EX Tick 228# +0.154 e0.017 d0.138 
29.12s EX Tick 229# +0.129 e0.017 d0.113 
29.27s EX Tick 230# +0.145 e0.017 d0.129 
29.39s EX Tick 231# +0.130 e0.017 d0.113 
29.60s PT Tick  59# +0.518 e0.500 d0.018 
Maneuver: Velocity Keeping
29.55s EX Tick 232# +0.153 e0.017 d0.136 
29.67s EX Tick 233# +0.126 e0.017 d0.109 
29.80s EX Tick 234# +0.131 e0.017 d0.114 
30.11s PT Tick  60# +0.506 e0.500 d0.006 
Maneuver: Velocity Keeping
29.97s EX Tick 235# +0.160 e0.017 d0.144 
EX TIMEOUT: 30.1s
SIMULATION END
