ShM semaphore created
ShM memory created
SIMULATION START
00.00s BT Tick   1# START
00.00s MM Tick   1# START
Plan Maneuver, State 0.0
Maneuver: Velocity Keeping
total offset is 100.00 
total cost is 0.85
total offset is 75.25 
total cost is 0.74
total offset is 50.50 
total cost is 0.56
total offset is 54.06 
total cost is 0.59
total offset is 68.74 
total cost is 0.70
total offset is 100.00 
total cost is 0.76
total offset is 75.25 
total cost is 0.64
total offset is 50.50 
total cost is 0.47
total offset is 54.06 
total cost is 0.49
total offset is 68.74 
total cost is 0.60
total offset is 100.00 
total cost is 0.68
total offset is 75.25 
total cost is 0.56
total offset is 50.50 
total cost is 0.40
total offset is 54.06 
total cost is 0.42
total offset is 68.74 
total cost is 0.52
total offset is 100.00 
total cost is 0.61
total offset is 75.25 
total cost is 0.49
total offset is 50.50 
total cost is 0.35
total offset is 54.06 
total cost is 0.37
total offset is 68.74 
total cost is 0.46
total offset is 100.00 
total cost is 0.55
total offset is 75.25 
total cost is 0.44
total offset is 50.50 
total cost is 0.31
total offset is 54.06 
total cost is 0.33
total offset is 68.74 
total cost is 0.41
total offset is 100.00 
total cost is 0.50
total offset is 75.25 
total cost is 0.40
total offset is 50.50 
total cost is 0.27
total offset is 54.06 
total cost is 0.29
total offset is 68.74 
total cost is 0.36
total offset is 100.00 
total cost is 0.46
total offset is 75.25 
total cost is 0.36
total offset is 50.50 
total cost is 0.25
total offset is 54.06 
total cost is 0.26
total offset is 68.74 
total cost is 0.33
total offset is 100.00 
total cost is 0.43
total offset is 75.25 
total cost is 0.33
total offset is 50.50 
total cost is 0.23
total offset is 54.06 
total cost is 0.24
total offset is 68.74 
total cost is 0.30
02.02s BT Tick   2# +2.017 e2.000 d0.017 
02.02s MM Tick   2# +2.017 e2.000 d0.017 
Plan Maneuver, State 1.7228539897449606
Maneuver: Velocity Keeping
total offset is 80.49 
total cost is 0.76
total offset is 55.74 
total cost is 0.60
total offset is 30.99 
total cost is 0.37
total offset is 39.82 
total cost is 0.46
total offset is 58.51 
total cost is 0.62
total offset is 78.79 
total cost is 0.66
total offset is 54.04 
total cost is 0.49
total offset is 29.29 
total cost is 0.28
total offset is 39.04 
total cost is 0.37
total offset is 58.25 
total cost is 0.52
total offset is 77.04 
total cost is 0.57
total offset is 52.29 
total cost is 0.41
total offset is 27.54 
total cost is 0.23
total offset is 38.33 
total cost is 0.31
total offset is 58.05 
total cost is 0.45
total offset is 75.24 
total cost is 0.49
total offset is 50.49 
total cost is 0.35
total offset is 25.74 
total cost is 0.18
total offset is 37.70 
total cost is 0.26
total offset is 57.96 
total cost is 0.39
total offset is 73.38 
total cost is 0.43
total offset is 48.63 
total cost is 0.29
total offset is 23.88 
total cost is 0.15
total offset is 37.17 
total cost is 0.23
total offset is 57.96 
total cost is 0.35
total offset is 71.48 
total cost is 0.38
total offset is 46.73 
total cost is 0.25
total offset is 21.98 
total cost is 0.12
total offset is 36.76 
total cost is 0.20
total offset is 58.06 
total cost is 0.31
total offset is 69.52 
total cost is 0.33
total offset is 44.77 
total cost is 0.22
total offset is 20.02 
total cost is 0.10
total offset is 36.50 
total cost is 0.18
total offset is 58.30 
total cost is 0.28
total offset is 67.51 
total cost is 0.30
total offset is 42.76 
total cost is 0.19
total offset is 18.07 
total cost is 0.08
total offset is 36.41 
total cost is 0.16
total offset is 58.66 
total cost is 0.26
04.03s BT Tick   3# +2.009 e2.000 d0.009 
04.03s MM Tick   3# +2.009 e2.000 d0.009 
Plan Maneuver, State 9.974964140616407
Maneuver: Velocity Keeping
total offset is 54.49 
total cost is 0.59
total offset is 29.74 
total cost is 0.36
total offset is 4.99 
total cost is 0.06
total offset is 25.53 
total cost is 0.31
total offset is 49.46 
total cost is 0.55
total offset is 53.77 
total cost is 0.49
total offset is 29.02 
total cost is 0.28
total offset is 4.27 
total cost is 0.04
total offset is 25.73 
total cost is 0.25
total offset is 49.81 
total cost is 0.46
total offset is 53.10 
total cost is 0.42
total offset is 28.35 
total cost is 0.23
total offset is 3.60 
total cost is 0.03
total offset is 25.94 
total cost is 0.21
total offset is 50.14 
total cost is 0.40
total offset is 52.48 
total cost is 0.36
total offset is 27.73 
total cost is 0.20
total offset is 3.07 
total cost is 0.02
total offset is 26.15 
total cost is 0.18
total offset is 50.45 
total cost is 0.35
total offset is 51.92 
total cost is 0.31
total offset is 27.17 
total cost is 0.17
total offset is 2.78 
total cost is 0.02
total offset is 26.37 
total cost is 0.16
total offset is 50.75 
total cost is 0.31
total offset is 51.41 
total cost is 0.28
total offset is 26.66 
total cost is 0.15
total offset is 2.65 
total cost is 0.01
total offset is 26.57 
total cost is 0.15
total offset is 51.02 
total cost is 0.28
total offset is 50.96 
total cost is 0.25
total offset is 26.21 
total cost is 0.13
total offset is 2.61 
total cost is 0.01
total offset is 26.76 
total cost is 0.13
total offset is 51.26 
total cost is 0.25
total offset is 50.56 
total cost is 0.23
total offset is 25.81 
total cost is 0.12
total offset is 2.63 
total cost is 0.01
total offset is 26.93 
total cost is 0.12
total offset is 51.46 
total cost is 0.23
06.03s BT Tick   4# +2.000 e2.000 d0.000 
06.03s MM Tick   4# +2.000 e2.000 d0.000 
Plan Maneuver, State 23.104678636026804
Maneuver: Velocity Keeping
total offset is 48.79 
total cost is 0.54
total offset is 24.16 
total cost is 0.29
total offset is 1.12 
total cost is 0.01
total offset is 25.87 
total cost is 0.31
total offset is 50.62 
total cost is 0.56
total offset is 48.79 
total cost is 0.45
total offset is 24.16 
total cost is 0.24
total offset is 1.13 
total cost is 0.01
total offset is 25.88 
total cost is 0.25
total offset is 50.63 
total cost is 0.47
total offset is 48.81 
total cost is 0.39
total offset is 24.19 
total cost is 0.20
total offset is 1.12 
total cost is 0.01
total offset is 25.87 
total cost is 0.21
total offset is 50.62 
total cost is 0.40
total offset is 48.84 
total cost is 0.34
total offset is 24.22 
total cost is 0.17
total offset is 1.09 
total cost is 0.01
total offset is 25.84 
total cost is 0.18
total offset is 50.59 
total cost is 0.35
total offset is 48.90 
total cost is 0.30
total offset is 24.28 
total cost is 0.15
total offset is 1.04 
total cost is 0.01
total offset is 25.79 
total cost is 0.16
total offset is 50.54 
total cost is 0.31
total offset is 48.97 
total cost is 0.27
total offset is 24.35 
total cost is 0.13
total offset is 0.97 
total cost is 0.01
total offset is 25.72 
total cost is 0.14
total offset is 50.47 
total cost is 0.27
total offset is 49.06 
total cost is 0.24
total offset is 24.44 
total cost is 0.12
total offset is 0.89 
total cost is 0.00
total offset is 25.64 
total cost is 0.13
total offset is 50.39 
total cost is 0.25
total offset is 49.17 
total cost is 0.22
total offset is 24.54 
total cost is 0.11
total offset is 0.79 
total cost is 0.00
total offset is 25.53 
total cost is 0.12
total offset is 50.28 
total cost is 0.22
08.03s BT Tick   5# +2.008 e2.000 d0.008 
08.03s MM Tick   5# +2.008 e2.000 d0.008 
Plan Maneuver, State 38.36988230297229
Maneuver: Velocity Keeping
total offset is 49.34 
total cost is 0.55
total offset is 24.62 
total cost is 0.30
total offset is 0.30 
total cost is 0.00
total offset is 25.05 
total cost is 0.30
total offset is 49.80 
total cost is 0.55
total offset is 49.38 
total cost is 0.46
total offset is 24.66 
total cost is 0.24
total offset is 0.26 
total cost is 0.00
total offset is 25.01 
total cost is 0.24
total offset is 49.76 
total cost is 0.46
total offset is 49.42 
total cost is 0.39
total offset is 24.70 
total cost is 0.20
total offset is 0.21 
total cost is 0.00
total offset is 24.96 
total cost is 0.21
total offset is 49.71 
total cost is 0.39
total offset is 49.46 
total cost is 0.34
total offset is 24.73 
total cost is 0.17
total offset is 0.18 
total cost is 0.00
total offset is 24.92 
total cost is 0.18
total offset is 49.67 
total cost is 0.34
total offset is 49.50 
total cost is 0.30
total offset is 24.77 
total cost is 0.15
total offset is 0.17 
total cost is 0.00
total offset is 24.88 
total cost is 0.15
total offset is 49.63 
total cost is 0.30
total offset is 49.53 
total cost is 0.27
total offset is 24.80 
total cost is 0.14
total offset is 0.18 
total cost is 0.00
total offset is 24.84 
total cost is 0.14
total offset is 49.59 
total cost is 0.27
total offset is 49.57 
total cost is 0.24
total offset is 24.84 
total cost is 0.12
total offset is 0.18 
total cost is 0.00
total offset is 24.80 
total cost is 0.12
total offset is 49.55 
total cost is 0.24
total offset is 49.60 
total cost is 0.22
total offset is 24.87 
total cost is 0.11
total offset is 0.20 
total cost is 0.00
total offset is 24.76 
total cost is 0.11
total offset is 49.51 
total cost is 0.22
10.05s BT Tick   6# +2.011 e2.000 d0.011 
10.05s MM Tick   6# +2.011 e2.000 d0.011 
Plan Maneuver, State 54.17928744847082
Maneuver: Velocity Keeping
total offset is 49.62 
total cost is 0.55
total offset is 24.87 
total cost is 0.30
total offset is 0.12 
total cost is 0.00
total offset is 24.65 
total cost is 0.30
total offset is 49.40 
total cost is 0.55
total offset is 49.62 
total cost is 0.46
total offset is 24.87 
total cost is 0.24
total offset is 0.12 
total cost is 0.00
total offset is 24.65 
total cost is 0.24
total offset is 49.40 
total cost is 0.46
total offset is 49.62 
total cost is 0.39
total offset is 24.87 
total cost is 0.20
total offset is 0.12 
total cost is 0.00
total offset is 24.66 
total cost is 0.20
total offset is 49.40 
total cost is 0.39
total offset is 49.62 
total cost is 0.34
total offset is 24.87 
total cost is 0.18
total offset is 0.12 
total cost is 0.00
total offset is 24.66 
total cost is 0.17
total offset is 49.40 
total cost is 0.34
total offset is 49.62 
total cost is 0.30
total offset is 24.87 
total cost is 0.15
total offset is 0.12 
total cost is 0.00
total offset is 24.66 
total cost is 0.15
total offset is 49.41 
total cost is 0.30
total offset is 49.61 
total cost is 0.27
total offset is 24.86 
total cost is 0.14
total offset is 0.11 
total cost is 0.00
total offset is 24.67 
total cost is 0.14
total offset is 49.41 
total cost is 0.27
total offset is 49.60 
total cost is 0.24
total offset is 24.85 
total cost is 0.12
total offset is 0.10 
total cost is 0.00
total offset is 24.68 
total cost is 0.12
total offset is 49.42 
total cost is 0.24
total offset is 49.60 
total cost is 0.22
total offset is 24.85 
total cost is 0.11
total offset is 0.10 
total cost is 0.00
total offset is 24.68 
total cost is 0.11
total offset is 49.43 
total cost is 0.22
12.05s BT Tick   7# +2.004 e2.000 d0.004 
12.05s MM Tick   7# +2.004 e2.000 d0.004 
Plan Maneuver, State 69.93214681926283
Maneuver: Velocity Keeping
total offset is 49.54 
total cost is 0.55
total offset is 24.79 
total cost is 0.30
total offset is 0.04 
total cost is 0.00
total offset is 24.72 
total cost is 0.30
total offset is 49.47 
total cost is 0.55
total offset is 49.54 
total cost is 0.46
total offset is 24.79 
total cost is 0.24
total offset is 0.04 
total cost is 0.00
total offset is 24.72 
total cost is 0.24
total offset is 49.47 
total cost is 0.46
total offset is 49.54 
total cost is 0.39
total offset is 24.79 
total cost is 0.20
total offset is 0.04 
total cost is 0.00
total offset is 24.73 
total cost is 0.20
total offset is 49.47 
total cost is 0.39
total offset is 49.53 
total cost is 0.34
total offset is 24.78 
total cost is 0.18
total offset is 0.03 
total cost is 0.00
total offset is 24.73 
total cost is 0.17
total offset is 49.48 
total cost is 0.34
total offset is 49.53 
total cost is 0.30
total offset is 24.78 
total cost is 0.15
total offset is 0.03 
total cost is 0.00
total offset is 24.74 
total cost is 0.15
total offset is 49.48 
total cost is 0.30
total offset is 49.52 
total cost is 0.27
total offset is 24.77 
total cost is 0.14
total offset is 0.02 
total cost is 0.00
total offset is 24.74 
total cost is 0.14
total offset is 49.49 
total cost is 0.27
total offset is 49.52 
total cost is 0.24
total offset is 24.77 
total cost is 0.12
total offset is 0.02 
total cost is 0.00
total offset is 24.74 
total cost is 0.12
total offset is 49.49 
total cost is 0.24
total offset is 49.51 
total cost is 0.22
total offset is 24.76 
total cost is 0.11
total offset is 0.02 
total cost is 0.00
total offset is 24.75 
total cost is 0.11
total offset is 49.50 
total cost is 0.22
14.07s BT Tick   8# +2.018 e2.000 d0.018 
14.07s MM Tick   8# +2.018 e2.000 d0.018 
Plan Maneuver, State 85.70524715767584
Maneuver: Velocity Keeping
total offset is 49.49 
total cost is 0.55
total offset is 24.74 
total cost is 0.30
total offset is 0.01 
total cost is 0.00
total offset is 24.76 
total cost is 0.30
total offset is 49.51 
total cost is 0.55
total offset is 49.49 
total cost is 0.46
total offset is 24.74 
total cost is 0.24
total offset is 0.01 
total cost is 0.00
total offset is 24.76 
total cost is 0.24
total offset is 49.51 
total cost is 0.46
total offset is 49.49 
total cost is 0.39
total offset is 24.74 
total cost is 0.20
total offset is 0.01 
total cost is 0.00
total offset is 24.76 
total cost is 0.20
total offset is 49.51 
total cost is 0.39
total offset is 49.49 
total cost is 0.34
total offset is 24.74 
total cost is 0.17
total offset is 0.01 
total cost is 0.00
total offset is 24.76 
total cost is 0.18
total offset is 49.51 
total cost is 0.34
total offset is 49.49 
total cost is 0.30
total offset is 24.74 
total cost is 0.15
total offset is 0.01 
total cost is 0.00
total offset is 24.76 
total cost is 0.15
total offset is 49.51 
total cost is 0.30
total offset is 49.49 
total cost is 0.27
total offset is 24.74 
total cost is 0.14
total offset is 0.01 
total cost is 0.00
total offset is 24.76 
total cost is 0.14
total offset is 49.51 
total cost is 0.27
total offset is 49.49 
total cost is 0.24
total offset is 24.74 
total cost is 0.12
total offset is 0.01 
total cost is 0.00
total offset is 24.76 
total cost is 0.12
total offset is 49.51 
total cost is 0.24
total offset is 49.49 
total cost is 0.22
total offset is 24.74 
total cost is 0.11
total offset is 0.01 
total cost is 0.00
total offset is 24.76 
total cost is 0.11
total offset is 49.51 
total cost is 0.22
16.07s BT Tick   9# +2.005 e2.000 d0.005 
16.07s MM Tick   9# +2.005 e2.000 d0.005 
Plan Maneuver, State 101.31882456593459
Maneuver: Velocity Keeping
total offset is 49.50 
total cost is 0.55
total offset is 24.75 
total cost is 0.30
total offset is 0.00 
total cost is 0.00
total offset is 24.75 
total cost is 0.30
total offset is 49.50 
total cost is 0.55
total offset is 49.50 
total cost is 0.46
total offset is 24.75 
total cost is 0.24
total offset is 0.00 
total cost is 0.00
total offset is 24.75 
total cost is 0.24
total offset is 49.50 
total cost is 0.46
total offset is 49.50 
total cost is 0.39
total offset is 24.75 
total cost is 0.20
total offset is 0.00 
total cost is 0.00
total offset is 24.75 
total cost is 0.20
total offset is 49.50 
total cost is 0.39
total offset is 49.50 
total cost is 0.34
total offset is 24.75 
total cost is 0.17
total offset is 0.00 
total cost is 0.00
total offset is 24.75 
total cost is 0.17
total offset is 49.50 
total cost is 0.34
total offset is 49.50 
total cost is 0.30
total offset is 24.75 
total cost is 0.15
total offset is 0.00 
total cost is 0.00
total offset is 24.75 
total cost is 0.15
total offset is 49.50 
total cost is 0.30
total offset is 49.50 
total cost is 0.27
total offset is 24.75 
total cost is 0.14
total offset is 0.00 
total cost is 0.00
total offset is 24.75 
total cost is 0.14
total offset is 49.50 
total cost is 0.27
total offset is 49.50 
total cost is 0.24
total offset is 24.75 
total cost is 0.12
total offset is 0.00 
total cost is 0.00
total offset is 24.75 
total cost is 0.12
total offset is 49.50 
total cost is 0.24
total offset is 49.50 
total cost is 0.22
total offset is 24.75 
total cost is 0.11
total offset is 0.00 
total cost is 0.00
total offset is 24.75 
total cost is 0.11
total offset is 49.50 
total cost is 0.22
18.09s BT Tick  10# +2.016 e2.000 d0.016 
18.09s MM Tick  10# +2.016 e2.000 d0.016 
Plan Maneuver, State 116.99966222986977
Maneuver: Velocity Keeping
total offset is 49.50 
total cost is 0.55
total offset is 24.75 
total cost is 0.30
total offset is 0.00 
total cost is 0.00
total offset is 24.75 
total cost is 0.30
total offset is 49.50 
total cost is 0.55
total offset is 49.50 
total cost is 0.46
total offset is 24.75 
total cost is 0.24
total offset is 0.00 
total cost is 0.00
total offset is 24.75 
total cost is 0.24
total offset is 49.50 
total cost is 0.46
total offset is 49.50 
total cost is 0.39
total offset is 24.75 
total cost is 0.20
total offset is 0.00 
total cost is 0.00
total offset is 24.75 
total cost is 0.20
total offset is 49.50 
total cost is 0.39
total offset is 49.50 
total cost is 0.34
total offset is 24.75 
total cost is 0.17
total offset is 0.00 
total cost is 0.00
total offset is 24.75 
total cost is 0.17
total offset is 49.50 
total cost is 0.34
total offset is 49.50 
total cost is 0.30
total offset is 24.75 
total cost is 0.15
total offset is 0.00 
total cost is 0.00
total offset is 24.75 
total cost is 0.15
total offset is 49.50 
total cost is 0.30
total offset is 49.50 
total cost is 0.27
total offset is 24.75 
total cost is 0.14
total offset is 0.00 
total cost is 0.00
total offset is 24.75 
total cost is 0.14
total offset is 49.50 
total cost is 0.27
total offset is 49.50 
total cost is 0.24
total offset is 24.75 
total cost is 0.12
total offset is 0.00 
total cost is 0.00
total offset is 24.75 
total cost is 0.12
total offset is 49.50 
total cost is 0.24
total offset is 49.50 
total cost is 0.22
total offset is 24.75 
total cost is 0.11
total offset is 0.00 
total cost is 0.00
total offset is 24.75 
total cost is 0.11
total offset is 49.50 
total cost is 0.22
20.10s BT Tick  11# +2.012 e2.000 d0.012 
20.10s MM Tick  11# +2.012 e2.000 d0.012 
Plan Maneuver, State 132.645959100834
Maneuver: Velocity Keeping
total offset is 49.50 
total cost is 0.55
total offset is 24.75 
total cost is 0.30
total offset is 0.00 
total cost is 0.00
total offset is 24.75 
total cost is 0.30
total offset is 49.50 
total cost is 0.55
total offset is 49.50 
total cost is 0.46
total offset is 24.75 
total cost is 0.24
total offset is 0.00 
total cost is 0.00
total offset is 24.75 
total cost is 0.24
total offset is 49.50 
total cost is 0.46
total offset is 49.50 
total cost is 0.39
total offset is 24.75 
total cost is 0.20
total offset is 0.00 
total cost is 0.00
total offset is 24.75 
total cost is 0.20
total offset is 49.50 
total cost is 0.39
total offset is 49.50 
total cost is 0.34
total offset is 24.75 
total cost is 0.17
total offset is 0.00 
total cost is 0.00
total offset is 24.75 
total cost is 0.17
total offset is 49.50 
total cost is 0.34
total offset is 49.50 
total cost is 0.30
total offset is 24.75 
total cost is 0.15
total offset is 0.00 
total cost is 0.00
total offset is 24.75 
total cost is 0.15
total offset is 49.50 
total cost is 0.30
total offset is 49.50 
total cost is 0.27
total offset is 24.75 
total cost is 0.14
total offset is 0.00 
total cost is 0.00
total offset is 24.75 
total cost is 0.14
total offset is 49.50 
total cost is 0.27
total offset is 49.50 
total cost is 0.24
total offset is 24.75 
total cost is 0.12
total offset is 0.00 
total cost is 0.00
total offset is 24.75 
total cost is 0.12
total offset is 49.50 
total cost is 0.24
total offset is 49.50 
total cost is 0.22
total offset is 24.75 
total cost is 0.11
total offset is 0.00 
total cost is 0.00
total offset is 24.75 
total cost is 0.11
total offset is 49.50 
total cost is 0.22
22.11s BT Tick  12# +2.006 e2.000 d0.006 
22.11s MM Tick  12# +2.006 e2.000 d0.006 
Plan Maneuver, State 148.24359223320036
Maneuver: Velocity Keeping
total offset is 49.50 
total cost is 0.55
total offset is 24.75 
total cost is 0.30
total offset is 0.00 
total cost is 0.00
total offset is 24.75 
total cost is 0.30
total offset is 49.50 
total cost is 0.55
total offset is 49.50 
total cost is 0.46
total offset is 24.75 
total cost is 0.24
total offset is 0.00 
total cost is 0.00
total offset is 24.75 
total cost is 0.24
total offset is 49.50 
total cost is 0.46
total offset is 49.50 
total cost is 0.39
total offset is 24.75 
total cost is 0.20
total offset is 0.00 
total cost is 0.00
total offset is 24.75 
total cost is 0.20
total offset is 49.50 
total cost is 0.39
total offset is 49.50 
total cost is 0.34
total offset is 24.75 
total cost is 0.17
total offset is 0.00 
total cost is 0.00
total offset is 24.75 
total cost is 0.17
total offset is 49.50 
total cost is 0.34
total offset is 49.50 
total cost is 0.30
total offset is 24.75 
total cost is 0.15
total offset is 0.00 
total cost is 0.00
total offset is 24.75 
total cost is 0.15
total offset is 49.50 
total cost is 0.30
total offset is 49.50 
total cost is 0.27
total offset is 24.75 
total cost is 0.14
total offset is 0.00 
total cost is 0.00
total offset is 24.75 
total cost is 0.14
total offset is 49.50 
total cost is 0.27
total offset is 49.50 
total cost is 0.24
total offset is 24.75 
total cost is 0.12
total offset is 0.00 
total cost is 0.00
total offset is 24.75 
total cost is 0.12
total offset is 49.50 
total cost is 0.24
total offset is 49.50 
total cost is 0.22
total offset is 24.75 
total cost is 0.11
total offset is 0.00 
total cost is 0.00
total offset is 24.75 
total cost is 0.11
total offset is 49.50 
total cost is 0.22
24.12s BT Tick  13# +2.013 e2.000 d0.013 
24.12s MM Tick  13# +2.013 e2.000 d0.013 
Plan Maneuver, State 163.90122318818865
Maneuver: Velocity Keeping
total offset is 49.50 
total cost is 0.55
total offset is 24.75 
total cost is 0.30
total offset is 0.00 
total cost is 0.00
total offset is 24.75 
total cost is 0.30
total offset is 49.50 
total cost is 0.55
total offset is 49.50 
total cost is 0.46
total offset is 24.75 
total cost is 0.24
total offset is 0.00 
total cost is 0.00
total offset is 24.75 
total cost is 0.24
total offset is 49.50 
total cost is 0.46
total offset is 49.50 
total cost is 0.39
total offset is 24.75 
total cost is 0.20
total offset is 0.00 
total cost is 0.00
total offset is 24.75 
total cost is 0.20
total offset is 49.50 
total cost is 0.39
total offset is 49.50 
total cost is 0.34
total offset is 24.75 
total cost is 0.17
total offset is 0.00 
total cost is 0.00
total offset is 24.75 
total cost is 0.17
total offset is 49.50 
total cost is 0.34
total offset is 49.50 
total cost is 0.30
total offset is 24.75 
total cost is 0.15
total offset is 0.00 
total cost is 0.00
total offset is 24.75 
total cost is 0.15
total offset is 49.50 
total cost is 0.30
total offset is 49.50 
total cost is 0.27
total offset is 24.75 
total cost is 0.14
total offset is 0.00 
total cost is 0.00
total offset is 24.75 
total cost is 0.14
total offset is 49.50 
total cost is 0.27
total offset is 49.50 
total cost is 0.24
total offset is 24.75 
total cost is 0.12
total offset is 0.00 
total cost is 0.00
total offset is 24.75 
total cost is 0.12
total offset is 49.50 
total cost is 0.24
total offset is 49.50 
total cost is 0.22
total offset is 24.75 
total cost is 0.11
total offset is 0.00 
total cost is 0.00
total offset is 24.75 
total cost is 0.11
total offset is 49.50 
total cost is 0.22
26.12s BT Tick  14# +2.002 e2.000 d0.002 
26.12s MM Tick  14# +2.002 e2.000 d0.002 
Plan Maneuver, State 179.46847249927393
Maneuver: Velocity Keeping
total offset is 49.50 
total cost is 0.55
total offset is 24.75 
total cost is 0.30
total offset is 0.00 
total cost is 0.00
total offset is 24.75 
total cost is 0.30
total offset is 49.50 
total cost is 0.55
total offset is 49.50 
total cost is 0.46
total offset is 24.75 
total cost is 0.24
total offset is 0.00 
total cost is 0.00
total offset is 24.75 
total cost is 0.24
total offset is 49.50 
total cost is 0.46
total offset is 49.50 
total cost is 0.39
total offset is 24.75 
total cost is 0.20
total offset is 0.00 
total cost is 0.00
total offset is 24.75 
total cost is 0.20
total offset is 49.50 
total cost is 0.39
total offset is 49.50 
total cost is 0.34
total offset is 24.75 
total cost is 0.17
total offset is 0.00 
total cost is 0.00
total offset is 24.75 
total cost is 0.17
total offset is 49.50 
total cost is 0.34
total offset is 49.50 
total cost is 0.30
total offset is 24.75 
total cost is 0.15
total offset is 0.00 
total cost is 0.00
total offset is 24.75 
total cost is 0.15
total offset is 49.50 
total cost is 0.30
total offset is 49.50 
total cost is 0.27
total offset is 24.75 
total cost is 0.14
total offset is 0.00 
total cost is 0.00
total offset is 24.75 
total cost is 0.14
total offset is 49.50 
total cost is 0.27
total offset is 49.50 
total cost is 0.24
total offset is 24.75 
total cost is 0.12
total offset is 0.00 
total cost is 0.00
total offset is 24.75 
total cost is 0.12
total offset is 49.50 
total cost is 0.24
total offset is 49.50 
total cost is 0.22
total offset is 24.75 
total cost is 0.11
total offset is 0.00 
total cost is 0.00
total offset is 24.75 
total cost is 0.11
total offset is 49.50 
total cost is 0.22
28.13s BT Tick  15# +2.013 e2.000 d0.013 
28.13s MM Tick  15# +2.013 e2.000 d0.013 
Plan Maneuver, State 195.1262155090169
Maneuver: Velocity Keeping
total offset is 49.50 
total cost is 0.55
total offset is 24.75 
total cost is 0.30
total offset is 0.00 
total cost is 0.00
total offset is 24.75 
total cost is 0.30
total offset is 49.50 
total cost is 0.55
total offset is 49.50 
total cost is 0.46
total offset is 24.75 
total cost is 0.24
total offset is 0.00 
total cost is 0.00
total offset is 24.75 
total cost is 0.24
total offset is 49.50 
total cost is 0.46
total offset is 49.50 
total cost is 0.39
total offset is 24.75 
total cost is 0.20
total offset is 0.00 
total cost is 0.00
total offset is 24.75 
total cost is 0.20
total offset is 49.50 
total cost is 0.39
total offset is 49.50 
total cost is 0.34
total offset is 24.75 
total cost is 0.17
total offset is 0.00 
total cost is 0.00
total offset is 24.75 
total cost is 0.17
total offset is 49.50 
total cost is 0.34
total offset is 49.50 
total cost is 0.30
total offset is 24.75 
total cost is 0.15
total offset is 0.00 
total cost is 0.00
total offset is 24.75 
total cost is 0.15
total offset is 49.50 
total cost is 0.30
total offset is 49.50 
total cost is 0.27
total offset is 24.75 
total cost is 0.14
total offset is 0.00 
total cost is 0.00
total offset is 24.75 
total cost is 0.14
total offset is 49.50 
total cost is 0.27
total offset is 49.50 
total cost is 0.24
total offset is 24.75 
total cost is 0.12
total offset is 0.00 
total cost is 0.00
total offset is 24.75 
total cost is 0.12
total offset is 49.50 
total cost is 0.24
total offset is 49.50 
total cost is 0.22
total offset is 24.75 
total cost is 0.11
total offset is 0.00 
total cost is 0.00
total offset is 24.75 
total cost is 0.11
total offset is 49.50 
total cost is 0.22
SIMULATION END
