ShM semaphore created
ShM memory created
SIMULATION START
00.00s BT Tick   1# START
00.00s MM Tick   1# START
Plan Maneuver, State 0.0
Maneuver: Velocity Keeping
total offset is 100.00 
total cost is 0.85
total offset is 75.25 
total cost is 0.74
total offset is 50.50 
total cost is 0.56
total offset is 54.06 
total cost is 0.59
total offset is 68.74 
total cost is 0.70
total offset is 100.00 
total cost is 0.76
total offset is 75.25 
total cost is 0.64
total offset is 50.50 
total cost is 0.47
total offset is 54.06 
total cost is 0.49
total offset is 68.74 
total cost is 0.60
total offset is 100.00 
total cost is 0.68
total offset is 75.25 
total cost is 0.56
total offset is 50.50 
total cost is 0.40
total offset is 54.06 
total cost is 0.42
total offset is 68.74 
total cost is 0.52
total offset is 100.00 
total cost is 0.61
total offset is 75.25 
total cost is 0.49
total offset is 50.50 
total cost is 0.35
total offset is 54.06 
total cost is 0.37
total offset is 68.74 
total cost is 0.46
total offset is 100.00 
total cost is 0.55
total offset is 75.25 
total cost is 0.44
total offset is 50.50 
total cost is 0.31
total offset is 54.06 
total cost is 0.33
total offset is 68.74 
total cost is 0.41
total offset is 100.00 
total cost is 0.50
total offset is 75.25 
total cost is 0.40
total offset is 50.50 
total cost is 0.27
total offset is 54.06 
total cost is 0.29
total offset is 68.74 
total cost is 0.36
total offset is 100.00 
total cost is 0.46
total offset is 75.25 
total cost is 0.36
total offset is 50.50 
total cost is 0.25
total offset is 54.06 
total cost is 0.26
total offset is 68.74 
total cost is 0.33
total offset is 100.00 
total cost is 0.43
total offset is 75.25 
total cost is 0.33
total offset is 50.50 
total cost is 0.23
total offset is 54.06 
total cost is 0.24
total offset is 68.74 
total cost is 0.30
02.00s BT Tick   2# +2.005 e2.000 d0.005 
02.00s MM Tick   2# +2.005 e2.000 d0.005 
Plan Maneuver, State 1.694250780656715
Maneuver: Velocity Keeping
total offset is 80.70 
total cost is 0.77
total offset is 55.95 
total cost is 0.60
total offset is 31.20 
total cost is 0.37
total offset is 39.96 
total cost is 0.46
total offset is 58.61 
total cost is 0.62
total offset is 79.00 
total cost is 0.66
total offset is 54.25 
total cost is 0.49
total offset is 29.50 
total cost is 0.29
total offset is 39.18 
total cost is 0.37
total offset is 58.34 
total cost is 0.53
total offset is 77.25 
total cost is 0.57
total offset is 52.50 
total cost is 0.41
total offset is 27.75 
total cost is 0.23
total offset is 38.46 
total cost is 0.31
total offset is 58.15 
total cost is 0.45
total offset is 75.45 
total cost is 0.49
total offset is 50.70 
total cost is 0.35
total offset is 25.95 
total cost is 0.18
total offset is 37.83 
total cost is 0.26
total offset is 58.04 
total cost is 0.39
total offset is 73.60 
total cost is 0.43
total offset is 48.85 
total cost is 0.30
total offset is 24.10 
total cost is 0.15
total offset is 37.29 
total cost is 0.23
total offset is 58.04 
total cost is 0.35
total offset is 71.69 
total cost is 0.38
total offset is 46.94 
total cost is 0.26
total offset is 22.19 
total cost is 0.12
total offset is 36.87 
total cost is 0.20
total offset is 58.13 
total cost is 0.31
total offset is 69.74 
total cost is 0.34
total offset is 44.99 
total cost is 0.22
total offset is 20.24 
total cost is 0.10
total offset is 36.60 
total cost is 0.18
total offset is 58.36 
total cost is 0.28
total offset is 67.73 
total cost is 0.30
total offset is 42.98 
total cost is 0.19
total offset is 18.28 
total cost is 0.08
total offset is 36.49 
total cost is 0.16
total offset is 58.71 
total cost is 0.26
04.01s BT Tick   3# +2.008 e2.000 d0.008 
04.01s MM Tick   3# +2.008 e2.000 d0.008 
Plan Maneuver, State 9.89259897058599
Maneuver: Velocity Keeping
total offset is 54.64 
total cost is 0.59
total offset is 29.89 
total cost is 0.36
total offset is 5.14 
total cost is 0.06
total offset is 25.56 
total cost is 0.31
total offset is 49.47 
total cost is 0.55
total offset is 53.91 
total cost is 0.49
total offset is 29.16 
total cost is 0.28
total offset is 4.41 
total cost is 0.04
total offset is 25.75 
total cost is 0.25
total offset is 49.81 
total cost is 0.46
total offset is 53.23 
total cost is 0.42
total offset is 28.48 
total cost is 0.23
total offset is 3.73 
total cost is 0.03
total offset is 25.96 
total cost is 0.21
total offset is 50.14 
total cost is 0.40
total offset is 52.60 
total cost is 0.36
total offset is 27.85 
total cost is 0.20
total offset is 3.18 
total cost is 0.02
total offset is 26.18 
total cost is 0.18
total offset is 50.46 
total cost is 0.35
total offset is 52.03 
total cost is 0.31
total offset is 27.28 
total cost is 0.17
total offset is 2.86 
total cost is 0.02
total offset is 26.39 
total cost is 0.16
total offset is 50.75 
total cost is 0.31
total offset is 51.51 
total cost is 0.28
total offset is 26.76 
total cost is 0.15
total offset is 2.71 
total cost is 0.02
total offset is 26.59 
total cost is 0.15
total offset is 51.02 
total cost is 0.28
total offset is 51.05 
total cost is 0.25
total offset is 26.30 
total cost is 0.13
total offset is 2.67 
total cost is 0.01
total offset is 26.78 
total cost is 0.13
total offset is 51.27 
total cost is 0.25
total offset is 50.64 
total cost is 0.23
total offset is 25.89 
total cost is 0.12
total offset is 2.68 
total cost is 0.01
total offset is 26.95 
total cost is 0.12
total offset is 51.48 
total cost is 0.23
06.08s BT Tick   4# +2.071 e2.000 d0.071 
06.08s MM Tick   4# +2.071 e2.000 d0.071 
Plan Maneuver, State 23.50497957848463
Maneuver: Velocity Keeping
total offset is 48.81 
total cost is 0.54
total offset is 24.18 
total cost is 0.29
total offset is 1.11 
total cost is 0.01
total offset is 25.86 
total cost is 0.31
total offset is 50.61 
total cost is 0.56
total offset is 48.81 
total cost is 0.45
total offset is 24.19 
total cost is 0.24
total offset is 1.11 
total cost is 0.01
total offset is 25.86 
total cost is 0.25
total offset is 50.61 
total cost is 0.47
total offset is 48.84 
total cost is 0.39
total offset is 24.21 
total cost is 0.20
total offset is 1.09 
total cost is 0.01
total offset is 25.84 
total cost is 0.21
total offset is 50.59 
total cost is 0.40
total offset is 48.88 
total cost is 0.34
total offset is 24.26 
total cost is 0.17
total offset is 1.06 
total cost is 0.01
total offset is 25.81 
total cost is 0.18
total offset is 50.56 
total cost is 0.35
total offset is 48.94 
total cost is 0.30
total offset is 24.31 
total cost is 0.15
total offset is 1.00 
total cost is 0.01
total offset is 25.75 
total cost is 0.16
total offset is 50.50 
total cost is 0.31
total offset is 49.01 
total cost is 0.27
total offset is 24.39 
total cost is 0.13
total offset is 0.93 
total cost is 0.01
total offset is 25.68 
total cost is 0.14
total offset is 50.43 
total cost is 0.27
total offset is 49.10 
total cost is 0.24
total offset is 24.48 
total cost is 0.12
total offset is 0.84 
total cost is 0.00
total offset is 25.59 
total cost is 0.13
total offset is 50.34 
total cost is 0.25
total offset is 49.21 
total cost is 0.22
total offset is 24.58 
total cost is 0.11
total offset is 0.75 
total cost is 0.00
total offset is 25.48 
total cost is 0.12
total offset is 50.23 
total cost is 0.22
08.16s BT Tick   5# +2.080 e2.000 d0.080 
08.16s MM Tick   5# +2.080 e2.000 d0.080 
Plan Maneuver, State 39.353752771066816
Maneuver: Velocity Keeping
total offset is 49.38 
total cost is 0.55
total offset is 24.65 
total cost is 0.30
total offset is 0.23 
total cost is 0.00
total offset is 24.98 
total cost is 0.30
total offset is 49.73 
total cost is 0.55
total offset is 49.42 
total cost is 0.46
total offset is 24.69 
total cost is 0.24
total offset is 0.19 
total cost is 0.00
total offset is 24.94 
total cost is 0.24
total offset is 49.69 
total cost is 0.46
total offset is 49.46 
total cost is 0.39
total offset is 24.72 
total cost is 0.20
total offset is 0.15 
total cost is 0.00
total offset is 24.90 
total cost is 0.20
total offset is 49.65 
total cost is 0.39
total offset is 49.49 
total cost is 0.34
total offset is 24.76 
total cost is 0.18
total offset is 0.14 
total cost is 0.00
total offset is 24.86 
total cost is 0.18
total offset is 49.61 
total cost is 0.34
total offset is 49.52 
total cost is 0.30
total offset is 24.79 
total cost is 0.15
total offset is 0.14 
total cost is 0.00
total offset is 24.83 
total cost is 0.15
total offset is 49.58 
total cost is 0.30
total offset is 49.55 
total cost is 0.27
total offset is 24.82 
total cost is 0.14
total offset is 0.15 
total cost is 0.00
total offset is 24.79 
total cost is 0.14
total offset is 49.54 
total cost is 0.27
total offset is 49.58 
total cost is 0.24
total offset is 24.84 
total cost is 0.12
total offset is 0.16 
total cost is 0.00
total offset is 24.76 
total cost is 0.12
total offset is 49.51 
total cost is 0.24
total offset is 49.61 
total cost is 0.22
total offset is 24.87 
total cost is 0.11
total offset is 0.17 
total cost is 0.00
total offset is 24.73 
total cost is 0.11
total offset is 49.48 
total cost is 0.22
10.25s BT Tick   6# +2.088 e2.000 d0.088 
10.25s MM Tick   6# +2.088 e2.000 d0.088 
Plan Maneuver, State 55.77310944131578
Maneuver: Velocity Keeping
total offset is 49.62 
total cost is 0.55
total offset is 24.87 
total cost is 0.30
total offset is 0.12 
total cost is 0.00
total offset is 24.66 
total cost is 0.30
total offset is 49.40 
total cost is 0.55
total offset is 49.62 
total cost is 0.46
total offset is 24.87 
total cost is 0.24
total offset is 0.12 
total cost is 0.00
total offset is 24.66 
total cost is 0.24
total offset is 49.40 
total cost is 0.46
total offset is 49.62 
total cost is 0.39
total offset is 24.87 
total cost is 0.20
total offset is 0.12 
total cost is 0.00
total offset is 24.66 
total cost is 0.20
total offset is 49.41 
total cost is 0.39
total offset is 49.61 
total cost is 0.34
total offset is 24.86 
total cost is 0.18
total offset is 0.11 
total cost is 0.00
total offset is 24.67 
total cost is 0.17
total offset is 49.41 
total cost is 0.34
total offset is 49.61 
total cost is 0.30
total offset is 24.86 
total cost is 0.15
total offset is 0.11 
total cost is 0.00
total offset is 24.67 
total cost is 0.15
total offset is 49.42 
total cost is 0.30
total offset is 49.60 
total cost is 0.27
total offset is 24.85 
total cost is 0.14
total offset is 0.10 
total cost is 0.00
total offset is 24.68 
total cost is 0.14
total offset is 49.42 
total cost is 0.27
total offset is 49.59 
total cost is 0.24
total offset is 24.84 
total cost is 0.12
total offset is 0.09 
total cost is 0.00
total offset is 24.69 
total cost is 0.12
total offset is 49.43 
total cost is 0.24
total offset is 49.58 
total cost is 0.22
total offset is 24.83 
total cost is 0.11
total offset is 0.08 
total cost is 0.00
total offset is 24.70 
total cost is 0.11
total offset is 49.44 
total cost is 0.22
12.30s BT Tick   7# +2.049 e2.000 d0.049 
12.30s MM Tick   7# +2.049 e2.000 d0.049 
Plan Maneuver, State 71.86527152752409
Maneuver: Velocity Keeping
total offset is 49.53 
total cost is 0.55
total offset is 24.78 
total cost is 0.30
total offset is 0.03 
total cost is 0.00
total offset is 24.73 
total cost is 0.30
total offset is 49.48 
total cost is 0.55
total offset is 49.53 
total cost is 0.46
total offset is 24.78 
total cost is 0.24
total offset is 0.03 
total cost is 0.00
total offset is 24.73 
total cost is 0.24
total offset is 49.48 
total cost is 0.46
total offset is 49.52 
total cost is 0.39
total offset is 24.77 
total cost is 0.20
total offset is 0.02 
total cost is 0.00
total offset is 24.74 
total cost is 0.20
total offset is 49.49 
total cost is 0.39
total offset is 49.52 
total cost is 0.34
total offset is 24.77 
total cost is 0.18
total offset is 0.02 
total cost is 0.00
total offset is 24.74 
total cost is 0.17
total offset is 49.49 
total cost is 0.34
total offset is 49.51 
total cost is 0.30
total offset is 24.76 
total cost is 0.15
total offset is 0.02 
total cost is 0.00
total offset is 24.74 
total cost is 0.15
total offset is 49.49 
total cost is 0.30
total offset is 49.51 
total cost is 0.27
total offset is 24.76 
total cost is 0.14
total offset is 0.02 
total cost is 0.00
total offset is 24.75 
total cost is 0.14
total offset is 49.50 
total cost is 0.27
total offset is 49.51 
total cost is 0.24
total offset is 24.76 
total cost is 0.12
total offset is 0.02 
total cost is 0.00
total offset is 24.75 
total cost is 0.12
total offset is 49.50 
total cost is 0.24
total offset is 49.50 
total cost is 0.22
total offset is 24.75 
total cost is 0.11
total offset is 0.02 
total cost is 0.00
total offset is 24.75 
total cost is 0.11
total offset is 49.50 
total cost is 0.22
14.42s BT Tick   8# +2.120 e2.000 d0.120 
14.42s MM Tick   8# +2.120 e2.000 d0.120 
Plan Maneuver, State 88.4251364179425
Maneuver: Velocity Keeping
total offset is 49.49 
total cost is 0.55
total offset is 24.74 
total cost is 0.30
total offset is 0.01 
total cost is 0.00
total offset is 24.76 
total cost is 0.30
total offset is 49.51 
total cost is 0.55
total offset is 49.49 
total cost is 0.46
total offset is 24.74 
total cost is 0.24
total offset is 0.01 
total cost is 0.00
total offset is 24.76 
total cost is 0.24
total offset is 49.51 
total cost is 0.46
total offset is 49.49 
total cost is 0.39
total offset is 24.74 
total cost is 0.20
total offset is 0.01 
total cost is 0.00
total offset is 24.76 
total cost is 0.20
total offset is 49.51 
total cost is 0.39
total offset is 49.49 
total cost is 0.34
total offset is 24.74 
total cost is 0.17
total offset is 0.01 
total cost is 0.00
total offset is 24.76 
total cost is 0.18
total offset is 49.51 
total cost is 0.34
total offset is 49.49 
total cost is 0.30
total offset is 24.74 
total cost is 0.15
total offset is 0.01 
total cost is 0.00
total offset is 24.76 
total cost is 0.15
total offset is 49.51 
total cost is 0.30
total offset is 49.49 
total cost is 0.27
total offset is 24.74 
total cost is 0.14
total offset is 0.01 
total cost is 0.00
total offset is 24.76 
total cost is 0.14
total offset is 49.51 
total cost is 0.27
total offset is 49.49 
total cost is 0.24
total offset is 24.74 
total cost is 0.12
total offset is 0.01 
total cost is 0.00
total offset is 24.76 
total cost is 0.12
total offset is 49.51 
total cost is 0.24
total offset is 49.49 
total cost is 0.22
total offset is 24.74 
total cost is 0.11
total offset is 0.01 
total cost is 0.00
total offset is 24.76 
total cost is 0.11
total offset is 49.51 
total cost is 0.22
16.44s BT Tick   9# +2.018 e2.000 d0.018 
16.44s MM Tick   9# +2.018 e2.000 d0.018 
Plan Maneuver, State 104.13810997351528
Maneuver: Velocity Keeping
total offset is 49.50 
total cost is 0.55
total offset is 24.75 
total cost is 0.30
total offset is 0.00 
total cost is 0.00
total offset is 24.75 
total cost is 0.30
total offset is 49.50 
total cost is 0.55
total offset is 49.50 
total cost is 0.46
total offset is 24.75 
total cost is 0.24
total offset is 0.00 
total cost is 0.00
total offset is 24.75 
total cost is 0.24
total offset is 49.50 
total cost is 0.46
total offset is 49.50 
total cost is 0.39
total offset is 24.75 
total cost is 0.20
total offset is 0.00 
total cost is 0.00
total offset is 24.75 
total cost is 0.20
total offset is 49.50 
total cost is 0.39
total offset is 49.50 
total cost is 0.34
total offset is 24.75 
total cost is 0.17
total offset is 0.00 
total cost is 0.00
total offset is 24.75 
total cost is 0.17
total offset is 49.50 
total cost is 0.34
total offset is 49.50 
total cost is 0.30
total offset is 24.75 
total cost is 0.15
total offset is 0.00 
total cost is 0.00
total offset is 24.75 
total cost is 0.15
total offset is 49.50 
total cost is 0.30
total offset is 49.50 
total cost is 0.27
total offset is 24.75 
total cost is 0.14
total offset is 0.00 
total cost is 0.00
total offset is 24.75 
total cost is 0.14
total offset is 49.50 
total cost is 0.27
total offset is 49.50 
total cost is 0.24
total offset is 24.75 
total cost is 0.12
total offset is 0.00 
total cost is 0.00
total offset is 24.75 
total cost is 0.12
total offset is 49.50 
total cost is 0.24
total offset is 49.50 
total cost is 0.22
total offset is 24.75 
total cost is 0.11
total offset is 0.00 
total cost is 0.00
total offset is 24.75 
total cost is 0.11
total offset is 49.50 
total cost is 0.22
18.45s BT Tick  10# +2.006 e2.000 d0.006 
18.45s MM Tick  10# +2.006 e2.000 d0.006 
Plan Maneuver, State 119.73736039904173
Maneuver: Velocity Keeping
total offset is 49.50 
total cost is 0.55
total offset is 24.75 
total cost is 0.30
total offset is 0.00 
total cost is 0.00
total offset is 24.75 
total cost is 0.30
total offset is 49.50 
total cost is 0.55
total offset is 49.50 
total cost is 0.46
total offset is 24.75 
total cost is 0.24
total offset is 0.00 
total cost is 0.00
total offset is 24.75 
total cost is 0.24
total offset is 49.50 
total cost is 0.46
total offset is 49.50 
total cost is 0.39
total offset is 24.75 
total cost is 0.20
total offset is 0.00 
total cost is 0.00
total offset is 24.75 
total cost is 0.20
total offset is 49.50 
total cost is 0.39
total offset is 49.50 
total cost is 0.34
total offset is 24.75 
total cost is 0.17
total offset is 0.00 
total cost is 0.00
total offset is 24.75 
total cost is 0.17
total offset is 49.50 
total cost is 0.34
total offset is 49.50 
total cost is 0.30
total offset is 24.75 
total cost is 0.15
total offset is 0.00 
total cost is 0.00
total offset is 24.75 
total cost is 0.15
total offset is 49.50 
total cost is 0.30
total offset is 49.50 
total cost is 0.27
total offset is 24.75 
total cost is 0.14
total offset is 0.00 
total cost is 0.00
total offset is 24.75 
total cost is 0.14
total offset is 49.50 
total cost is 0.27
total offset is 49.50 
total cost is 0.24
total offset is 24.75 
total cost is 0.12
total offset is 0.00 
total cost is 0.00
total offset is 24.75 
total cost is 0.12
total offset is 49.50 
total cost is 0.24
total offset is 49.50 
total cost is 0.22
total offset is 24.75 
total cost is 0.11
total offset is 0.00 
total cost is 0.00
total offset is 24.75 
total cost is 0.11
total offset is 49.50 
total cost is 0.22
20.46s BT Tick  11# +2.018 e2.000 d0.018 
20.46s MM Tick  11# +2.018 e2.000 d0.018 
Plan Maneuver, State 135.42948462034224
Maneuver: Velocity Keeping
total offset is 49.50 
total cost is 0.55
total offset is 24.75 
total cost is 0.30
total offset is 0.00 
total cost is 0.00
total offset is 24.75 
total cost is 0.30
total offset is 49.50 
total cost is 0.55
total offset is 49.50 
total cost is 0.46
total offset is 24.75 
total cost is 0.24
total offset is 0.00 
total cost is 0.00
total offset is 24.75 
total cost is 0.24
total offset is 49.50 
total cost is 0.46
total offset is 49.50 
total cost is 0.39
total offset is 24.75 
total cost is 0.20
total offset is 0.00 
total cost is 0.00
total offset is 24.75 
total cost is 0.20
total offset is 49.50 
total cost is 0.39
total offset is 49.50 
total cost is 0.34
total offset is 24.75 
total cost is 0.17
total offset is 0.00 
total cost is 0.00
total offset is 24.75 
total cost is 0.17
total offset is 49.50 
total cost is 0.34
total offset is 49.50 
total cost is 0.30
total offset is 24.75 
total cost is 0.15
total offset is 0.00 
total cost is 0.00
total offset is 24.75 
total cost is 0.15
total offset is 49.50 
total cost is 0.30
total offset is 49.50 
total cost is 0.27
total offset is 24.75 
total cost is 0.14
total offset is 0.00 
total cost is 0.00
total offset is 24.75 
total cost is 0.14
total offset is 49.50 
total cost is 0.27
total offset is 49.50 
total cost is 0.24
total offset is 24.75 
total cost is 0.12
total offset is 0.00 
total cost is 0.00
total offset is 24.75 
total cost is 0.12
total offset is 49.50 
total cost is 0.24
total offset is 49.50 
total cost is 0.22
total offset is 24.75 
total cost is 0.11
total offset is 0.00 
total cost is 0.00
total offset is 24.75 
total cost is 0.11
total offset is 49.50 
total cost is 0.22
22.56s BT Tick  12# +2.094 e2.000 d0.094 
22.56s MM Tick  12# +2.094 e2.000 d0.094 
Plan Maneuver, State 151.71670471740023
Maneuver: Velocity Keeping
total offset is 49.50 
total cost is 0.55
total offset is 24.75 
total cost is 0.30
total offset is 0.00 
total cost is 0.00
total offset is 24.75 
total cost is 0.30
total offset is 49.50 
total cost is 0.55
total offset is 49.50 
total cost is 0.46
total offset is 24.75 
total cost is 0.24
total offset is 0.00 
total cost is 0.00
total offset is 24.75 
total cost is 0.24
total offset is 49.50 
total cost is 0.46
total offset is 49.50 
total cost is 0.39
total offset is 24.75 
total cost is 0.20
total offset is 0.00 
total cost is 0.00
total offset is 24.75 
total cost is 0.20
total offset is 49.50 
total cost is 0.39
total offset is 49.50 
total cost is 0.34
total offset is 24.75 
total cost is 0.17
total offset is 0.00 
total cost is 0.00
total offset is 24.75 
total cost is 0.17
total offset is 49.50 
total cost is 0.34
total offset is 49.50 
total cost is 0.30
total offset is 24.75 
total cost is 0.15
total offset is 0.00 
total cost is 0.00
total offset is 24.75 
total cost is 0.15
total offset is 49.50 
total cost is 0.30
total offset is 49.50 
total cost is 0.27
total offset is 24.75 
total cost is 0.14
total offset is 0.00 
total cost is 0.00
total offset is 24.75 
total cost is 0.14
total offset is 49.50 
total cost is 0.27
total offset is 49.50 
total cost is 0.24
total offset is 24.75 
total cost is 0.12
total offset is 0.00 
total cost is 0.00
total offset is 24.75 
total cost is 0.12
total offset is 49.50 
total cost is 0.24
total offset is 49.50 
total cost is 0.22
total offset is 24.75 
total cost is 0.11
total offset is 0.00 
total cost is 0.00
total offset is 24.75 
total cost is 0.11
total offset is 49.50 
total cost is 0.22
24.65s BT Tick  13# +2.093 e2.000 d0.093 
24.65s MM Tick  13# +2.093 e2.000 d0.093 
Plan Maneuver, State 167.99250377789352
Maneuver: Velocity Keeping
total offset is 49.50 
total cost is 0.55
total offset is 24.75 
total cost is 0.30
total offset is 0.00 
total cost is 0.00
total offset is 24.75 
total cost is 0.30
total offset is 49.50 
total cost is 0.55
total offset is 49.50 
total cost is 0.46
total offset is 24.75 
total cost is 0.24
total offset is 0.00 
total cost is 0.00
total offset is 24.75 
total cost is 0.24
total offset is 49.50 
total cost is 0.46
total offset is 49.50 
total cost is 0.39
total offset is 24.75 
total cost is 0.20
total offset is 0.00 
total cost is 0.00
total offset is 24.75 
total cost is 0.20
total offset is 49.50 
total cost is 0.39
total offset is 49.50 
total cost is 0.34
total offset is 24.75 
total cost is 0.17
total offset is 0.00 
total cost is 0.00
total offset is 24.75 
total cost is 0.17
total offset is 49.50 
total cost is 0.34
total offset is 49.50 
total cost is 0.30
total offset is 24.75 
total cost is 0.15
total offset is 0.00 
total cost is 0.00
total offset is 24.75 
total cost is 0.15
total offset is 49.50 
total cost is 0.30
total offset is 49.50 
total cost is 0.27
total offset is 24.75 
total cost is 0.14
total offset is 0.00 
total cost is 0.00
total offset is 24.75 
total cost is 0.14
total offset is 49.50 
total cost is 0.27
total offset is 49.50 
total cost is 0.24
total offset is 24.75 
total cost is 0.12
total offset is 0.00 
total cost is 0.00
total offset is 24.75 
total cost is 0.12
total offset is 49.50 
total cost is 0.24
total offset is 49.50 
total cost is 0.22
total offset is 24.75 
total cost is 0.11
total offset is 0.00 
total cost is 0.00
total offset is 24.75 
total cost is 0.11
total offset is 49.50 
total cost is 0.22
26.73s BT Tick  14# +2.084 e2.000 d0.084 
26.73s MM Tick  14# +2.084 e2.000 d0.084 
Plan Maneuver, State 184.19940859118438
Maneuver: Velocity Keeping
total offset is 49.50 
total cost is 0.55
total offset is 24.75 
total cost is 0.30
total offset is 0.00 
total cost is 0.00
total offset is 24.75 
total cost is 0.30
total offset is 49.50 
total cost is 0.55
total offset is 49.50 
total cost is 0.46
total offset is 24.75 
total cost is 0.24
total offset is 0.00 
total cost is 0.00
total offset is 24.75 
total cost is 0.24
total offset is 49.50 
total cost is 0.46
total offset is 49.50 
total cost is 0.39
total offset is 24.75 
total cost is 0.20
total offset is 0.00 
total cost is 0.00
total offset is 24.75 
total cost is 0.20
total offset is 49.50 
total cost is 0.39
total offset is 49.50 
total cost is 0.34
total offset is 24.75 
total cost is 0.17
total offset is 0.00 
total cost is 0.00
total offset is 24.75 
total cost is 0.17
total offset is 49.50 
total cost is 0.34
total offset is 49.50 
total cost is 0.30
total offset is 24.75 
total cost is 0.15
total offset is 0.00 
total cost is 0.00
total offset is 24.75 
total cost is 0.15
total offset is 49.50 
total cost is 0.30
total offset is 49.50 
total cost is 0.27
total offset is 24.75 
total cost is 0.14
total offset is 0.00 
total cost is 0.00
total offset is 24.75 
total cost is 0.14
total offset is 49.50 
total cost is 0.27
total offset is 49.50 
total cost is 0.24
total offset is 24.75 
total cost is 0.12
total offset is 0.00 
total cost is 0.00
total offset is 24.75 
total cost is 0.12
total offset is 49.50 
total cost is 0.24
total offset is 49.50 
total cost is 0.22
total offset is 24.75 
total cost is 0.11
total offset is 0.00 
total cost is 0.00
total offset is 24.75 
total cost is 0.11
total offset is 49.50 
total cost is 0.22
28.85s BT Tick  15# +2.116 e2.000 d0.116 
28.85s MM Tick  15# +2.116 e2.000 d0.116 
Plan Maneuver, State 200.6538541555751
Maneuver: Velocity Keeping
total offset is 49.50 
total cost is 0.55
total offset is 24.75 
total cost is 0.30
total offset is 0.00 
total cost is 0.00
total offset is 24.75 
total cost is 0.30
total offset is 49.50 
total cost is 0.55
total offset is 49.50 
total cost is 0.46
total offset is 24.75 
total cost is 0.24
total offset is 0.00 
total cost is 0.00
total offset is 24.75 
total cost is 0.24
total offset is 49.50 
total cost is 0.46
total offset is 49.50 
total cost is 0.39
total offset is 24.75 
total cost is 0.20
total offset is 0.00 
total cost is 0.00
total offset is 24.75 
total cost is 0.20
total offset is 49.50 
total cost is 0.39
total offset is 49.50 
total cost is 0.34
total offset is 24.75 
total cost is 0.17
total offset is 0.00 
total cost is 0.00
total offset is 24.75 
total cost is 0.17
total offset is 49.50 
total cost is 0.34
total offset is 49.50 
total cost is 0.30
total offset is 24.75 
total cost is 0.15
total offset is 0.00 
total cost is 0.00
total offset is 24.75 
total cost is 0.15
total offset is 49.50 
total cost is 0.30
total offset is 49.50 
total cost is 0.27
total offset is 24.75 
total cost is 0.14
total offset is 0.00 
total cost is 0.00
total offset is 24.75 
total cost is 0.14
total offset is 49.50 
total cost is 0.27
total offset is 49.50 
total cost is 0.24
total offset is 24.75 
total cost is 0.12
total offset is 0.00 
total cost is 0.00
total offset is 24.75 
total cost is 0.12
total offset is 49.50 
total cost is 0.24
total offset is 49.50 
total cost is 0.22
total offset is 24.75 
total cost is 0.11
total offset is 0.00 
total cost is 0.00
total offset is 24.75 
total cost is 0.11
total offset is 49.50 
total cost is 0.22
SIMULATION END
