ShM semaphore created
ShM memory created
SIMULATION START
PLANNER THREAD START
00.00s PT Tick   1# START
00.00s EX Tick   1# START
00.02s EX Tick   2# +0.021 e0.017 d0.004 
00.04s EX Tick   3# +0.019 e0.017 d0.002 
00.06s EX Tick   4# +0.020 e0.017 d0.003 
00.08s EX Tick   5# +0.019 e0.017 d0.003 
00.10s EX Tick   6# +0.018 e0.017 d0.001 
00.12s EX Tick   7# +0.019 e0.017 d0.002 
00.13s EX Tick   8# +0.019 e0.017 d0.002 
00.15s EX Tick   9# +0.020 e0.017 d0.003 
00.18s EX Tick  10# +0.021 e0.017 d0.004 
00.19s EX Tick  11# +0.019 e0.017 d0.003 
00.21s EX Tick  12# +0.020 e0.017 d0.003 
00.23s EX Tick  13# +0.019 e0.017 d0.002 
00.25s EX Tick  14# +0.020 e0.017 d0.004 
00.27s EX Tick  15# +0.020 e0.017 d0.003 
00.29s EX Tick  16# +0.019 e0.017 d0.002 
00.31s EX Tick  17# +0.018 e0.017 d0.002 
00.33s EX Tick  18# +0.021 e0.017 d0.004 
00.35s EX Tick  19# +0.018 e0.017 d0.002 
00.37s EX Tick  20# +0.018 e0.017 d0.001 
00.39s EX Tick  21# +0.018 e0.017 d0.001 
00.40s EX Tick  22# +0.018 e0.017 d0.002 
00.42s EX Tick  23# +0.020 e0.017 d0.003 
00.44s EX Tick  24# +0.019 e0.017 d0.003 
00.46s EX Tick  25# +0.019 e0.017 d0.002 
00.48s EX Tick  26# +0.020 e0.017 d0.003 
00.50s EX Tick  27# +0.019 e0.017 d0.003 
00.50s PT Tick   2# +0.504 e0.500 d0.004 
Maneuver: Velocity Keeping
00.52s EX Tick  28# +0.022 e0.017 d0.005 
00.54s EX Tick  29# +0.020 e0.017 d0.004 
00.56s EX Tick  30# +0.020 e0.017 d0.003 
00.58s EX Tick  31# +0.018 e0.017 d0.002 
00.60s EX Tick  32# +0.019 e0.017 d0.002 
00.62s EX Tick  33# +0.020 e0.017 d0.003 
00.64s EX Tick  34# +0.019 e0.017 d0.003 
00.66s EX Tick  35# +0.020 e0.017 d0.003 
00.68s EX Tick  36# +0.020 e0.017 d0.003 
00.70s EX Tick  37# +0.018 e0.017 d0.001 
00.71s EX Tick  38# +0.018 e0.017 d0.001 
00.73s EX Tick  39# +0.020 e0.017 d0.003 
00.75s EX Tick  40# +0.019 e0.017 d0.002 
00.77s EX Tick  41# +0.017 e0.017 d0.000 
00.79s EX Tick  42# +0.019 e0.017 d0.002 
00.81s EX Tick  43# +0.020 e0.017 d0.004 
00.83s EX Tick  44# +0.020 e0.017 d0.004 
00.85s EX Tick  45# +0.018 e0.017 d0.001 
00.87s EX Tick  46# +0.019 e0.017 d0.003 
00.88s EX Tick  47# +0.018 e0.017 d0.001 
00.90s EX Tick  48# +0.020 e0.017 d0.003 
00.93s EX Tick  49# +0.021 e0.017 d0.004 
00.94s EX Tick  50# +0.019 e0.017 d0.003 
00.96s EX Tick  51# +0.018 e0.017 d0.001 
00.98s EX Tick  52# +0.019 e0.017 d0.003 
01.00s EX Tick  53# +0.021 e0.017 d0.004 
01.01s PT Tick   3# +0.504 e0.500 d0.004 
Maneuver: Velocity Keeping
01.03s EX Tick  54# +0.022 e0.017 d0.006 
01.04s EX Tick  55# +0.019 e0.017 d0.003 
01.06s EX Tick  56# +0.019 e0.017 d0.002 
01.08s EX Tick  57# +0.020 e0.017 d0.003 
01.10s EX Tick  58# +0.019 e0.017 d0.003 
01.12s EX Tick  59# +0.020 e0.017 d0.003 
01.14s EX Tick  60# +0.021 e0.017 d0.004 
01.16s EX Tick  61# +0.019 e0.017 d0.002 
01.18s EX Tick  62# +0.020 e0.017 d0.003 
01.20s EX Tick  63# +0.020 e0.017 d0.003 
01.22s EX Tick  64# +0.020 e0.017 d0.003 
01.24s EX Tick  65# +0.019 e0.017 d0.002 
01.26s EX Tick  66# +0.020 e0.017 d0.003 
01.28s EX Tick  67# +0.020 e0.017 d0.003 
01.30s EX Tick  68# +0.019 e0.017 d0.002 
01.32s EX Tick  69# +0.019 e0.017 d0.003 
01.34s EX Tick  70# +0.020 e0.017 d0.003 
01.36s EX Tick  71# +0.020 e0.017 d0.003 
01.38s EX Tick  72# +0.020 e0.017 d0.003 
01.40s EX Tick  73# +0.019 e0.017 d0.003 
01.42s EX Tick  74# +0.021 e0.017 d0.004 
01.44s EX Tick  75# +0.020 e0.017 d0.003 
01.46s EX Tick  76# +0.020 e0.017 d0.004 
01.48s EX Tick  77# +0.019 e0.017 d0.003 
01.50s EX Tick  78# +0.021 e0.017 d0.004 
01.51s PT Tick   4# +0.504 e0.500 d0.004 
Maneuver: Velocity Keeping
01.53s EX Tick  79# +0.025 e0.017 d0.009 
01.54s EX Tick  80# +0.018 e0.017 d0.002 
01.56s EX Tick  81# +0.020 e0.017 d0.004 
01.58s EX Tick  82# +0.020 e0.017 d0.003 
01.60s EX Tick  83# +0.020 e0.017 d0.003 
01.62s EX Tick  84# +0.020 e0.017 d0.003 
01.64s EX Tick  85# +0.019 e0.017 d0.002 
01.66s EX Tick  86# +0.020 e0.017 d0.003 
01.68s EX Tick  87# +0.020 e0.017 d0.003 
01.70s EX Tick  88# +0.020 e0.017 d0.003 
01.72s EX Tick  89# +0.021 e0.017 d0.004 
01.74s EX Tick  90# +0.021 e0.017 d0.004 
01.76s EX Tick  91# +0.019 e0.017 d0.002 
01.78s EX Tick  92# +0.021 e0.017 d0.004 
01.80s EX Tick  93# +0.019 e0.017 d0.003 
01.82s EX Tick  94# +0.020 e0.017 d0.003 
01.84s EX Tick  95# +0.020 e0.017 d0.003 
01.86s EX Tick  96# +0.020 e0.017 d0.004 
01.88s EX Tick  97# +0.020 e0.017 d0.004 
01.90s EX Tick  98# +0.021 e0.017 d0.004 
01.92s EX Tick  99# +0.019 e0.017 d0.002 
01.94s EX Tick 100# +0.020 e0.017 d0.003 
01.96s EX Tick 101# +0.019 e0.017 d0.003 
01.98s EX Tick 102# +0.019 e0.017 d0.002 
02.00s EX Tick 103# +0.021 e0.017 d0.004 
02.02s PT Tick   5# +0.504 e0.500 d0.004 
Maneuver: Velocity Keeping
02.03s EX Tick 104# +0.024 e0.017 d0.007 
02.04s EX Tick 105# +0.019 e0.017 d0.003 
02.07s EX Tick 106# +0.021 e0.017 d0.004 
02.08s EX Tick 107# +0.019 e0.017 d0.003 
02.10s EX Tick 108# +0.020 e0.017 d0.003 
02.13s EX Tick 109# +0.021 e0.017 d0.004 
02.14s EX Tick 110# +0.019 e0.017 d0.003 
02.16s EX Tick 111# +0.019 e0.017 d0.002 
02.18s EX Tick 112# +0.019 e0.017 d0.002 
02.20s EX Tick 113# +0.020 e0.017 d0.004 
02.22s EX Tick 114# +0.020 e0.017 d0.003 
02.24s EX Tick 115# +0.020 e0.017 d0.003 
02.26s EX Tick 116# +0.020 e0.017 d0.003 
02.28s EX Tick 117# +0.019 e0.017 d0.002 
02.30s EX Tick 118# +0.020 e0.017 d0.003 
02.32s EX Tick 119# +0.020 e0.017 d0.003 
02.34s EX Tick 120# +0.019 e0.017 d0.002 
02.36s EX Tick 121# +0.020 e0.017 d0.003 
02.38s EX Tick 122# +0.020 e0.017 d0.003 
02.40s EX Tick 123# +0.020 e0.017 d0.003 
02.42s EX Tick 124# +0.020 e0.017 d0.003 
02.44s EX Tick 125# +0.020 e0.017 d0.004 
02.46s EX Tick 126# +0.021 e0.017 d0.004 
02.48s EX Tick 127# +0.021 e0.017 d0.004 
02.50s EX Tick 128# +0.018 e0.017 d0.001 
02.52s EX Tick 129# +0.020 e0.017 d0.003 
02.52s PT Tick   6# +0.504 e0.500 d0.004 
Maneuver: Velocity Keeping
02.54s EX Tick 130# +0.022 e0.017 d0.005 
02.56s EX Tick 131# +0.020 e0.017 d0.003 
02.58s EX Tick 132# +0.020 e0.017 d0.004 
02.60s EX Tick 133# +0.020 e0.017 d0.003 
02.62s EX Tick 134# +0.020 e0.017 d0.003 
02.64s EX Tick 135# +0.019 e0.017 d0.003 
02.66s EX Tick 136# +0.020 e0.017 d0.003 
02.68s EX Tick 137# +0.020 e0.017 d0.004 
02.70s EX Tick 138# +0.020 e0.017 d0.004 
02.72s EX Tick 139# +0.021 e0.017 d0.004 
02.74s EX Tick 140# +0.018 e0.017 d0.002 
02.76s EX Tick 141# +0.020 e0.017 d0.003 
02.78s EX Tick 142# +0.019 e0.017 d0.002 
02.80s EX Tick 143# +0.019 e0.017 d0.002 
02.82s EX Tick 144# +0.019 e0.017 d0.003 
02.84s EX Tick 145# +0.020 e0.017 d0.004 
02.85s EX Tick 146# +0.019 e0.017 d0.002 
02.88s EX Tick 147# +0.021 e0.017 d0.004 
02.89s EX Tick 148# +0.018 e0.017 d0.001 
02.91s EX Tick 149# +0.019 e0.017 d0.002 
02.93s EX Tick 150# +0.017 e0.017 d0.001 
02.95s EX Tick 151# +0.021 e0.017 d0.004 
02.97s EX Tick 152# +0.020 e0.017 d0.003 
02.99s EX Tick 153# +0.018 e0.017 d0.002 
03.01s EX Tick 154# +0.020 e0.017 d0.004 
03.03s PT Tick   7# +0.505 e0.500 d0.005 
Maneuver: Velocity Keeping
03.03s EX Tick 155# +0.020 e0.017 d0.003 
03.05s EX Tick 156# +0.020 e0.017 d0.004 
03.07s EX Tick 157# +0.020 e0.017 d0.004 
03.09s EX Tick 158# +0.020 e0.017 d0.003 
03.11s EX Tick 159# +0.020 e0.017 d0.003 
03.13s EX Tick 160# +0.020 e0.017 d0.004 
03.15s EX Tick 161# +0.019 e0.017 d0.003 
03.17s EX Tick 162# +0.020 e0.017 d0.003 
03.19s EX Tick 163# +0.019 e0.017 d0.003 
03.21s EX Tick 164# +0.019 e0.017 d0.002 
03.23s EX Tick 165# +0.019 e0.017 d0.002 
03.24s EX Tick 166# +0.018 e0.017 d0.001 
03.26s EX Tick 167# +0.020 e0.017 d0.004 
03.28s EX Tick 168# +0.020 e0.017 d0.004 
03.30s EX Tick 169# +0.020 e0.017 d0.003 
03.32s EX Tick 170# +0.020 e0.017 d0.003 
03.34s EX Tick 171# +0.020 e0.017 d0.003 
03.36s EX Tick 172# +0.019 e0.017 d0.002 
03.38s EX Tick 173# +0.019 e0.017 d0.002 
03.40s EX Tick 174# +0.019 e0.017 d0.002 
03.42s EX Tick 175# +0.021 e0.017 d0.004 
03.44s EX Tick 176# +0.020 e0.017 d0.003 
03.46s EX Tick 177# +0.020 e0.017 d0.003 
03.48s EX Tick 178# +0.020 e0.017 d0.003 
03.50s EX Tick 179# +0.020 e0.017 d0.003 
03.52s EX Tick 180# +0.020 e0.017 d0.003 
03.53s PT Tick   8# +0.503 e0.500 d0.003 
Maneuver: Velocity Keeping
03.55s EX Tick 181# +0.025 e0.017 d0.008 
03.56s EX Tick 182# +0.019 e0.017 d0.002 
03.58s EX Tick 183# +0.020 e0.017 d0.003 
03.60s EX Tick 184# +0.021 e0.017 d0.004 
03.62s EX Tick 185# +0.020 e0.017 d0.003 
03.64s EX Tick 186# +0.020 e0.017 d0.004 
03.66s EX Tick 187# +0.017 e0.017 d0.000 
03.68s EX Tick 188# +0.020 e0.017 d0.004 
03.70s EX Tick 189# +0.020 e0.017 d0.003 
03.72s EX Tick 190# +0.020 e0.017 d0.003 
03.74s EX Tick 191# +0.019 e0.017 d0.003 
03.76s EX Tick 192# +0.020 e0.017 d0.003 
03.78s EX Tick 193# +0.020 e0.017 d0.003 
03.80s EX Tick 194# +0.019 e0.017 d0.002 
03.82s EX Tick 195# +0.017 e0.017 d0.000 
03.84s EX Tick 196# +0.020 e0.017 d0.004 
03.86s EX Tick 197# +0.021 e0.017 d0.004 
03.88s EX Tick 198# +0.020 e0.017 d0.003 
03.89s EX Tick 199# +0.018 e0.017 d0.002 
03.91s EX Tick 200# +0.019 e0.017 d0.002 
03.93s EX Tick 201# +0.020 e0.017 d0.003 
03.95s EX Tick 202# +0.021 e0.017 d0.004 
03.98s EX Tick 203# +0.021 e0.017 d0.004 
03.99s EX Tick 204# +0.017 e0.017 d0.001 
04.01s EX Tick 205# +0.019 e0.017 d0.002 
04.03s EX Tick 206# +0.019 e0.017 d0.003 
04.03s PT Tick   9# +0.504 e0.500 d0.004 
Maneuver: Velocity Keeping
04.05s EX Tick 207# +0.021 e0.017 d0.005 
04.07s EX Tick 208# +0.020 e0.017 d0.003 
04.09s EX Tick 209# +0.020 e0.017 d0.003 
04.11s EX Tick 210# +0.021 e0.017 d0.004 
04.13s EX Tick 211# +0.020 e0.017 d0.003 
04.15s EX Tick 212# +0.020 e0.017 d0.004 
04.17s EX Tick 213# +0.020 e0.017 d0.003 
04.19s EX Tick 214# +0.019 e0.017 d0.003 
04.21s EX Tick 215# +0.019 e0.017 d0.002 
04.23s EX Tick 216# +0.020 e0.017 d0.003 
04.25s EX Tick 217# +0.021 e0.017 d0.004 
04.27s EX Tick 218# +0.020 e0.017 d0.003 
04.29s EX Tick 219# +0.018 e0.017 d0.002 
04.31s EX Tick 220# +0.020 e0.017 d0.004 
04.33s EX Tick 221# +0.019 e0.017 d0.003 
04.35s EX Tick 222# +0.020 e0.017 d0.004 
04.37s EX Tick 223# +0.020 e0.017 d0.003 
04.39s EX Tick 224# +0.021 e0.017 d0.004 
04.41s EX Tick 225# +0.019 e0.017 d0.002 
04.43s EX Tick 226# +0.019 e0.017 d0.002 
04.45s EX Tick 227# +0.018 e0.017 d0.001 
04.47s EX Tick 228# +0.019 e0.017 d0.002 
04.48s EX Tick 229# +0.018 e0.017 d0.002 
04.50s EX Tick 230# +0.019 e0.017 d0.002 
04.52s EX Tick 231# +0.019 e0.017 d0.002 
04.54s PT Tick  10# +0.504 e0.500 d0.004 
Maneuver: Velocity Keeping
04.55s EX Tick 232# +0.025 e0.017 d0.008 
04.56s EX Tick 233# +0.018 e0.017 d0.001 
04.59s EX Tick 234# +0.021 e0.017 d0.004 
04.61s EX Tick 235# +0.020 e0.017 d0.004 
04.63s EX Tick 236# +0.020 e0.017 d0.003 
04.64s EX Tick 237# +0.019 e0.017 d0.003 
04.66s EX Tick 238# +0.019 e0.017 d0.002 
04.68s EX Tick 239# +0.019 e0.017 d0.002 
04.70s EX Tick 240# +0.019 e0.017 d0.002 
04.72s EX Tick 241# +0.021 e0.017 d0.004 
04.74s EX Tick 242# +0.020 e0.017 d0.004 
04.76s EX Tick 243# +0.020 e0.017 d0.003 
04.78s EX Tick 244# +0.018 e0.017 d0.002 
04.80s EX Tick 245# +0.020 e0.017 d0.003 
04.82s EX Tick 246# +0.020 e0.017 d0.003 
04.84s EX Tick 247# +0.021 e0.017 d0.004 
04.86s EX Tick 248# +0.018 e0.017 d0.001 
04.88s EX Tick 249# +0.020 e0.017 d0.003 
04.90s EX Tick 250# +0.020 e0.017 d0.003 
04.92s EX Tick 251# +0.021 e0.017 d0.004 
04.94s EX Tick 252# +0.020 e0.017 d0.003 
04.96s EX Tick 253# +0.019 e0.017 d0.002 
04.98s EX Tick 254# +0.021 e0.017 d0.004 
05.00s EX Tick 255# +0.020 e0.017 d0.003 
05.02s EX Tick 256# +0.020 e0.017 d0.003 
05.04s EX Tick 257# +0.021 e0.017 d0.004 
05.04s PT Tick  11# +0.505 e0.500 d0.005 
Maneuver: Velocity Keeping
05.06s EX Tick 258# +0.023 e0.017 d0.007 
05.08s EX Tick 259# +0.020 e0.017 d0.003 
05.10s EX Tick 260# +0.020 e0.017 d0.003 
05.12s EX Tick 261# +0.021 e0.017 d0.004 
05.14s EX Tick 262# +0.020 e0.017 d0.003 
05.16s EX Tick 263# +0.020 e0.017 d0.003 
05.18s EX Tick 264# +0.019 e0.017 d0.002 
05.20s EX Tick 265# +0.020 e0.017 d0.004 
05.22s EX Tick 266# +0.020 e0.017 d0.004 
05.24s EX Tick 267# +0.020 e0.017 d0.003 
05.26s EX Tick 268# +0.018 e0.017 d0.001 
05.28s EX Tick 269# +0.020 e0.017 d0.003 
05.30s EX Tick 270# +0.020 e0.017 d0.004 
05.32s EX Tick 271# +0.020 e0.017 d0.003 
05.34s EX Tick 272# +0.020 e0.017 d0.003 
05.36s EX Tick 273# +0.020 e0.017 d0.003 
05.38s EX Tick 274# +0.020 e0.017 d0.003 
05.40s EX Tick 275# +0.020 e0.017 d0.004 
05.42s EX Tick 276# +0.017 e0.017 d0.001 
05.44s EX Tick 277# +0.019 e0.017 d0.002 
05.46s EX Tick 278# +0.019 e0.017 d0.002 
05.48s EX Tick 279# +0.021 e0.017 d0.004 
05.50s EX Tick 280# +0.020 e0.017 d0.003 
05.52s EX Tick 281# +0.019 e0.017 d0.002 
05.54s EX Tick 282# +0.020 e0.017 d0.003 
05.55s PT Tick  12# +0.504 e0.500 d0.004 
Maneuver: Velocity Keeping
05.56s EX Tick 283# +0.026 e0.017 d0.009 
05.58s EX Tick 284# +0.020 e0.017 d0.003 
05.60s EX Tick 285# +0.020 e0.017 d0.003 
05.62s EX Tick 286# +0.020 e0.017 d0.004 
05.64s EX Tick 287# +0.019 e0.017 d0.002 
05.66s EX Tick 288# +0.020 e0.017 d0.003 
05.68s EX Tick 289# +0.020 e0.017 d0.003 
05.70s EX Tick 290# +0.020 e0.017 d0.004 
05.72s EX Tick 291# +0.019 e0.017 d0.002 
05.74s EX Tick 292# +0.019 e0.017 d0.002 
05.76s EX Tick 293# +0.019 e0.017 d0.002 
05.78s EX Tick 294# +0.021 e0.017 d0.004 
05.80s EX Tick 295# +0.021 e0.017 d0.004 
05.82s EX Tick 296# +0.021 e0.017 d0.004 
05.84s EX Tick 297# +0.020 e0.017 d0.004 
05.86s EX Tick 298# +0.019 e0.017 d0.002 
05.88s EX Tick 299# +0.018 e0.017 d0.002 
05.90s EX Tick 300# +0.020 e0.017 d0.003 
05.92s EX Tick 301# +0.019 e0.017 d0.003 
05.94s EX Tick 302# +0.020 e0.017 d0.003 
05.96s EX Tick 303# +0.019 e0.017 d0.003 
05.98s EX Tick 304# +0.019 e0.017 d0.002 
05.99s EX Tick 305# +0.019 e0.017 d0.003 
06.02s EX Tick 306# +0.020 e0.017 d0.003 
06.04s EX Tick 307# +0.020 e0.017 d0.003 
06.05s PT Tick  13# +0.505 e0.500 d0.005 
Maneuver: Velocity Keeping
06.06s EX Tick 308# +0.026 e0.017 d0.009 
06.08s EX Tick 309# +0.019 e0.017 d0.002 
06.10s EX Tick 310# +0.021 e0.017 d0.004 
06.12s EX Tick 311# +0.021 e0.017 d0.004 
06.14s EX Tick 312# +0.018 e0.017 d0.001 
06.16s EX Tick 313# +0.019 e0.017 d0.003 
06.18s EX Tick 314# +0.020 e0.017 d0.003 
06.20s EX Tick 315# +0.020 e0.017 d0.004 
06.22s EX Tick 316# +0.019 e0.017 d0.003 
06.24s EX Tick 317# +0.020 e0.017 d0.003 
06.26s EX Tick 318# +0.019 e0.017 d0.003 
06.28s EX Tick 319# +0.020 e0.017 d0.003 
06.30s EX Tick 320# +0.020 e0.017 d0.003 
06.32s EX Tick 321# +0.020 e0.017 d0.003 
06.34s EX Tick 322# +0.019 e0.017 d0.002 
06.36s EX Tick 323# +0.020 e0.017 d0.004 
06.38s EX Tick 324# +0.020 e0.017 d0.003 
06.40s EX Tick 325# +0.020 e0.017 d0.004 
06.42s EX Tick 326# +0.021 e0.017 d0.004 
06.44s EX Tick 327# +0.020 e0.017 d0.003 
06.46s EX Tick 328# +0.019 e0.017 d0.003 
06.48s EX Tick 329# +0.020 e0.017 d0.003 
06.49s EX Tick 330# +0.017 e0.017 d0.001 
06.51s EX Tick 331# +0.020 e0.017 d0.004 
06.53s EX Tick 332# +0.020 e0.017 d0.004 
06.55s EX Tick 333# +0.018 e0.017 d0.001 
06.55s PT Tick  14# +0.504 e0.500 d0.004 
Maneuver: Velocity Keeping
06.57s EX Tick 334# +0.023 e0.017 d0.006 
06.59s EX Tick 335# +0.017 e0.017 d0.000 
06.61s EX Tick 336# +0.021 e0.017 d0.004 
06.63s EX Tick 337# +0.020 e0.017 d0.003 
06.65s EX Tick 338# +0.020 e0.017 d0.004 
06.67s EX Tick 339# +0.021 e0.017 d0.004 
06.69s EX Tick 340# +0.019 e0.017 d0.002 
06.71s EX Tick 341# +0.020 e0.017 d0.004 
06.73s EX Tick 342# +0.020 e0.017 d0.003 
06.75s EX Tick 343# +0.020 e0.017 d0.003 
06.77s EX Tick 344# +0.020 e0.017 d0.003 
06.79s EX Tick 345# +0.020 e0.017 d0.004 
06.81s EX Tick 346# +0.021 e0.017 d0.004 
06.83s EX Tick 347# +0.021 e0.017 d0.004 
06.85s EX Tick 348# +0.020 e0.017 d0.004 
06.87s EX Tick 349# +0.021 e0.017 d0.004 
06.89s EX Tick 350# +0.017 e0.017 d0.000 
06.91s EX Tick 351# +0.021 e0.017 d0.004 
06.93s EX Tick 352# +0.020 e0.017 d0.003 
06.95s EX Tick 353# +0.019 e0.017 d0.002 
06.97s EX Tick 354# +0.020 e0.017 d0.003 
06.99s EX Tick 355# +0.018 e0.017 d0.001 
07.01s EX Tick 356# +0.019 e0.017 d0.003 
07.03s EX Tick 357# +0.018 e0.017 d0.002 
07.05s EX Tick 358# +0.021 e0.017 d0.004 
07.06s PT Tick  15# +0.504 e0.500 d0.004 
Maneuver: Velocity Keeping
07.07s EX Tick 359# +0.026 e0.017 d0.009 
07.09s EX Tick 360# +0.018 e0.017 d0.001 
07.11s EX Tick 361# +0.020 e0.017 d0.004 
07.13s EX Tick 362# +0.019 e0.017 d0.002 
07.15s EX Tick 363# +0.019 e0.017 d0.002 
07.17s EX Tick 364# +0.019 e0.017 d0.002 
07.19s EX Tick 365# +0.021 e0.017 d0.004 
07.21s EX Tick 366# +0.020 e0.017 d0.004 
07.23s EX Tick 367# +0.021 e0.017 d0.004 
07.25s EX Tick 368# +0.020 e0.017 d0.003 
07.27s EX Tick 369# +0.019 e0.017 d0.003 
07.29s EX Tick 370# +0.020 e0.017 d0.003 
07.31s EX Tick 371# +0.019 e0.017 d0.003 
07.33s EX Tick 372# +0.020 e0.017 d0.003 
07.35s EX Tick 373# +0.021 e0.017 d0.004 
07.37s EX Tick 374# +0.020 e0.017 d0.004 
07.39s EX Tick 375# +0.020 e0.017 d0.003 
07.41s EX Tick 376# +0.019 e0.017 d0.003 
07.43s EX Tick 377# +0.020 e0.017 d0.003 
07.45s EX Tick 378# +0.021 e0.017 d0.004 
07.47s EX Tick 379# +0.019 e0.017 d0.003 
07.49s EX Tick 380# +0.020 e0.017 d0.003 
07.51s EX Tick 381# +0.018 e0.017 d0.001 
07.53s EX Tick 382# +0.020 e0.017 d0.003 
07.55s EX Tick 383# +0.021 e0.017 d0.004 
07.56s PT Tick  16# +0.504 e0.500 d0.004 
Maneuver: Velocity Keeping
07.57s EX Tick 384# +0.026 e0.017 d0.009 
07.59s EX Tick 385# +0.020 e0.017 d0.003 
07.61s EX Tick 386# +0.020 e0.017 d0.004 
07.63s EX Tick 387# +0.021 e0.017 d0.004 
07.65s EX Tick 388# +0.020 e0.017 d0.003 
07.67s EX Tick 389# +0.021 e0.017 d0.004 
07.69s EX Tick 390# +0.019 e0.017 d0.003 
07.71s EX Tick 391# +0.020 e0.017 d0.003 
07.73s EX Tick 392# +0.020 e0.017 d0.003 
07.75s EX Tick 393# +0.019 e0.017 d0.002 
07.77s EX Tick 394# +0.020 e0.017 d0.004 
07.79s EX Tick 395# +0.018 e0.017 d0.001 
07.81s EX Tick 396# +0.017 e0.017 d0.000 
07.83s EX Tick 397# +0.020 e0.017 d0.003 
07.85s EX Tick 398# +0.020 e0.017 d0.004 
07.86s EX Tick 399# +0.018 e0.017 d0.001 
07.88s EX Tick 400# +0.020 e0.017 d0.004 
07.90s EX Tick 401# +0.019 e0.017 d0.003 
07.92s EX Tick 402# +0.020 e0.017 d0.003 
07.94s EX Tick 403# +0.020 e0.017 d0.003 
07.96s EX Tick 404# +0.020 e0.017 d0.004 
07.98s EX Tick 405# +0.021 e0.017 d0.004 
08.00s EX Tick 406# +0.020 e0.017 d0.003 
08.02s EX Tick 407# +0.020 e0.017 d0.003 
08.04s EX Tick 408# +0.019 e0.017 d0.003 
08.06s EX Tick 409# +0.019 e0.017 d0.002 
08.07s PT Tick  17# +0.504 e0.500 d0.004 
Maneuver: Velocity Keeping
08.09s EX Tick 410# +0.023 e0.017 d0.006 
08.11s EX Tick 411# +0.020 e0.017 d0.003 
08.13s EX Tick 412# +0.020 e0.017 d0.003 
08.15s EX Tick 413# +0.020 e0.017 d0.003 
08.16s EX Tick 414# +0.019 e0.017 d0.002 
08.18s EX Tick 415# +0.020 e0.017 d0.003 
08.20s EX Tick 416# +0.021 e0.017 d0.004 
08.22s EX Tick 417# +0.019 e0.017 d0.003 
08.24s EX Tick 418# +0.020 e0.017 d0.003 
08.26s EX Tick 419# +0.020 e0.017 d0.004 
08.28s EX Tick 420# +0.020 e0.017 d0.003 
08.30s EX Tick 421# +0.019 e0.017 d0.002 
08.32s EX Tick 422# +0.019 e0.017 d0.002 
08.34s EX Tick 423# +0.020 e0.017 d0.003 
08.36s EX Tick 424# +0.020 e0.017 d0.004 
08.38s EX Tick 425# +0.020 e0.017 d0.003 
08.40s EX Tick 426# +0.020 e0.017 d0.003 
08.42s EX Tick 427# +0.019 e0.017 d0.002 
08.44s EX Tick 428# +0.020 e0.017 d0.003 
08.46s EX Tick 429# +0.019 e0.017 d0.003 
08.48s EX Tick 430# +0.017 e0.017 d0.000 
08.50s EX Tick 431# +0.021 e0.017 d0.004 
08.51s EX Tick 432# +0.017 e0.017 d0.001 
08.53s EX Tick 433# +0.019 e0.017 d0.002 
08.55s EX Tick 434# +0.020 e0.017 d0.003 
08.57s PT Tick  18# +0.504 e0.500 d0.004 
Maneuver: Velocity Keeping
08.58s EX Tick 435# +0.027 e0.017 d0.010 
08.60s EX Tick 436# +0.020 e0.017 d0.003 
08.62s EX Tick 437# +0.020 e0.017 d0.004 
08.64s EX Tick 438# +0.020 e0.017 d0.003 
08.66s EX Tick 439# +0.020 e0.017 d0.003 
08.68s EX Tick 440# +0.020 e0.017 d0.003 
08.70s EX Tick 441# +0.017 e0.017 d0.000 
08.71s EX Tick 442# +0.017 e0.017 d0.001 
08.73s EX Tick 443# +0.019 e0.017 d0.002 
08.75s EX Tick 444# +0.020 e0.017 d0.003 
08.77s EX Tick 445# +0.019 e0.017 d0.003 
08.79s EX Tick 446# +0.017 e0.017 d0.000 
08.81s EX Tick 447# +0.020 e0.017 d0.003 
08.83s EX Tick 448# +0.019 e0.017 d0.002 
08.85s EX Tick 449# +0.021 e0.017 d0.004 
08.87s EX Tick 450# +0.019 e0.017 d0.003 
08.89s EX Tick 451# +0.020 e0.017 d0.003 
08.91s EX Tick 452# +0.019 e0.017 d0.002 
08.93s EX Tick 453# +0.019 e0.017 d0.002 
08.95s EX Tick 454# +0.020 e0.017 d0.003 
08.96s EX Tick 455# +0.018 e0.017 d0.001 
08.98s EX Tick 456# +0.019 e0.017 d0.003 
09.00s EX Tick 457# +0.020 e0.017 d0.003 
09.02s EX Tick 458# +0.020 e0.017 d0.003 
09.04s EX Tick 459# +0.020 e0.017 d0.004 
09.06s EX Tick 460# +0.017 e0.017 d0.001 
09.08s PT Tick  19# +0.505 e0.500 d0.005 
Maneuver: Velocity Keeping
09.09s EX Tick 461# +0.026 e0.017 d0.009 
09.11s EX Tick 462# +0.020 e0.017 d0.003 
09.13s EX Tick 463# +0.020 e0.017 d0.003 
09.15s EX Tick 464# +0.021 e0.017 d0.004 
09.17s EX Tick 465# +0.020 e0.017 d0.003 
09.19s EX Tick 466# +0.020 e0.017 d0.004 
09.21s EX Tick 467# +0.020 e0.017 d0.003 
09.23s EX Tick 468# +0.020 e0.017 d0.003 
09.25s EX Tick 469# +0.020 e0.017 d0.004 
09.27s EX Tick 470# +0.020 e0.017 d0.003 
09.29s EX Tick 471# +0.019 e0.017 d0.003 
09.31s EX Tick 472# +0.020 e0.017 d0.004 
09.33s EX Tick 473# +0.020 e0.017 d0.003 
09.35s EX Tick 474# +0.021 e0.017 d0.004 
09.37s EX Tick 475# +0.020 e0.017 d0.003 
09.39s EX Tick 476# +0.020 e0.017 d0.003 
09.41s EX Tick 477# +0.019 e0.017 d0.003 
09.43s EX Tick 478# +0.020 e0.017 d0.003 
09.45s EX Tick 479# +0.020 e0.017 d0.003 
09.47s EX Tick 480# +0.020 e0.017 d0.003 
09.48s EX Tick 481# +0.018 e0.017 d0.001 
09.50s EX Tick 482# +0.018 e0.017 d0.001 
09.52s EX Tick 483# +0.020 e0.017 d0.003 
09.54s EX Tick 484# +0.020 e0.017 d0.003 
09.56s EX Tick 485# +0.020 e0.017 d0.003 
09.58s PT Tick  20# +0.504 e0.500 d0.004 
Maneuver: Velocity Keeping
09.59s EX Tick 486# +0.026 e0.017 d0.010 
09.61s EX Tick 487# +0.018 e0.017 d0.002 
09.63s EX Tick 488# +0.020 e0.017 d0.003 
09.65s EX Tick 489# +0.019 e0.017 d0.003 
09.67s EX Tick 490# +0.020 e0.017 d0.003 
09.68s EX Tick 491# +0.019 e0.017 d0.002 
09.70s EX Tick 492# +0.020 e0.017 d0.003 
09.72s EX Tick 493# +0.020 e0.017 d0.003 
09.74s EX Tick 494# +0.017 e0.017 d0.000 
09.76s EX Tick 495# +0.020 e0.017 d0.004 
09.78s EX Tick 496# +0.019 e0.017 d0.002 
09.80s EX Tick 497# +0.019 e0.017 d0.002 
09.82s EX Tick 498# +0.021 e0.017 d0.004 
09.84s EX Tick 499# +0.020 e0.017 d0.003 
09.86s EX Tick 500# +0.017 e0.017 d0.001 
09.88s EX Tick 501# +0.020 e0.017 d0.004 
09.90s EX Tick 502# +0.021 e0.017 d0.004 
09.92s EX Tick 503# +0.019 e0.017 d0.002 
09.94s EX Tick 504# +0.020 e0.017 d0.003 
09.96s EX Tick 505# +0.020 e0.017 d0.004 
09.98s EX Tick 506# +0.019 e0.017 d0.003 
10.00s EX Tick 507# +0.020 e0.017 d0.004 
10.02s EX Tick 508# +0.021 e0.017 d0.004 
10.04s EX Tick 509# +0.019 e0.017 d0.002 
10.06s EX Tick 510# +0.020 e0.017 d0.003 
10.08s EX Tick 511# +0.020 e0.017 d0.004 
10.08s PT Tick  21# +0.504 e0.500 d0.004 
Maneuver: Velocity Keeping
10.10s EX Tick 512# +0.026 e0.017 d0.009 
10.12s EX Tick 513# +0.019 e0.017 d0.002 
10.14s EX Tick 514# +0.020 e0.017 d0.003 
10.16s EX Tick 515# +0.021 e0.017 d0.004 
10.18s EX Tick 516# +0.020 e0.017 d0.004 
10.20s EX Tick 517# +0.019 e0.017 d0.002 
10.22s EX Tick 518# +0.020 e0.017 d0.004 
10.24s EX Tick 519# +0.020 e0.017 d0.003 
10.26s EX Tick 520# +0.020 e0.017 d0.003 
10.28s EX Tick 521# +0.017 e0.017 d0.000 
10.30s EX Tick 522# +0.020 e0.017 d0.003 
10.32s EX Tick 523# +0.020 e0.017 d0.003 
10.34s EX Tick 524# +0.018 e0.017 d0.002 
10.36s EX Tick 525# +0.020 e0.017 d0.004 
10.38s EX Tick 526# +0.020 e0.017 d0.003 
10.40s EX Tick 527# +0.020 e0.017 d0.004 
10.42s EX Tick 528# +0.019 e0.017 d0.002 
10.43s EX Tick 529# +0.020 e0.017 d0.003 
10.45s EX Tick 530# +0.020 e0.017 d0.003 
10.47s EX Tick 531# +0.020 e0.017 d0.003 
10.49s EX Tick 532# +0.021 e0.017 d0.004 
10.52s EX Tick 533# +0.021 e0.017 d0.004 
10.54s EX Tick 534# +0.020 e0.017 d0.003 
10.56s EX Tick 535# +0.020 e0.017 d0.004 
10.58s EX Tick 536# +0.020 e0.017 d0.003 
10.59s PT Tick  22# +0.504 e0.500 d0.004 
Maneuver: Velocity Keeping
10.60s EX Tick 537# +0.024 e0.017 d0.008 
10.62s EX Tick 538# +0.020 e0.017 d0.003 
10.64s EX Tick 539# +0.021 e0.017 d0.004 
10.66s EX Tick 540# +0.020 e0.017 d0.003 
10.68s EX Tick 541# +0.020 e0.017 d0.004 
10.70s EX Tick 542# +0.021 e0.017 d0.004 
10.72s EX Tick 543# +0.019 e0.017 d0.002 
10.74s EX Tick 544# +0.020 e0.017 d0.003 
10.76s EX Tick 545# +0.020 e0.017 d0.004 
10.78s EX Tick 546# +0.020 e0.017 d0.003 
10.80s EX Tick 547# +0.020 e0.017 d0.004 
10.82s EX Tick 548# +0.021 e0.017 d0.004 
10.84s EX Tick 549# +0.019 e0.017 d0.003 
10.86s EX Tick 550# +0.020 e0.017 d0.004 
10.88s EX Tick 551# +0.020 e0.017 d0.003 
10.90s EX Tick 552# +0.019 e0.017 d0.002 
10.92s EX Tick 553# +0.021 e0.017 d0.004 
10.94s EX Tick 554# +0.017 e0.017 d0.001 
10.96s EX Tick 555# +0.021 e0.017 d0.004 
10.98s EX Tick 556# +0.020 e0.017 d0.004 
11.00s EX Tick 557# +0.020 e0.017 d0.004 
11.02s EX Tick 558# +0.020 e0.017 d0.004 
11.04s EX Tick 559# +0.020 e0.017 d0.004 
11.06s EX Tick 560# +0.020 e0.017 d0.003 
11.08s EX Tick 561# +0.019 e0.017 d0.002 
11.09s PT Tick  23# +0.504 e0.500 d0.004 
Maneuver: Velocity Keeping
11.11s EX Tick 562# +0.026 e0.017 d0.009 
11.13s EX Tick 563# +0.020 e0.017 d0.003 
11.15s EX Tick 564# +0.020 e0.017 d0.004 
11.17s EX Tick 565# +0.021 e0.017 d0.004 
11.19s EX Tick 566# +0.019 e0.017 d0.002 
11.21s EX Tick 567# +0.020 e0.017 d0.003 
11.23s EX Tick 568# +0.020 e0.017 d0.003 
11.25s EX Tick 569# +0.020 e0.017 d0.003 
11.26s EX Tick 570# +0.019 e0.017 d0.002 
11.28s EX Tick 571# +0.020 e0.017 d0.003 
11.30s EX Tick 572# +0.019 e0.017 d0.003 
11.32s EX Tick 573# +0.020 e0.017 d0.003 
11.34s EX Tick 574# +0.020 e0.017 d0.004 
11.36s EX Tick 575# +0.020 e0.017 d0.003 
11.38s EX Tick 576# +0.020 e0.017 d0.003 
11.40s EX Tick 577# +0.020 e0.017 d0.003 
11.42s EX Tick 578# +0.020 e0.017 d0.003 
11.44s EX Tick 579# +0.021 e0.017 d0.004 
11.46s EX Tick 580# +0.020 e0.017 d0.003 
11.48s EX Tick 581# +0.017 e0.017 d0.001 
11.50s EX Tick 582# +0.019 e0.017 d0.003 
11.52s EX Tick 583# +0.019 e0.017 d0.003 
11.54s EX Tick 584# +0.020 e0.017 d0.003 
11.56s EX Tick 585# +0.019 e0.017 d0.003 
11.58s EX Tick 586# +0.020 e0.017 d0.003 
11.60s PT Tick  24# +0.503 e0.500 d0.003 
Maneuver: Velocity Keeping
11.60s EX Tick 587# +0.025 e0.017 d0.009 
11.62s EX Tick 588# +0.020 e0.017 d0.003 
11.64s EX Tick 589# +0.020 e0.017 d0.004 
11.66s EX Tick 590# +0.020 e0.017 d0.003 
11.68s EX Tick 591# +0.020 e0.017 d0.003 
11.70s EX Tick 592# +0.020 e0.017 d0.003 
11.72s EX Tick 593# +0.020 e0.017 d0.003 
11.74s EX Tick 594# +0.020 e0.017 d0.004 
11.76s EX Tick 595# +0.020 e0.017 d0.003 
11.78s EX Tick 596# +0.019 e0.017 d0.003 
11.80s EX Tick 597# +0.021 e0.017 d0.004 
11.82s EX Tick 598# +0.018 e0.017 d0.002 
11.84s EX Tick 599# +0.019 e0.017 d0.002 
11.86s EX Tick 600# +0.019 e0.017 d0.003 
11.88s EX Tick 601# +0.019 e0.017 d0.003 
11.90s EX Tick 602# +0.020 e0.017 d0.004 
11.92s EX Tick 603# +0.020 e0.017 d0.003 
11.94s EX Tick 604# +0.020 e0.017 d0.003 
11.96s EX Tick 605# +0.018 e0.017 d0.002 
11.98s EX Tick 606# +0.019 e0.017 d0.003 
12.00s EX Tick 607# +0.019 e0.017 d0.003 
12.02s EX Tick 608# +0.021 e0.017 d0.004 
12.04s EX Tick 609# +0.020 e0.017 d0.003 
12.06s EX Tick 610# +0.019 e0.017 d0.002 
12.08s EX Tick 611# +0.020 e0.017 d0.003 
12.10s EX Tick 612# +0.020 e0.017 d0.003 
12.10s PT Tick  25# +0.504 e0.500 d0.004 
Maneuver: Velocity Keeping
12.12s EX Tick 613# +0.025 e0.017 d0.009 
12.14s EX Tick 614# +0.020 e0.017 d0.004 
12.16s EX Tick 615# +0.020 e0.017 d0.003 
12.18s EX Tick 616# +0.020 e0.017 d0.003 
12.20s EX Tick 617# +0.021 e0.017 d0.004 
12.22s EX Tick 618# +0.021 e0.017 d0.004 
12.24s EX Tick 619# +0.020 e0.017 d0.003 
12.26s EX Tick 620# +0.017 e0.017 d0.001 
12.28s EX Tick 621# +0.020 e0.017 d0.003 
12.30s EX Tick 622# +0.019 e0.017 d0.003 
12.32s EX Tick 623# +0.020 e0.017 d0.003 
12.34s EX Tick 624# +0.020 e0.017 d0.004 
12.36s EX Tick 625# +0.020 e0.017 d0.003 
12.38s EX Tick 626# +0.020 e0.017 d0.003 
12.40s EX Tick 627# +0.020 e0.017 d0.003 
12.42s EX Tick 628# +0.020 e0.017 d0.003 
12.44s EX Tick 629# +0.020 e0.017 d0.003 
12.46s EX Tick 630# +0.019 e0.017 d0.002 
12.48s EX Tick 631# +0.020 e0.017 d0.004 
12.50s EX Tick 632# +0.019 e0.017 d0.003 
12.51s EX Tick 633# +0.018 e0.017 d0.002 
12.53s EX Tick 634# +0.020 e0.017 d0.003 
12.55s EX Tick 635# +0.017 e0.017 d0.000 
12.57s EX Tick 636# +0.020 e0.017 d0.004 
12.59s EX Tick 637# +0.019 e0.017 d0.002 
12.60s PT Tick  26# +0.505 e0.500 d0.005 
Maneuver: Velocity Keeping
12.61s EX Tick 638# +0.025 e0.017 d0.008 
12.63s EX Tick 639# +0.020 e0.017 d0.003 
12.65s EX Tick 640# +0.019 e0.017 d0.003 
12.67s EX Tick 641# +0.020 e0.017 d0.003 
12.69s EX Tick 642# +0.019 e0.017 d0.003 
12.71s EX Tick 643# +0.021 e0.017 d0.004 
12.73s EX Tick 644# +0.021 e0.017 d0.004 
12.75s EX Tick 645# +0.021 e0.017 d0.004 
12.78s EX Tick 646# +0.021 e0.017 d0.004 
12.80s EX Tick 647# +0.021 e0.017 d0.004 
12.82s EX Tick 648# +0.020 e0.017 d0.004 
12.84s EX Tick 649# +0.019 e0.017 d0.003 
12.86s EX Tick 650# +0.021 e0.017 d0.004 
12.88s EX Tick 651# +0.020 e0.017 d0.004 
12.90s EX Tick 652# +0.019 e0.017 d0.003 
12.92s EX Tick 653# +0.020 e0.017 d0.003 
12.93s EX Tick 654# +0.019 e0.017 d0.002 
12.95s EX Tick 655# +0.020 e0.017 d0.003 
12.98s EX Tick 656# +0.020 e0.017 d0.004 
12.99s EX Tick 657# +0.019 e0.017 d0.002 
13.01s EX Tick 658# +0.020 e0.017 d0.003 
13.03s EX Tick 659# +0.020 e0.017 d0.004 
13.05s EX Tick 660# +0.019 e0.017 d0.002 
13.07s EX Tick 661# +0.021 e0.017 d0.004 
13.09s EX Tick 662# +0.019 e0.017 d0.003 
13.11s PT Tick  27# +0.504 e0.500 d0.004 
Maneuver: Velocity Keeping
13.12s EX Tick 663# +0.025 e0.017 d0.008 
13.14s EX Tick 664# +0.020 e0.017 d0.003 
13.16s EX Tick 665# +0.019 e0.017 d0.002 
13.18s EX Tick 666# +0.019 e0.017 d0.003 
13.19s EX Tick 667# +0.017 e0.017 d0.000 
13.21s EX Tick 668# +0.020 e0.017 d0.004 
13.23s EX Tick 669# +0.021 e0.017 d0.004 
13.25s EX Tick 670# +0.019 e0.017 d0.003 
13.27s EX Tick 671# +0.020 e0.017 d0.003 
13.29s EX Tick 672# +0.019 e0.017 d0.002 
13.31s EX Tick 673# +0.019 e0.017 d0.003 
13.33s EX Tick 674# +0.020 e0.017 d0.003 
13.35s EX Tick 675# +0.020 e0.017 d0.003 
13.37s EX Tick 676# +0.019 e0.017 d0.002 
13.39s EX Tick 677# +0.020 e0.017 d0.003 
13.41s EX Tick 678# +0.020 e0.017 d0.003 
13.43s EX Tick 679# +0.020 e0.017 d0.003 
13.45s EX Tick 680# +0.020 e0.017 d0.003 
13.47s EX Tick 681# +0.018 e0.017 d0.001 
13.48s EX Tick 682# +0.018 e0.017 d0.001 
13.50s EX Tick 683# +0.020 e0.017 d0.003 
13.52s EX Tick 684# +0.020 e0.017 d0.004 
13.54s EX Tick 685# +0.020 e0.017 d0.004 
13.56s EX Tick 686# +0.019 e0.017 d0.003 
13.58s EX Tick 687# +0.020 e0.017 d0.004 
13.60s EX Tick 688# +0.020 e0.017 d0.003 
13.61s PT Tick  28# +0.503 e0.500 d0.003 
Maneuver: Velocity Keeping
13.63s EX Tick 689# +0.025 e0.017 d0.008 
13.65s EX Tick 690# +0.020 e0.017 d0.003 
13.67s EX Tick 691# +0.020 e0.017 d0.003 
13.69s EX Tick 692# +0.021 e0.017 d0.004 
13.71s EX Tick 693# +0.020 e0.017 d0.003 
13.73s EX Tick 694# +0.017 e0.017 d0.001 
13.75s EX Tick 695# +0.021 e0.017 d0.004 
13.77s EX Tick 696# +0.021 e0.017 d0.004 
13.79s EX Tick 697# +0.020 e0.017 d0.003 
13.81s EX Tick 698# +0.019 e0.017 d0.003 
13.83s EX Tick 699# +0.020 e0.017 d0.003 
13.85s EX Tick 700# +0.020 e0.017 d0.004 
13.87s EX Tick 701# +0.020 e0.017 d0.003 
13.89s EX Tick 702# +0.020 e0.017 d0.003 
13.91s EX Tick 703# +0.020 e0.017 d0.003 
13.93s EX Tick 704# +0.020 e0.017 d0.003 
13.95s EX Tick 705# +0.020 e0.017 d0.003 
13.97s EX Tick 706# +0.019 e0.017 d0.002 
13.99s EX Tick 707# +0.021 e0.017 d0.004 
14.01s EX Tick 708# +0.020 e0.017 d0.003 
14.03s EX Tick 709# +0.019 e0.017 d0.003 
14.04s EX Tick 710# +0.019 e0.017 d0.002 
14.06s EX Tick 711# +0.020 e0.017 d0.003 
14.08s EX Tick 712# +0.020 e0.017 d0.004 
14.10s EX Tick 713# +0.020 e0.017 d0.003 
14.12s PT Tick  29# +0.504 e0.500 d0.004 
Maneuver: Velocity Keeping
14.13s EX Tick 714# +0.025 e0.017 d0.008 
14.15s EX Tick 715# +0.019 e0.017 d0.003 
14.17s EX Tick 716# +0.020 e0.017 d0.004 
14.19s EX Tick 717# +0.020 e0.017 d0.003 
14.21s EX Tick 718# +0.019 e0.017 d0.002 
14.23s EX Tick 719# +0.021 e0.017 d0.004 
14.25s EX Tick 720# +0.018 e0.017 d0.002 
14.27s EX Tick 721# +0.019 e0.017 d0.002 
14.29s EX Tick 722# +0.021 e0.017 d0.004 
14.31s EX Tick 723# +0.019 e0.017 d0.003 
14.33s EX Tick 724# +0.020 e0.017 d0.003 
14.34s EX Tick 725# +0.019 e0.017 d0.002 
14.36s EX Tick 726# +0.020 e0.017 d0.003 
14.39s EX Tick 727# +0.021 e0.017 d0.004 
14.40s EX Tick 728# +0.020 e0.017 d0.003 
14.43s EX Tick 729# +0.021 e0.017 d0.004 
14.44s EX Tick 730# +0.019 e0.017 d0.003 
14.46s EX Tick 731# +0.019 e0.017 d0.003 
14.48s EX Tick 732# +0.020 e0.017 d0.003 
14.50s EX Tick 733# +0.020 e0.017 d0.004 
14.52s EX Tick 734# +0.020 e0.017 d0.003 
14.54s EX Tick 735# +0.020 e0.017 d0.003 
14.56s EX Tick 736# +0.020 e0.017 d0.003 
14.59s EX Tick 737# +0.021 e0.017 d0.004 
14.60s EX Tick 738# +0.019 e0.017 d0.003 
14.62s PT Tick  30# +0.504 e0.500 d0.004 
Maneuver: Velocity Keeping
14.63s EX Tick 739# +0.026 e0.017 d0.009 
14.65s EX Tick 740# +0.018 e0.017 d0.001 
14.67s EX Tick 741# +0.019 e0.017 d0.003 
14.69s EX Tick 742# +0.020 e0.017 d0.003 
14.71s EX Tick 743# +0.018 e0.017 d0.001 
14.73s EX Tick 744# +0.020 e0.017 d0.003 
14.74s EX Tick 745# +0.019 e0.017 d0.002 
14.76s EX Tick 746# +0.020 e0.017 d0.003 
14.78s EX Tick 747# +0.019 e0.017 d0.002 
14.80s EX Tick 748# +0.021 e0.017 d0.004 
14.82s EX Tick 749# +0.019 e0.017 d0.003 
14.84s EX Tick 750# +0.020 e0.017 d0.004 
14.86s EX Tick 751# +0.018 e0.017 d0.002 
14.88s EX Tick 752# +0.020 e0.017 d0.003 
14.90s EX Tick 753# +0.017 e0.017 d0.001 
14.92s EX Tick 754# +0.021 e0.017 d0.004 
14.94s EX Tick 755# +0.021 e0.017 d0.004 
14.96s EX Tick 756# +0.020 e0.017 d0.004 
14.98s EX Tick 757# +0.019 e0.017 d0.002 
15.00s EX Tick 758# +0.019 e0.017 d0.002 
15.02s EX Tick 759# +0.019 e0.017 d0.002 
15.04s EX Tick 760# +0.020 e0.017 d0.003 
15.06s EX Tick 761# +0.019 e0.017 d0.002 
15.08s EX Tick 762# +0.019 e0.017 d0.002 
15.09s EX Tick 763# +0.019 e0.017 d0.002 
15.11s EX Tick 764# +0.019 e0.017 d0.002 
15.12s PT Tick  31# +0.504 e0.500 d0.004 
Maneuver: Velocity Keeping
15.14s EX Tick 765# +0.026 e0.017 d0.009 
15.16s EX Tick 766# +0.017 e0.017 d0.000 
15.18s EX Tick 767# +0.019 e0.017 d0.002 
15.20s EX Tick 768# +0.021 e0.017 d0.004 
15.22s EX Tick 769# +0.019 e0.017 d0.003 
15.24s EX Tick 770# +0.020 e0.017 d0.003 
15.26s EX Tick 771# +0.020 e0.017 d0.003 
15.28s EX Tick 772# +0.020 e0.017 d0.003 
15.30s EX Tick 773# +0.020 e0.017 d0.003 
15.32s EX Tick 774# +0.020 e0.017 d0.004 
15.34s EX Tick 775# +0.020 e0.017 d0.004 
15.36s EX Tick 776# +0.020 e0.017 d0.004 
15.38s EX Tick 777# +0.019 e0.017 d0.003 
15.39s EX Tick 778# +0.017 e0.017 d0.000 
15.41s EX Tick 779# +0.019 e0.017 d0.002 
15.43s EX Tick 780# +0.018 e0.017 d0.002 
15.45s EX Tick 781# +0.020 e0.017 d0.003 
15.47s EX Tick 782# +0.017 e0.017 d0.001 
15.48s EX Tick 783# +0.017 e0.017 d0.000 
15.50s EX Tick 784# +0.020 e0.017 d0.003 
15.52s EX Tick 785# +0.020 e0.017 d0.003 
15.54s EX Tick 786# +0.020 e0.017 d0.003 
15.56s EX Tick 787# +0.019 e0.017 d0.002 
15.58s EX Tick 788# +0.020 e0.017 d0.003 
15.60s EX Tick 789# +0.020 e0.017 d0.003 
15.62s EX Tick 790# +0.020 e0.017 d0.003 
15.63s PT Tick  32# +0.504 e0.500 d0.004 
Maneuver: Velocity Keeping
15.65s EX Tick 791# +0.025 e0.017 d0.009 
15.66s EX Tick 792# +0.018 e0.017 d0.002 
15.68s EX Tick 793# +0.020 e0.017 d0.003 
15.70s EX Tick 794# +0.020 e0.017 d0.003 
15.72s EX Tick 795# +0.019 e0.017 d0.002 
15.74s EX Tick 796# +0.020 e0.017 d0.004 
15.76s EX Tick 797# +0.021 e0.017 d0.004 
15.78s EX Tick 798# +0.020 e0.017 d0.003 
15.80s EX Tick 799# +0.020 e0.017 d0.003 
15.83s EX Tick 800# +0.021 e0.017 d0.004 
15.84s EX Tick 801# +0.019 e0.017 d0.002 
15.86s EX Tick 802# +0.018 e0.017 d0.002 
15.88s EX Tick 803# +0.020 e0.017 d0.003 
15.90s EX Tick 804# +0.019 e0.017 d0.002 
15.92s EX Tick 805# +0.020 e0.017 d0.003 
15.94s EX Tick 806# +0.020 e0.017 d0.003 
15.96s EX Tick 807# +0.017 e0.017 d0.001 
15.98s EX Tick 808# +0.019 e0.017 d0.002 
16.00s EX Tick 809# +0.019 e0.017 d0.002 
16.02s EX Tick 810# +0.020 e0.017 d0.003 
16.04s EX Tick 811# +0.020 e0.017 d0.003 
16.06s EX Tick 812# +0.020 e0.017 d0.003 
16.08s EX Tick 813# +0.019 e0.017 d0.002 
16.10s EX Tick 814# +0.020 e0.017 d0.003 
16.12s EX Tick 815# +0.020 e0.017 d0.003 
16.13s PT Tick  33# +0.503 e0.500 d0.003 
Maneuver: Velocity Keeping
16.14s EX Tick 816# +0.025 e0.017 d0.008 
16.16s EX Tick 817# +0.019 e0.017 d0.003 
16.18s EX Tick 818# +0.018 e0.017 d0.001 
16.20s EX Tick 819# +0.020 e0.017 d0.003 
16.22s EX Tick 820# +0.020 e0.017 d0.003 
16.24s EX Tick 821# +0.020 e0.017 d0.003 
16.26s EX Tick 822# +0.018 e0.017 d0.002 
16.28s EX Tick 823# +0.021 e0.017 d0.004 
16.30s EX Tick 824# +0.019 e0.017 d0.003 
16.31s EX Tick 825# +0.018 e0.017 d0.001 
16.33s EX Tick 826# +0.020 e0.017 d0.003 
16.35s EX Tick 827# +0.020 e0.017 d0.003 
16.37s EX Tick 828# +0.019 e0.017 d0.002 
16.39s EX Tick 829# +0.018 e0.017 d0.002 
16.41s EX Tick 830# +0.021 e0.017 d0.004 
16.43s EX Tick 831# +0.020 e0.017 d0.003 
16.45s EX Tick 832# +0.019 e0.017 d0.003 
16.47s EX Tick 833# +0.018 e0.017 d0.002 
16.49s EX Tick 834# +0.021 e0.017 d0.004 
16.51s EX Tick 835# +0.019 e0.017 d0.002 
16.53s EX Tick 836# +0.020 e0.017 d0.003 
16.55s EX Tick 837# +0.020 e0.017 d0.003 
16.56s EX Tick 838# +0.017 e0.017 d0.000 
16.58s EX Tick 839# +0.020 e0.017 d0.003 
16.60s EX Tick 840# +0.020 e0.017 d0.003 
16.62s EX Tick 841# +0.018 e0.017 d0.002 
16.64s PT Tick  34# +0.505 e0.500 d0.005 
Maneuver: Velocity Keeping
16.65s EX Tick 842# +0.026 e0.017 d0.009 
16.67s EX Tick 843# +0.020 e0.017 d0.003 
16.69s EX Tick 844# +0.020 e0.017 d0.003 
16.71s EX Tick 845# +0.020 e0.017 d0.003 
16.73s EX Tick 846# +0.018 e0.017 d0.001 
16.75s EX Tick 847# +0.020 e0.017 d0.003 
16.76s EX Tick 848# +0.019 e0.017 d0.002 
16.78s EX Tick 849# +0.020 e0.017 d0.003 
16.81s EX Tick 850# +0.021 e0.017 d0.004 
16.83s EX Tick 851# +0.020 e0.017 d0.004 
16.84s EX Tick 852# +0.019 e0.017 d0.003 
16.86s EX Tick 853# +0.020 e0.017 d0.003 
16.88s EX Tick 854# +0.020 e0.017 d0.004 
16.91s EX Tick 855# +0.021 e0.017 d0.004 
16.93s EX Tick 856# +0.020 e0.017 d0.004 
16.95s EX Tick 857# +0.019 e0.017 d0.003 
16.96s EX Tick 858# +0.019 e0.017 d0.003 
16.98s EX Tick 859# +0.020 e0.017 d0.004 
17.00s EX Tick 860# +0.020 e0.017 d0.003 
17.02s EX Tick 861# +0.019 e0.017 d0.003 
17.04s EX Tick 862# +0.020 e0.017 d0.004 
17.06s EX Tick 863# +0.019 e0.017 d0.003 
17.08s EX Tick 864# +0.021 e0.017 d0.004 
17.10s EX Tick 865# +0.020 e0.017 d0.003 
17.12s EX Tick 866# +0.019 e0.017 d0.002 
17.14s PT Tick  35# +0.503 e0.500 d0.003 
Maneuver: Velocity Keeping
17.15s EX Tick 867# +0.026 e0.017 d0.009 
17.17s EX Tick 868# +0.019 e0.017 d0.002 
17.19s EX Tick 869# +0.021 e0.017 d0.004 
17.21s EX Tick 870# +0.018 e0.017 d0.002 
17.22s EX Tick 871# +0.017 e0.017 d0.000 
17.24s EX Tick 872# +0.020 e0.017 d0.003 
17.26s EX Tick 873# +0.018 e0.017 d0.001 
17.28s EX Tick 874# +0.019 e0.017 d0.002 
17.30s EX Tick 875# +0.021 e0.017 d0.004 
17.32s EX Tick 876# +0.021 e0.017 d0.004 
17.34s EX Tick 877# +0.019 e0.017 d0.003 
17.36s EX Tick 878# +0.019 e0.017 d0.003 
17.38s EX Tick 879# +0.020 e0.017 d0.003 
17.40s EX Tick 880# +0.019 e0.017 d0.003 
17.42s EX Tick 881# +0.018 e0.017 d0.002 
17.44s EX Tick 882# +0.021 e0.017 d0.004 
17.46s EX Tick 883# +0.020 e0.017 d0.003 
17.48s EX Tick 884# +0.020 e0.017 d0.003 
17.50s EX Tick 885# +0.020 e0.017 d0.004 
17.52s EX Tick 886# +0.021 e0.017 d0.004 
17.54s EX Tick 887# +0.021 e0.017 d0.004 
17.56s EX Tick 888# +0.018 e0.017 d0.002 
17.58s EX Tick 889# +0.020 e0.017 d0.003 
17.60s EX Tick 890# +0.019 e0.017 d0.002 
17.62s EX Tick 891# +0.019 e0.017 d0.003 
17.64s EX Tick 892# +0.020 e0.017 d0.003 
17.64s PT Tick  36# +0.503 e0.500 d0.003 
Maneuver: Velocity Keeping
17.66s EX Tick 893# +0.025 e0.017 d0.008 
17.68s EX Tick 894# +0.019 e0.017 d0.002 
17.70s EX Tick 895# +0.019 e0.017 d0.002 
17.72s EX Tick 896# +0.019 e0.017 d0.002 
17.74s EX Tick 897# +0.020 e0.017 d0.003 
17.76s EX Tick 898# +0.020 e0.017 d0.003 
17.78s EX Tick 899# +0.021 e0.017 d0.004 
17.80s EX Tick 900# +0.020 e0.017 d0.003 
17.82s EX Tick 901# +0.020 e0.017 d0.003 
17.84s EX Tick 902# +0.020 e0.017 d0.004 
17.86s EX Tick 903# +0.019 e0.017 d0.002 
17.88s EX Tick 904# +0.020 e0.017 d0.003 
17.90s EX Tick 905# +0.020 e0.017 d0.003 
17.92s EX Tick 906# +0.020 e0.017 d0.004 
17.94s EX Tick 907# +0.020 e0.017 d0.003 
17.96s EX Tick 908# +0.020 e0.017 d0.003 
17.98s EX Tick 909# +0.020 e0.017 d0.003 
17.99s EX Tick 910# +0.019 e0.017 d0.003 
18.02s EX Tick 911# +0.021 e0.017 d0.004 
18.03s EX Tick 912# +0.018 e0.017 d0.001 
18.05s EX Tick 913# +0.019 e0.017 d0.002 
18.07s EX Tick 914# +0.019 e0.017 d0.003 
18.09s EX Tick 915# +0.019 e0.017 d0.002 
18.11s EX Tick 916# +0.020 e0.017 d0.004 
18.13s EX Tick 917# +0.017 e0.017 d0.000 
18.15s PT Tick  37# +0.504 e0.500 d0.004 
Maneuver: Velocity Keeping
18.16s EX Tick 918# +0.028 e0.017 d0.011 
18.17s EX Tick 919# +0.017 e0.017 d0.000 
18.19s EX Tick 920# +0.019 e0.017 d0.003 
18.21s EX Tick 921# +0.018 e0.017 d0.001 
18.23s EX Tick 922# +0.020 e0.017 d0.003 
18.25s EX Tick 923# +0.019 e0.017 d0.002 
18.27s EX Tick 924# +0.020 e0.017 d0.003 
18.29s EX Tick 925# +0.021 e0.017 d0.004 
18.31s EX Tick 926# +0.020 e0.017 d0.004 
18.33s EX Tick 927# +0.019 e0.017 d0.003 
18.35s EX Tick 928# +0.019 e0.017 d0.003 
18.37s EX Tick 929# +0.019 e0.017 d0.003 
18.39s EX Tick 930# +0.021 e0.017 d0.004 
18.41s EX Tick 931# +0.020 e0.017 d0.004 
18.43s EX Tick 932# +0.020 e0.017 d0.003 
18.45s EX Tick 933# +0.019 e0.017 d0.002 
18.47s EX Tick 934# +0.019 e0.017 d0.002 
18.48s EX Tick 935# +0.018 e0.017 d0.001 
18.50s EX Tick 936# +0.020 e0.017 d0.003 
18.52s EX Tick 937# +0.017 e0.017 d0.000 
18.54s EX Tick 938# +0.019 e0.017 d0.002 
18.56s EX Tick 939# +0.019 e0.017 d0.003 
18.58s EX Tick 940# +0.020 e0.017 d0.004 
18.60s EX Tick 941# +0.019 e0.017 d0.002 
18.62s EX Tick 942# +0.020 e0.017 d0.003 
18.64s EX Tick 943# +0.021 e0.017 d0.004 
18.65s PT Tick  38# +0.505 e0.500 d0.005 
Maneuver: Velocity Keeping
18.66s EX Tick 944# +0.022 e0.017 d0.005 
18.68s EX Tick 945# +0.019 e0.017 d0.003 
18.70s EX Tick 946# +0.018 e0.017 d0.002 
18.72s EX Tick 947# +0.020 e0.017 d0.003 
18.74s EX Tick 948# +0.021 e0.017 d0.004 
18.76s EX Tick 949# +0.020 e0.017 d0.004 
18.78s EX Tick 950# +0.021 e0.017 d0.004 
18.80s EX Tick 951# +0.020 e0.017 d0.004 
18.82s EX Tick 952# +0.019 e0.017 d0.002 
18.84s EX Tick 953# +0.020 e0.017 d0.003 
18.86s EX Tick 954# +0.019 e0.017 d0.003 
18.88s EX Tick 955# +0.020 e0.017 d0.004 
18.90s EX Tick 956# +0.020 e0.017 d0.003 
18.92s EX Tick 957# +0.021 e0.017 d0.004 
18.94s EX Tick 958# +0.020 e0.017 d0.003 
18.96s EX Tick 959# +0.019 e0.017 d0.003 
18.98s EX Tick 960# +0.019 e0.017 d0.002 
18.99s EX Tick 961# +0.017 e0.017 d0.000 
19.01s EX Tick 962# +0.020 e0.017 d0.004 
19.04s EX Tick 963# +0.021 e0.017 d0.004 
19.05s EX Tick 964# +0.018 e0.017 d0.002 
19.07s EX Tick 965# +0.020 e0.017 d0.003 
19.09s EX Tick 966# +0.019 e0.017 d0.002 
19.11s EX Tick 967# +0.018 e0.017 d0.002 
19.13s EX Tick 968# +0.021 e0.017 d0.004 
19.15s EX Tick 969# +0.019 e0.017 d0.002 
19.16s PT Tick  39# +0.504 e0.500 d0.004 
Maneuver: Velocity Keeping
19.17s EX Tick 970# +0.025 e0.017 d0.008 
19.19s EX Tick 971# +0.020 e0.017 d0.003 
19.21s EX Tick 972# +0.020 e0.017 d0.004 
19.24s EX Tick 973# +0.020 e0.017 d0.004 
19.26s EX Tick 974# +0.021 e0.017 d0.004 
19.28s EX Tick 975# +0.020 e0.017 d0.003 
19.29s EX Tick 976# +0.017 e0.017 d0.000 
19.31s EX Tick 977# +0.021 e0.017 d0.004 
19.33s EX Tick 978# +0.020 e0.017 d0.003 
19.35s EX Tick 979# +0.019 e0.017 d0.002 
19.37s EX Tick 980# +0.020 e0.017 d0.003 
19.39s EX Tick 981# +0.019 e0.017 d0.002 
19.41s EX Tick 982# +0.021 e0.017 d0.004 
19.43s EX Tick 983# +0.020 e0.017 d0.004 
19.45s EX Tick 984# +0.020 e0.017 d0.004 
19.47s EX Tick 985# +0.021 e0.017 d0.004 
19.49s EX Tick 986# +0.019 e0.017 d0.003 
19.51s EX Tick 987# +0.018 e0.017 d0.001 
19.53s EX Tick 988# +0.019 e0.017 d0.002 
19.55s EX Tick 989# +0.020 e0.017 d0.003 
19.57s EX Tick 990# +0.020 e0.017 d0.003 
19.59s EX Tick 991# +0.020 e0.017 d0.003 
19.61s EX Tick 992# +0.020 e0.017 d0.003 
19.63s EX Tick 993# +0.018 e0.017 d0.001 
19.65s EX Tick 994# +0.018 e0.017 d0.001 
19.66s PT Tick  40# +0.502 e0.500 d0.002 
Maneuver: Velocity Keeping
19.67s EX Tick 995# +0.025 e0.017 d0.008 
19.69s EX Tick 996# +0.019 e0.017 d0.003 
19.71s EX Tick 997# +0.020 e0.017 d0.003 
19.73s EX Tick 998# +0.020 e0.017 d0.003 
19.75s EX Tick 999# +0.021 e0.017 d0.004 
19.77s EX Tick 1000# +0.020 e0.017 d0.003 
19.79s EX Tick 1001# +0.019 e0.017 d0.003 
19.81s EX Tick 1002# +0.019 e0.017 d0.003 
19.83s EX Tick 1003# +0.019 e0.017 d0.002 
19.85s EX Tick 1004# +0.020 e0.017 d0.003 
19.87s EX Tick 1005# +0.019 e0.017 d0.002 
19.89s EX Tick 1006# +0.019 e0.017 d0.002 
19.91s EX Tick 1007# +0.021 e0.017 d0.004 
19.93s EX Tick 1008# +0.020 e0.017 d0.003 
19.95s EX Tick 1009# +0.020 e0.017 d0.003 
19.97s EX Tick 1010# +0.020 e0.017 d0.003 
19.99s EX Tick 1011# +0.020 e0.017 d0.003 
20.01s EX Tick 1012# +0.021 e0.017 d0.004 
20.03s EX Tick 1013# +0.019 e0.017 d0.003 
20.04s EX Tick 1014# +0.019 e0.017 d0.002 
20.06s EX Tick 1015# +0.020 e0.017 d0.003 
20.08s EX Tick 1016# +0.020 e0.017 d0.004 
20.10s EX Tick 1017# +0.020 e0.017 d0.003 
20.12s EX Tick 1018# +0.020 e0.017 d0.003 
20.14s EX Tick 1019# +0.020 e0.017 d0.004 
20.16s PT Tick  41# +0.504 e0.500 d0.004 
Maneuver: Velocity Keeping
20.16s EX Tick 1020# +0.020 e0.017 d0.003 
20.18s EX Tick 1021# +0.019 e0.017 d0.002 
20.20s EX Tick 1022# +0.020 e0.017 d0.003 
20.22s EX Tick 1023# +0.020 e0.017 d0.003 
20.24s EX Tick 1024# +0.018 e0.017 d0.001 
20.26s EX Tick 1025# +0.017 e0.017 d0.000 
20.28s EX Tick 1026# +0.019 e0.017 d0.003 
20.30s EX Tick 1027# +0.020 e0.017 d0.003 
20.32s EX Tick 1028# +0.020 e0.017 d0.003 
20.34s EX Tick 1029# +0.020 e0.017 d0.003 
20.36s EX Tick 1030# +0.020 e0.017 d0.003 
20.38s EX Tick 1031# +0.020 e0.017 d0.004 
20.40s EX Tick 1032# +0.019 e0.017 d0.003 
20.42s EX Tick 1033# +0.019 e0.017 d0.002 
20.44s EX Tick 1034# +0.021 e0.017 d0.004 
20.46s EX Tick 1035# +0.020 e0.017 d0.003 
20.48s EX Tick 1036# +0.020 e0.017 d0.004 
20.50s EX Tick 1037# +0.020 e0.017 d0.003 
20.52s EX Tick 1038# +0.019 e0.017 d0.003 
20.54s EX Tick 1039# +0.020 e0.017 d0.003 
20.56s EX Tick 1040# +0.020 e0.017 d0.003 
20.58s EX Tick 1041# +0.020 e0.017 d0.004 
20.60s EX Tick 1042# +0.020 e0.017 d0.003 
20.62s EX Tick 1043# +0.020 e0.017 d0.003 
20.64s EX Tick 1044# +0.021 e0.017 d0.004 
20.66s EX Tick 1045# +0.020 e0.017 d0.004 
20.67s PT Tick  42# +0.505 e0.500 d0.005 
Maneuver: Velocity Keeping
20.68s EX Tick 1046# +0.023 e0.017 d0.006 
20.70s EX Tick 1047# +0.021 e0.017 d0.004 
20.72s EX Tick 1048# +0.019 e0.017 d0.003 
20.74s EX Tick 1049# +0.020 e0.017 d0.003 
20.76s EX Tick 1050# +0.019 e0.017 d0.003 
20.78s EX Tick 1051# +0.019 e0.017 d0.002 
20.80s EX Tick 1052# +0.020 e0.017 d0.003 
20.82s EX Tick 1053# +0.020 e0.017 d0.003 
20.84s EX Tick 1054# +0.020 e0.017 d0.003 
20.86s EX Tick 1055# +0.019 e0.017 d0.002 
20.88s EX Tick 1056# +0.020 e0.017 d0.003 
20.90s EX Tick 1057# +0.020 e0.017 d0.003 
20.91s EX Tick 1058# +0.019 e0.017 d0.003 
20.93s EX Tick 1059# +0.020 e0.017 d0.003 
20.96s EX Tick 1060# +0.021 e0.017 d0.004 
20.98s EX Tick 1061# +0.020 e0.017 d0.003 
21.00s EX Tick 1062# +0.020 e0.017 d0.003 
21.01s EX Tick 1063# +0.018 e0.017 d0.001 
21.03s EX Tick 1064# +0.020 e0.017 d0.003 
21.05s EX Tick 1065# +0.019 e0.017 d0.002 
21.07s EX Tick 1066# +0.020 e0.017 d0.003 
21.09s EX Tick 1067# +0.019 e0.017 d0.002 
21.11s EX Tick 1068# +0.018 e0.017 d0.002 
21.13s EX Tick 1069# +0.019 e0.017 d0.002 
21.15s EX Tick 1070# +0.020 e0.017 d0.003 
21.17s EX Tick 1071# +0.020 e0.017 d0.003 
21.17s PT Tick  43# +0.504 e0.500 d0.004 
Maneuver: Velocity Keeping
21.19s EX Tick 1072# +0.024 e0.017 d0.007 
21.21s EX Tick 1073# +0.020 e0.017 d0.003 
21.23s EX Tick 1074# +0.018 e0.017 d0.001 
21.25s EX Tick 1075# +0.018 e0.017 d0.001 
21.27s EX Tick 1076# +0.021 e0.017 d0.004 
21.29s EX Tick 1077# +0.020 e0.017 d0.004 
21.31s EX Tick 1078# +0.021 e0.017 d0.004 
21.33s EX Tick 1079# +0.020 e0.017 d0.003 
21.35s EX Tick 1080# +0.019 e0.017 d0.002 
21.37s EX Tick 1081# +0.020 e0.017 d0.003 
21.39s EX Tick 1082# +0.017 e0.017 d0.001 
21.41s EX Tick 1083# +0.020 e0.017 d0.003 
21.43s EX Tick 1084# +0.020 e0.017 d0.003 
21.44s EX Tick 1085# +0.018 e0.017 d0.001 
21.46s EX Tick 1086# +0.019 e0.017 d0.002 
21.48s EX Tick 1087# +0.019 e0.017 d0.002 
21.50s EX Tick 1088# +0.020 e0.017 d0.003 
21.52s EX Tick 1089# +0.020 e0.017 d0.003 
21.54s EX Tick 1090# +0.019 e0.017 d0.003 
21.56s EX Tick 1091# +0.020 e0.017 d0.004 
21.58s EX Tick 1092# +0.019 e0.017 d0.003 
21.60s EX Tick 1093# +0.017 e0.017 d0.000 
21.62s EX Tick 1094# +0.020 e0.017 d0.003 
21.64s EX Tick 1095# +0.019 e0.017 d0.003 
21.66s EX Tick 1096# +0.020 e0.017 d0.003 
21.68s PT Tick  44# +0.504 e0.500 d0.004 
Maneuver: Velocity Keeping
21.68s EX Tick 1097# +0.027 e0.017 d0.010 
21.70s EX Tick 1098# +0.019 e0.017 d0.003 
21.72s EX Tick 1099# +0.020 e0.017 d0.003 
21.74s EX Tick 1100# +0.020 e0.017 d0.003 
21.76s EX Tick 1101# +0.020 e0.017 d0.003 
21.78s EX Tick 1102# +0.019 e0.017 d0.002 
21.80s EX Tick 1103# +0.020 e0.017 d0.004 
21.82s EX Tick 1104# +0.021 e0.017 d0.004 
21.84s EX Tick 1105# +0.019 e0.017 d0.002 
21.86s EX Tick 1106# +0.020 e0.017 d0.004 
21.88s EX Tick 1107# +0.019 e0.017 d0.003 
21.90s EX Tick 1108# +0.018 e0.017 d0.002 
21.92s EX Tick 1109# +0.020 e0.017 d0.003 
21.94s EX Tick 1110# +0.020 e0.017 d0.004 
21.96s EX Tick 1111# +0.019 e0.017 d0.003 
21.98s EX Tick 1112# +0.021 e0.017 d0.004 
22.00s EX Tick 1113# +0.020 e0.017 d0.003 
22.02s EX Tick 1114# +0.020 e0.017 d0.004 
22.04s EX Tick 1115# +0.020 e0.017 d0.003 
22.06s EX Tick 1116# +0.020 e0.017 d0.003 
22.08s EX Tick 1117# +0.020 e0.017 d0.003 
22.10s EX Tick 1118# +0.021 e0.017 d0.004 
22.12s EX Tick 1119# +0.019 e0.017 d0.002 
22.14s EX Tick 1120# +0.021 e0.017 d0.004 
22.16s EX Tick 1121# +0.020 e0.017 d0.004 
22.18s PT Tick  45# +0.504 e0.500 d0.004 
Maneuver: Velocity Keeping
22.19s EX Tick 1122# +0.028 e0.017 d0.011 
22.21s EX Tick 1123# +0.020 e0.017 d0.003 
22.23s EX Tick 1124# +0.021 e0.017 d0.004 
22.25s EX Tick 1125# +0.021 e0.017 d0.004 
22.27s EX Tick 1126# +0.020 e0.017 d0.003 
22.29s EX Tick 1127# +0.020 e0.017 d0.003 
22.31s EX Tick 1128# +0.019 e0.017 d0.002 
22.33s EX Tick 1129# +0.019 e0.017 d0.002 
22.35s EX Tick 1130# +0.020 e0.017 d0.003 
22.37s EX Tick 1131# +0.019 e0.017 d0.003 
22.39s EX Tick 1132# +0.020 e0.017 d0.003 
22.41s EX Tick 1133# +0.020 e0.017 d0.003 
22.43s EX Tick 1134# +0.020 e0.017 d0.003 
22.45s EX Tick 1135# +0.020 e0.017 d0.003 
22.46s EX Tick 1136# +0.017 e0.017 d0.001 
22.48s EX Tick 1137# +0.017 e0.017 d0.000 
22.50s EX Tick 1138# +0.020 e0.017 d0.004 
22.52s EX Tick 1139# +0.019 e0.017 d0.002 
22.54s EX Tick 1140# +0.020 e0.017 d0.003 
22.56s EX Tick 1141# +0.020 e0.017 d0.003 
22.58s EX Tick 1142# +0.020 e0.017 d0.003 
22.60s EX Tick 1143# +0.020 e0.017 d0.004 
22.62s EX Tick 1144# +0.020 e0.017 d0.003 
22.64s EX Tick 1145# +0.020 e0.017 d0.003 
22.66s EX Tick 1146# +0.020 e0.017 d0.003 
22.68s EX Tick 1147# +0.019 e0.017 d0.002 
22.68s PT Tick  46# +0.505 e0.500 d0.005 
Maneuver: Velocity Keeping
22.70s EX Tick 1148# +0.025 e0.017 d0.009 
22.72s EX Tick 1149# +0.020 e0.017 d0.003 
22.74s EX Tick 1150# +0.020 e0.017 d0.003 
22.76s EX Tick 1151# +0.020 e0.017 d0.003 
22.78s EX Tick 1152# +0.019 e0.017 d0.003 
22.80s EX Tick 1153# +0.020 e0.017 d0.004 
22.82s EX Tick 1154# +0.019 e0.017 d0.002 
22.84s EX Tick 1155# +0.019 e0.017 d0.002 
22.86s EX Tick 1156# +0.021 e0.017 d0.004 
22.88s EX Tick 1157# +0.020 e0.017 d0.003 
22.90s EX Tick 1158# +0.020 e0.017 d0.003 
22.92s EX Tick 1159# +0.020 e0.017 d0.003 
22.94s EX Tick 1160# +0.020 e0.017 d0.003 
22.96s EX Tick 1161# +0.021 e0.017 d0.004 
22.98s EX Tick 1162# +0.019 e0.017 d0.002 
23.00s EX Tick 1163# +0.019 e0.017 d0.003 
23.02s EX Tick 1164# +0.020 e0.017 d0.003 
23.04s EX Tick 1165# +0.021 e0.017 d0.004 
23.06s EX Tick 1166# +0.021 e0.017 d0.004 
23.08s EX Tick 1167# +0.020 e0.017 d0.003 
23.10s EX Tick 1168# +0.021 e0.017 d0.004 
23.12s EX Tick 1169# +0.020 e0.017 d0.003 
23.14s EX Tick 1170# +0.019 e0.017 d0.002 
23.16s EX Tick 1171# +0.020 e0.017 d0.003 
23.18s EX Tick 1172# +0.020 e0.017 d0.003 
23.19s PT Tick  47# +0.504 e0.500 d0.004 
Maneuver: Velocity Keeping
23.20s EX Tick 1173# +0.025 e0.017 d0.008 
23.22s EX Tick 1174# +0.019 e0.017 d0.003 
23.24s EX Tick 1175# +0.020 e0.017 d0.003 
23.26s EX Tick 1176# +0.020 e0.017 d0.003 
23.28s EX Tick 1177# +0.020 e0.017 d0.003 
23.30s EX Tick 1178# +0.020 e0.017 d0.004 
23.32s EX Tick 1179# +0.021 e0.017 d0.004 
23.34s EX Tick 1180# +0.020 e0.017 d0.003 
23.36s EX Tick 1181# +0.021 e0.017 d0.004 
23.38s EX Tick 1182# +0.020 e0.017 d0.003 
23.40s EX Tick 1183# +0.019 e0.017 d0.002 
23.42s EX Tick 1184# +0.020 e0.017 d0.004 
23.44s EX Tick 1185# +0.020 e0.017 d0.004 
23.46s EX Tick 1186# +0.019 e0.017 d0.003 
23.48s EX Tick 1187# +0.018 e0.017 d0.002 
23.50s EX Tick 1188# +0.019 e0.017 d0.003 
23.52s EX Tick 1189# +0.019 e0.017 d0.002 
23.54s EX Tick 1190# +0.019 e0.017 d0.002 
23.56s EX Tick 1191# +0.020 e0.017 d0.004 
23.58s EX Tick 1192# +0.020 e0.017 d0.003 
23.60s EX Tick 1193# +0.018 e0.017 d0.002 
23.62s EX Tick 1194# +0.020 e0.017 d0.003 
23.64s EX Tick 1195# +0.020 e0.017 d0.003 
23.66s EX Tick 1196# +0.019 e0.017 d0.003 
23.68s EX Tick 1197# +0.021 e0.017 d0.004 
23.69s PT Tick  48# +0.504 e0.500 d0.004 
Maneuver: Velocity Keeping
23.70s EX Tick 1198# +0.026 e0.017 d0.009 
23.72s EX Tick 1199# +0.020 e0.017 d0.003 
23.74s EX Tick 1200# +0.019 e0.017 d0.002 
23.76s EX Tick 1201# +0.019 e0.017 d0.003 
23.78s EX Tick 1202# +0.019 e0.017 d0.003 
23.80s EX Tick 1203# +0.020 e0.017 d0.003 
23.82s EX Tick 1204# +0.019 e0.017 d0.002 
23.84s EX Tick 1205# +0.018 e0.017 d0.001 
23.86s EX Tick 1206# +0.020 e0.017 d0.004 
23.88s EX Tick 1207# +0.020 e0.017 d0.004 
23.90s EX Tick 1208# +0.020 e0.017 d0.003 
23.92s EX Tick 1209# +0.019 e0.017 d0.003 
23.94s EX Tick 1210# +0.019 e0.017 d0.002 
23.95s EX Tick 1211# +0.019 e0.017 d0.002 
23.97s EX Tick 1212# +0.019 e0.017 d0.003 
23.99s EX Tick 1213# +0.020 e0.017 d0.003 
24.01s EX Tick 1214# +0.019 e0.017 d0.003 
24.03s EX Tick 1215# +0.019 e0.017 d0.003 
24.05s EX Tick 1216# +0.018 e0.017 d0.002 
24.07s EX Tick 1217# +0.018 e0.017 d0.002 
24.09s EX Tick 1218# +0.020 e0.017 d0.003 
24.11s EX Tick 1219# +0.020 e0.017 d0.003 
24.13s EX Tick 1220# +0.020 e0.017 d0.003 
24.15s EX Tick 1221# +0.020 e0.017 d0.003 
24.17s EX Tick 1222# +0.020 e0.017 d0.004 
24.19s EX Tick 1223# +0.020 e0.017 d0.003 
24.20s PT Tick  49# +0.504 e0.500 d0.004 
Maneuver: Velocity Keeping
24.21s EX Tick 1224# +0.023 e0.017 d0.007 
24.23s EX Tick 1225# +0.019 e0.017 d0.003 
24.25s EX Tick 1226# +0.021 e0.017 d0.004 
24.27s EX Tick 1227# +0.020 e0.017 d0.003 
24.29s EX Tick 1228# +0.018 e0.017 d0.001 
24.31s EX Tick 1229# +0.020 e0.017 d0.004 
24.33s EX Tick 1230# +0.020 e0.017 d0.003 
24.35s EX Tick 1231# +0.020 e0.017 d0.004 
24.37s EX Tick 1232# +0.019 e0.017 d0.002 
24.39s EX Tick 1233# +0.019 e0.017 d0.002 
24.41s EX Tick 1234# +0.019 e0.017 d0.002 
24.43s EX Tick 1235# +0.019 e0.017 d0.002 
24.45s EX Tick 1236# +0.021 e0.017 d0.004 
24.47s EX Tick 1237# +0.019 e0.017 d0.003 
24.49s EX Tick 1238# +0.020 e0.017 d0.004 
24.51s EX Tick 1239# +0.020 e0.017 d0.003 
24.53s EX Tick 1240# +0.019 e0.017 d0.003 
24.55s EX Tick 1241# +0.020 e0.017 d0.003 
24.57s EX Tick 1242# +0.019 e0.017 d0.003 
24.59s EX Tick 1243# +0.020 e0.017 d0.003 
24.60s EX Tick 1244# +0.019 e0.017 d0.002 
24.62s EX Tick 1245# +0.019 e0.017 d0.003 
24.64s EX Tick 1246# +0.020 e0.017 d0.003 
24.66s EX Tick 1247# +0.019 e0.017 d0.002 
24.68s EX Tick 1248# +0.019 e0.017 d0.003 
24.70s PT Tick  50# +0.505 e0.500 d0.005 
Maneuver: Velocity Keeping
24.71s EX Tick 1249# +0.029 e0.017 d0.012 
24.73s EX Tick 1250# +0.017 e0.017 d0.000 
24.75s EX Tick 1251# +0.020 e0.017 d0.003 
24.77s EX Tick 1252# +0.020 e0.017 d0.004 
24.79s EX Tick 1253# +0.020 e0.017 d0.004 
24.81s EX Tick 1254# +0.020 e0.017 d0.003 
24.83s EX Tick 1255# +0.021 e0.017 d0.004 
24.85s EX Tick 1256# +0.020 e0.017 d0.004 
24.87s EX Tick 1257# +0.020 e0.017 d0.004 
24.89s EX Tick 1258# +0.020 e0.017 d0.004 
24.91s EX Tick 1259# +0.020 e0.017 d0.003 
24.93s EX Tick 1260# +0.020 e0.017 d0.003 
24.95s EX Tick 1261# +0.019 e0.017 d0.002 
24.97s EX Tick 1262# +0.020 e0.017 d0.004 
24.99s EX Tick 1263# +0.020 e0.017 d0.003 
25.01s EX Tick 1264# +0.018 e0.017 d0.002 
25.03s EX Tick 1265# +0.020 e0.017 d0.003 
25.05s EX Tick 1266# +0.020 e0.017 d0.003 
25.07s EX Tick 1267# +0.019 e0.017 d0.003 
25.09s EX Tick 1268# +0.021 e0.017 d0.004 
25.11s EX Tick 1269# +0.019 e0.017 d0.003 
25.13s EX Tick 1270# +0.020 e0.017 d0.003 
25.15s EX Tick 1271# +0.020 e0.017 d0.003 
25.16s EX Tick 1272# +0.018 e0.017 d0.002 
25.18s EX Tick 1273# +0.019 e0.017 d0.002 
25.20s EX Tick 1274# +0.020 e0.017 d0.003 
25.21s PT Tick  51# +0.504 e0.500 d0.004 
Maneuver: Velocity Keeping
25.23s EX Tick 1275# +0.023 e0.017 d0.006 
25.24s EX Tick 1276# +0.019 e0.017 d0.002 
25.26s EX Tick 1277# +0.020 e0.017 d0.003 
25.28s EX Tick 1278# +0.021 e0.017 d0.004 
25.30s EX Tick 1279# +0.020 e0.017 d0.003 
25.32s EX Tick 1280# +0.018 e0.017 d0.002 
25.34s EX Tick 1281# +0.021 e0.017 d0.004 
25.36s EX Tick 1282# +0.020 e0.017 d0.003 
25.38s EX Tick 1283# +0.020 e0.017 d0.003 
25.40s EX Tick 1284# +0.019 e0.017 d0.003 
25.42s EX Tick 1285# +0.020 e0.017 d0.004 
25.44s EX Tick 1286# +0.020 e0.017 d0.004 
25.46s EX Tick 1287# +0.020 e0.017 d0.003 
25.48s EX Tick 1288# +0.020 e0.017 d0.003 
25.50s EX Tick 1289# +0.020 e0.017 d0.003 
25.52s EX Tick 1290# +0.020 e0.017 d0.003 
25.54s EX Tick 1291# +0.019 e0.017 d0.002 
25.56s EX Tick 1292# +0.020 e0.017 d0.003 
25.58s EX Tick 1293# +0.019 e0.017 d0.002 
25.60s EX Tick 1294# +0.020 e0.017 d0.003 
25.62s EX Tick 1295# +0.020 e0.017 d0.004 
25.64s EX Tick 1296# +0.020 e0.017 d0.003 
25.66s EX Tick 1297# +0.020 e0.017 d0.003 
25.68s EX Tick 1298# +0.020 e0.017 d0.003 
25.70s EX Tick 1299# +0.020 e0.017 d0.003 
25.71s PT Tick  52# +0.504 e0.500 d0.004 
Maneuver: Velocity Keeping
25.72s EX Tick 1300# +0.025 e0.017 d0.008 
25.74s EX Tick 1301# +0.020 e0.017 d0.003 
25.76s EX Tick 1302# +0.019 e0.017 d0.002 
25.78s EX Tick 1303# +0.020 e0.017 d0.003 
25.80s EX Tick 1304# +0.020 e0.017 d0.003 
25.82s EX Tick 1305# +0.018 e0.017 d0.002 
25.84s EX Tick 1306# +0.019 e0.017 d0.002 
25.86s EX Tick 1307# +0.020 e0.017 d0.003 
25.88s EX Tick 1308# +0.019 e0.017 d0.003 
25.90s EX Tick 1309# +0.019 e0.017 d0.002 
25.92s EX Tick 1310# +0.019 e0.017 d0.002 
25.94s EX Tick 1311# +0.021 e0.017 d0.004 
25.96s EX Tick 1312# +0.020 e0.017 d0.003 
25.98s EX Tick 1313# +0.021 e0.017 d0.004 
26.00s EX Tick 1314# +0.020 e0.017 d0.004 
26.02s EX Tick 1315# +0.017 e0.017 d0.000 
26.03s EX Tick 1316# +0.018 e0.017 d0.002 
26.05s EX Tick 1317# +0.020 e0.017 d0.003 
26.07s EX Tick 1318# +0.019 e0.017 d0.002 
26.09s EX Tick 1319# +0.021 e0.017 d0.004 
26.11s EX Tick 1320# +0.019 e0.017 d0.003 
26.13s EX Tick 1321# +0.020 e0.017 d0.004 
26.15s EX Tick 1322# +0.018 e0.017 d0.001 
26.17s EX Tick 1323# +0.021 e0.017 d0.004 
26.19s EX Tick 1324# +0.019 e0.017 d0.003 
26.21s EX Tick 1325# +0.020 e0.017 d0.003 
26.21s PT Tick  53# +0.504 e0.500 d0.004 
Maneuver: Velocity Keeping
26.23s EX Tick 1326# +0.024 e0.017 d0.008 
26.25s EX Tick 1327# +0.020 e0.017 d0.003 
26.27s EX Tick 1328# +0.020 e0.017 d0.003 
26.29s EX Tick 1329# +0.019 e0.017 d0.002 
26.31s EX Tick 1330# +0.020 e0.017 d0.003 
26.33s EX Tick 1331# +0.020 e0.017 d0.004 
26.35s EX Tick 1332# +0.020 e0.017 d0.004 
26.37s EX Tick 1333# +0.020 e0.017 d0.004 
26.39s EX Tick 1334# +0.020 e0.017 d0.003 
26.41s EX Tick 1335# +0.019 e0.017 d0.002 
26.43s EX Tick 1336# +0.020 e0.017 d0.003 
26.45s EX Tick 1337# +0.020 e0.017 d0.003 
26.47s EX Tick 1338# +0.020 e0.017 d0.004 
26.49s EX Tick 1339# +0.020 e0.017 d0.003 
26.51s EX Tick 1340# +0.018 e0.017 d0.001 
26.53s EX Tick 1341# +0.019 e0.017 d0.002 
26.55s EX Tick 1342# +0.020 e0.017 d0.003 
26.57s EX Tick 1343# +0.019 e0.017 d0.002 
26.59s EX Tick 1344# +0.021 e0.017 d0.004 
26.61s EX Tick 1345# +0.020 e0.017 d0.003 
26.63s EX Tick 1346# +0.020 e0.017 d0.003 
26.65s EX Tick 1347# +0.019 e0.017 d0.002 
26.67s EX Tick 1348# +0.019 e0.017 d0.003 
26.69s EX Tick 1349# +0.021 e0.017 d0.004 
26.71s EX Tick 1350# +0.020 e0.017 d0.003 
26.72s PT Tick  54# +0.504 e0.500 d0.004 
Maneuver: Velocity Keeping
26.73s EX Tick 1351# +0.024 e0.017 d0.007 
26.75s EX Tick 1352# +0.021 e0.017 d0.004 
26.77s EX Tick 1353# +0.019 e0.017 d0.003 
26.79s EX Tick 1354# +0.020 e0.017 d0.004 
26.81s EX Tick 1355# +0.020 e0.017 d0.003 
26.83s EX Tick 1356# +0.020 e0.017 d0.003 
26.85s EX Tick 1357# +0.018 e0.017 d0.002 
26.87s EX Tick 1358# +0.020 e0.017 d0.004 
26.89s EX Tick 1359# +0.020 e0.017 d0.003 
26.91s EX Tick 1360# +0.019 e0.017 d0.003 
26.93s EX Tick 1361# +0.019 e0.017 d0.002 
26.95s EX Tick 1362# +0.020 e0.017 d0.003 
26.97s EX Tick 1363# +0.020 e0.017 d0.003 
26.99s EX Tick 1364# +0.020 e0.017 d0.003 
27.01s EX Tick 1365# +0.020 e0.017 d0.003 
27.03s EX Tick 1366# +0.020 e0.017 d0.004 
27.05s EX Tick 1367# +0.020 e0.017 d0.004 
27.07s EX Tick 1368# +0.021 e0.017 d0.004 
27.09s EX Tick 1369# +0.020 e0.017 d0.004 
27.11s EX Tick 1370# +0.018 e0.017 d0.002 
27.13s EX Tick 1371# +0.021 e0.017 d0.004 
27.15s EX Tick 1372# +0.019 e0.017 d0.002 
27.17s EX Tick 1373# +0.019 e0.017 d0.002 
27.19s EX Tick 1374# +0.020 e0.017 d0.004 
27.20s EX Tick 1375# +0.019 e0.017 d0.002 
27.22s PT Tick  55# +0.504 e0.500 d0.004 
Maneuver: Velocity Keeping
27.23s EX Tick 1376# +0.026 e0.017 d0.009 
27.25s EX Tick 1377# +0.020 e0.017 d0.004 
27.27s EX Tick 1378# +0.020 e0.017 d0.004 
27.29s EX Tick 1379# +0.020 e0.017 d0.004 
27.31s EX Tick 1380# +0.019 e0.017 d0.002 
27.33s EX Tick 1381# +0.020 e0.017 d0.003 
27.35s EX Tick 1382# +0.019 e0.017 d0.002 
27.37s EX Tick 1383# +0.020 e0.017 d0.004 
27.39s EX Tick 1384# +0.021 e0.017 d0.004 
27.41s EX Tick 1385# +0.020 e0.017 d0.003 
27.43s EX Tick 1386# +0.020 e0.017 d0.004 
27.45s EX Tick 1387# +0.018 e0.017 d0.002 
27.47s EX Tick 1388# +0.017 e0.017 d0.001 
27.49s EX Tick 1389# +0.020 e0.017 d0.003 
27.51s EX Tick 1390# +0.021 e0.017 d0.004 
27.53s EX Tick 1391# +0.020 e0.017 d0.003 
27.54s EX Tick 1392# +0.017 e0.017 d0.000 
27.56s EX Tick 1393# +0.020 e0.017 d0.003 
27.58s EX Tick 1394# +0.019 e0.017 d0.002 
27.60s EX Tick 1395# +0.019 e0.017 d0.002 
27.62s EX Tick 1396# +0.020 e0.017 d0.004 
27.64s EX Tick 1397# +0.020 e0.017 d0.003 
27.66s EX Tick 1398# +0.020 e0.017 d0.003 
27.68s EX Tick 1399# +0.019 e0.017 d0.003 
27.70s EX Tick 1400# +0.019 e0.017 d0.003 
27.72s EX Tick 1401# +0.020 e0.017 d0.003 
27.73s PT Tick  56# +0.504 e0.500 d0.004 
Maneuver: Velocity Keeping
27.75s EX Tick 1402# +0.026 e0.017 d0.009 
27.77s EX Tick 1403# +0.020 e0.017 d0.003 
27.78s EX Tick 1404# +0.018 e0.017 d0.002 
27.80s EX Tick 1405# +0.020 e0.017 d0.003 
27.82s EX Tick 1406# +0.020 e0.017 d0.003 
27.84s EX Tick 1407# +0.020 e0.017 d0.003 
27.86s EX Tick 1408# +0.020 e0.017 d0.003 
27.88s EX Tick 1409# +0.020 e0.017 d0.003 
27.90s EX Tick 1410# +0.020 e0.017 d0.003 
27.92s EX Tick 1411# +0.020 e0.017 d0.003 
27.94s EX Tick 1412# +0.020 e0.017 d0.003 
27.96s EX Tick 1413# +0.020 e0.017 d0.004 
27.98s EX Tick 1414# +0.020 e0.017 d0.003 
28.00s EX Tick 1415# +0.020 e0.017 d0.003 
28.02s EX Tick 1416# +0.019 e0.017 d0.002 
28.04s EX Tick 1417# +0.019 e0.017 d0.003 
28.06s EX Tick 1418# +0.020 e0.017 d0.003 
28.08s EX Tick 1419# +0.021 e0.017 d0.004 
28.10s EX Tick 1420# +0.020 e0.017 d0.004 
28.12s EX Tick 1421# +0.020 e0.017 d0.003 
28.14s EX Tick 1422# +0.020 e0.017 d0.003 
28.16s EX Tick 1423# +0.021 e0.017 d0.004 
28.18s EX Tick 1424# +0.018 e0.017 d0.002 
28.20s EX Tick 1425# +0.019 e0.017 d0.002 
28.22s EX Tick 1426# +0.020 e0.017 d0.003 
28.23s PT Tick  57# +0.505 e0.500 d0.005 
Maneuver: Velocity Keeping
28.25s EX Tick 1427# +0.025 e0.017 d0.008 
28.26s EX Tick 1428# +0.019 e0.017 d0.002 
28.28s EX Tick 1429# +0.021 e0.017 d0.004 
28.30s EX Tick 1430# +0.019 e0.017 d0.002 
28.32s EX Tick 1431# +0.020 e0.017 d0.003 
28.34s EX Tick 1432# +0.020 e0.017 d0.004 
28.36s EX Tick 1433# +0.020 e0.017 d0.003 
28.38s EX Tick 1434# +0.019 e0.017 d0.003 
28.40s EX Tick 1435# +0.019 e0.017 d0.002 
28.42s EX Tick 1436# +0.020 e0.017 d0.003 
28.44s EX Tick 1437# +0.020 e0.017 d0.003 
28.46s EX Tick 1438# +0.021 e0.017 d0.004 
28.48s EX Tick 1439# +0.018 e0.017 d0.002 
28.50s EX Tick 1440# +0.020 e0.017 d0.003 
28.52s EX Tick 1441# +0.020 e0.017 d0.003 
28.54s EX Tick 1442# +0.020 e0.017 d0.004 
28.56s EX Tick 1443# +0.020 e0.017 d0.003 
28.58s EX Tick 1444# +0.020 e0.017 d0.004 
28.60s EX Tick 1445# +0.019 e0.017 d0.002 
28.62s EX Tick 1446# +0.017 e0.017 d0.000 
28.64s EX Tick 1447# +0.020 e0.017 d0.003 
28.65s EX Tick 1448# +0.018 e0.017 d0.002 
28.67s EX Tick 1449# +0.019 e0.017 d0.002 
28.69s EX Tick 1450# +0.019 e0.017 d0.003 
28.71s EX Tick 1451# +0.021 e0.017 d0.004 
28.73s EX Tick 1452# +0.020 e0.017 d0.003 
28.74s PT Tick  58# +0.505 e0.500 d0.005 
Maneuver: Velocity Keeping
28.76s EX Tick 1453# +0.022 e0.017 d0.006 
28.78s EX Tick 1454# +0.020 e0.017 d0.003 
28.80s EX Tick 1455# +0.021 e0.017 d0.004 
28.82s EX Tick 1456# +0.019 e0.017 d0.002 
28.83s EX Tick 1457# +0.019 e0.017 d0.002 
28.85s EX Tick 1458# +0.019 e0.017 d0.003 
28.87s EX Tick 1459# +0.021 e0.017 d0.004 
28.89s EX Tick 1460# +0.020 e0.017 d0.004 
28.91s EX Tick 1461# +0.019 e0.017 d0.002 
28.93s EX Tick 1462# +0.020 e0.017 d0.003 
28.95s EX Tick 1463# +0.020 e0.017 d0.003 
28.97s EX Tick 1464# +0.020 e0.017 d0.004 
28.99s EX Tick 1465# +0.020 e0.017 d0.003 
29.01s EX Tick 1466# +0.021 e0.017 d0.004 
29.03s EX Tick 1467# +0.020 e0.017 d0.003 
29.05s EX Tick 1468# +0.021 e0.017 d0.004 
29.07s EX Tick 1469# +0.020 e0.017 d0.003 
29.10s EX Tick 1470# +0.021 e0.017 d0.004 
29.11s EX Tick 1471# +0.020 e0.017 d0.003 
29.13s EX Tick 1472# +0.018 e0.017 d0.002 
29.15s EX Tick 1473# +0.020 e0.017 d0.004 
29.17s EX Tick 1474# +0.019 e0.017 d0.002 
29.19s EX Tick 1475# +0.019 e0.017 d0.003 
29.21s EX Tick 1476# +0.020 e0.017 d0.004 
29.23s EX Tick 1477# +0.019 e0.017 d0.002 
29.24s PT Tick  59# +0.503 e0.500 d0.003 
Maneuver: Velocity Keeping
29.25s EX Tick 1478# +0.022 e0.017 d0.005 
29.27s EX Tick 1479# +0.019 e0.017 d0.002 
29.29s EX Tick 1480# +0.019 e0.017 d0.002 
29.31s EX Tick 1481# +0.021 e0.017 d0.004 
29.33s EX Tick 1482# +0.019 e0.017 d0.003 
29.35s EX Tick 1483# +0.020 e0.017 d0.004 
29.37s EX Tick 1484# +0.019 e0.017 d0.003 
29.39s EX Tick 1485# +0.019 e0.017 d0.003 
29.41s EX Tick 1486# +0.021 e0.017 d0.004 
29.43s EX Tick 1487# +0.019 e0.017 d0.003 
29.45s EX Tick 1488# +0.018 e0.017 d0.001 
29.46s EX Tick 1489# +0.017 e0.017 d0.000 
29.48s EX Tick 1490# +0.019 e0.017 d0.002 
29.50s EX Tick 1491# +0.020 e0.017 d0.003 
29.52s EX Tick 1492# +0.020 e0.017 d0.004 
29.54s EX Tick 1493# +0.020 e0.017 d0.003 
29.56s EX Tick 1494# +0.018 e0.017 d0.002 
29.58s EX Tick 1495# +0.020 e0.017 d0.003 
29.60s EX Tick 1496# +0.019 e0.017 d0.002 
29.62s EX Tick 1497# +0.020 e0.017 d0.004 
29.64s EX Tick 1498# +0.020 e0.017 d0.004 
29.66s EX Tick 1499# +0.020 e0.017 d0.003 
29.68s EX Tick 1500# +0.019 e0.017 d0.002 
29.70s EX Tick 1501# +0.019 e0.017 d0.002 
29.72s EX Tick 1502# +0.019 e0.017 d0.002 
29.74s EX Tick 1503# +0.021 e0.017 d0.004 
29.74s PT Tick  60# +0.504 e0.500 d0.004 
Maneuver: Velocity Keeping
29.76s EX Tick 1504# +0.024 e0.017 d0.008 
29.78s EX Tick 1505# +0.019 e0.017 d0.002 
29.80s EX Tick 1506# +0.020 e0.017 d0.004 
29.82s EX Tick 1507# +0.020 e0.017 d0.003 
29.84s EX Tick 1508# +0.020 e0.017 d0.003 
29.86s EX Tick 1509# +0.021 e0.017 d0.004 
29.88s EX Tick 1510# +0.019 e0.017 d0.003 
29.90s EX Tick 1511# +0.017 e0.017 d0.000 
29.92s EX Tick 1512# +0.019 e0.017 d0.002 
29.94s EX Tick 1513# +0.020 e0.017 d0.004 
29.96s EX Tick 1514# +0.019 e0.017 d0.002 
29.98s EX Tick 1515# +0.020 e0.017 d0.003 
30.00s EX Tick 1516# +0.019 e0.017 d0.002 
EX TIMEOUT: 30.0s
SIMULATION END
