ShM semaphore created
ShM memory created
SIMULATION START
00.00s EX Tick   1# START
00.00s BT Tick   1# START
Maneuver: Velocity Keeping
00.26s EX Tick   2# +0.264 e0.017 d0.247 
00.38s EX Tick   3# +0.114 e0.017 d0.097 
00.50s EX Tick   4# +0.121 e0.017 d0.104 
00.63s EX Tick   5# +0.129 e0.017 d0.113 
00.63s BT Tick   2# +0.628 e0.500 d0.128 
Maneuver: Velocity Keeping
00.77s EX Tick   6# +0.142 e0.017 d0.125 
00.88s EX Tick   7# +0.115 e0.017 d0.098 
01.00s EX Tick   8# +0.112 e0.017 d0.095 
01.12s EX Tick   9# +0.122 e0.017 d0.105 
01.24s EX Tick  10# +0.121 e0.017 d0.104 
01.24s BT Tick   3# +0.612 e0.500 d0.112 
Maneuver: Velocity Keeping
01.37s EX Tick  11# +0.130 e0.017 d0.113 
01.47s EX Tick  12# +0.104 e0.017 d0.088 
01.60s EX Tick  13# +0.131 e0.017 d0.114 
01.71s EX Tick  14# +0.104 e0.017 d0.088 
01.81s EX Tick  15# +0.104 e0.017 d0.088 
01.81s BT Tick   4# +0.574 e0.500 d0.074 
Maneuver: Velocity Keeping
01.94s EX Tick  16# +0.124 e0.017 d0.108 
02.04s EX Tick  17# +0.107 e0.017 d0.090 
02.15s EX Tick  18# +0.105 e0.017 d0.088 
02.25s EX Tick  19# +0.105 e0.017 d0.088 
02.36s EX Tick  20# +0.107 e0.017 d0.090 
02.36s BT Tick   5# +0.548 e0.500 d0.048 
Maneuver: Velocity Keeping
02.49s EX Tick  21# +0.125 e0.017 d0.108 
02.59s EX Tick  22# +0.108 e0.017 d0.091 
02.70s EX Tick  23# +0.106 e0.017 d0.090 
02.81s EX Tick  24# +0.109 e0.017 d0.093 
02.92s EX Tick  25# +0.109 e0.017 d0.092 
02.92s BT Tick   6# +0.557 e0.500 d0.057 
Maneuver: Velocity Keeping
03.04s EX Tick  26# +0.124 e0.017 d0.107 
03.15s EX Tick  27# +0.108 e0.017 d0.091 
03.26s EX Tick  28# +0.110 e0.017 d0.094 
03.37s EX Tick  29# +0.108 e0.017 d0.092 
03.52s EX Tick  30# +0.147 e0.017 d0.130 
03.52s BT Tick   7# +0.598 e0.500 d0.098 
Maneuver: Velocity Keeping
03.65s EX Tick  31# +0.137 e0.017 d0.120 
03.76s EX Tick  32# +0.104 e0.017 d0.087 
03.86s EX Tick  33# +0.108 e0.017 d0.091 
03.97s EX Tick  34# +0.107 e0.017 d0.090 
04.08s EX Tick  35# +0.109 e0.017 d0.092 
04.08s BT Tick   8# +0.564 e0.500 d0.064 
Maneuver: Velocity Keeping
04.20s EX Tick  36# +0.125 e0.017 d0.108 
04.31s EX Tick  37# +0.106 e0.017 d0.090 
04.42s EX Tick  38# +0.110 e0.017 d0.093 
04.53s EX Tick  39# +0.112 e0.017 d0.095 
04.64s EX Tick  40# +0.113 e0.017 d0.096 
04.64s BT Tick   9# +0.565 e0.500 d0.065 
Maneuver: Velocity Keeping
04.78s EX Tick  41# +0.133 e0.017 d0.116 
04.90s EX Tick  42# +0.119 e0.017 d0.102 
05.02s EX Tick  43# +0.124 e0.017 d0.107 
05.14s EX Tick  44# +0.117 e0.017 d0.100 
05.25s EX Tick  45# +0.110 e0.017 d0.093 
05.25s BT Tick  10# +0.603 e0.500 d0.103 
Maneuver: Velocity Keeping
05.38s EX Tick  46# +0.134 e0.017 d0.117 
05.53s EX Tick  47# +0.146 e0.017 d0.129 
05.66s EX Tick  48# +0.129 e0.017 d0.112 
05.77s EX Tick  49# +0.119 e0.017 d0.102 
05.77s BT Tick  11# +0.527 e0.500 d0.027 
Maneuver: Velocity Keeping
05.91s EX Tick  50# +0.134 e0.017 d0.117 
06.02s EX Tick  51# +0.108 e0.017 d0.092 
06.13s EX Tick  52# +0.117 e0.017 d0.100 
06.25s EX Tick  53# +0.112 e0.017 d0.096 
06.36s EX Tick  54# +0.110 e0.017 d0.093 
06.36s BT Tick  12# +0.581 e0.500 d0.081 
Maneuver: Velocity Keeping
06.49s EX Tick  55# +0.130 e0.017 d0.113 
06.60s EX Tick  56# +0.114 e0.017 d0.097 
06.71s EX Tick  57# +0.110 e0.017 d0.093 
06.82s EX Tick  58# +0.109 e0.017 d0.093 
06.93s EX Tick  59# +0.110 e0.017 d0.093 
06.93s BT Tick  13# +0.573 e0.500 d0.073 
Maneuver: Velocity Keeping
07.06s EX Tick  60# +0.128 e0.017 d0.112 
07.17s EX Tick  61# +0.115 e0.017 d0.098 
07.29s EX Tick  62# +0.114 e0.017 d0.098 
07.40s EX Tick  63# +0.111 e0.017 d0.094 
07.54s EX Tick  64# +0.147 e0.017 d0.130 
07.54s BT Tick  14# +0.615 e0.500 d0.115 
Maneuver: Velocity Keeping
07.69s EX Tick  65# +0.142 e0.017 d0.126 
07.80s EX Tick  66# +0.112 e0.017 d0.096 
07.90s EX Tick  67# +0.106 e0.017 d0.089 
08.02s EX Tick  68# +0.111 e0.017 d0.094 
08.13s EX Tick  69# +0.110 e0.017 d0.093 
08.13s BT Tick  15# +0.582 e0.500 d0.082 
Maneuver: Velocity Keeping
08.26s EX Tick  70# +0.134 e0.017 d0.118 
08.37s EX Tick  71# +0.114 e0.017 d0.097 
08.48s EX Tick  72# +0.111 e0.017 d0.094 
08.60s EX Tick  73# +0.119 e0.017 d0.103 
08.72s EX Tick  74# +0.114 e0.017 d0.098 
08.72s BT Tick  16# +0.592 e0.500 d0.092 
Maneuver: Velocity Keeping
08.86s EX Tick  75# +0.143 e0.017 d0.126 
08.97s EX Tick  76# +0.110 e0.017 d0.093 
09.08s EX Tick  77# +0.115 e0.017 d0.098 
09.20s EX Tick  78# +0.115 e0.017 d0.098 
09.31s EX Tick  79# +0.114 e0.017 d0.097 
09.31s BT Tick  17# +0.597 e0.500 d0.097 
Maneuver: Velocity Keeping
09.45s EX Tick  80# +0.137 e0.017 d0.120 
09.60s EX Tick  81# +0.145 e0.017 d0.128 
09.71s EX Tick  82# +0.118 e0.017 d0.101 
09.83s EX Tick  83# +0.113 e0.017 d0.096 
09.83s BT Tick  18# +0.513 e0.500 d0.013 
Maneuver: Velocity Keeping
09.97s EX Tick  84# +0.141 e0.017 d0.124 
10.08s EX Tick  85# +0.116 e0.017 d0.099 
10.20s EX Tick  86# +0.113 e0.017 d0.097 
10.31s EX Tick  87# +0.114 e0.017 d0.097 
10.43s EX Tick  88# +0.114 e0.017 d0.097 
10.43s BT Tick  19# +0.599 e0.500 d0.099 
Maneuver: Velocity Keeping
10.57s EX Tick  89# +0.145 e0.017 d0.129 
10.69s EX Tick  90# +0.118 e0.017 d0.102 
10.81s EX Tick  91# +0.120 e0.017 d0.103 
10.93s EX Tick  92# +0.121 e0.017 d0.104 
10.93s BT Tick  20# +0.504 e0.500 d0.004 
Maneuver: Velocity Keeping
11.07s EX Tick  93# +0.143 e0.017 d0.126 
11.20s EX Tick  94# +0.124 e0.017 d0.107 
11.32s EX Tick  95# +0.123 e0.017 d0.107 
11.44s EX Tick  96# +0.120 e0.017 d0.104 
11.44s BT Tick  21# +0.510 e0.500 d0.010 
Maneuver: Velocity Keeping
11.59s EX Tick  97# +0.149 e0.017 d0.132 
11.71s EX Tick  98# +0.123 e0.017 d0.107 
11.87s EX Tick  99# +0.160 e0.017 d0.143 
12.00s EX Tick 100# +0.124 e0.017 d0.107 
12.00s BT Tick  22# +0.556 e0.500 d0.056 
Maneuver: Velocity Keeping
12.14s EX Tick 101# +0.146 e0.017 d0.129 
12.27s EX Tick 102# +0.127 e0.017 d0.110 
12.39s EX Tick 103# +0.118 e0.017 d0.102 
12.51s EX Tick 104# +0.122 e0.017 d0.105 
12.51s BT Tick  23# +0.513 e0.500 d0.013 
Maneuver: Velocity Keeping
12.66s EX Tick 105# +0.154 e0.017 d0.138 
12.79s EX Tick 106# +0.126 e0.017 d0.110 
12.91s EX Tick 107# +0.123 e0.017 d0.106 
13.04s EX Tick 108# +0.127 e0.017 d0.110 
13.04s BT Tick  24# +0.530 e0.500 d0.030 
Maneuver: Velocity Keeping
13.19s EX Tick 109# +0.147 e0.017 d0.130 
13.31s EX Tick 110# +0.127 e0.017 d0.110 
13.44s EX Tick 111# +0.129 e0.017 d0.112 
13.57s EX Tick 112# +0.129 e0.017 d0.112 
13.57s BT Tick  25# +0.531 e0.500 d0.031 
Maneuver: Velocity Keeping
13.73s EX Tick 113# +0.155 e0.017 d0.139 
13.85s EX Tick 114# +0.129 e0.017 d0.112 
13.98s EX Tick 115# +0.128 e0.017 d0.111 
14.14s EX Tick 116# +0.162 e0.017 d0.145 
14.14s BT Tick  26# +0.574 e0.500 d0.074 
Maneuver: Velocity Keeping
14.29s EX Tick 117# +0.147 e0.017 d0.130 
14.41s EX Tick 118# +0.121 e0.017 d0.104 
14.54s EX Tick 119# +0.124 e0.017 d0.107 
14.66s EX Tick 120# +0.123 e0.017 d0.106 
14.66s BT Tick  27# +0.514 e0.500 d0.014 
Maneuver: Velocity Keeping
14.81s EX Tick 121# +0.152 e0.017 d0.136 
14.94s EX Tick 122# +0.129 e0.017 d0.113 
15.06s EX Tick 123# +0.123 e0.017 d0.106 
15.19s EX Tick 124# +0.129 e0.017 d0.112 
15.19s BT Tick  28# +0.534 e0.500 d0.034 
Maneuver: Velocity Keeping
15.34s EX Tick 125# +0.153 e0.017 d0.136 
15.48s EX Tick 126# +0.131 e0.017 d0.114 
15.61s EX Tick 127# +0.133 e0.017 d0.117 
15.74s EX Tick 128# +0.130 e0.017 d0.114 
15.74s BT Tick  29# +0.547 e0.500 d0.047 
Maneuver: Velocity Keeping
15.90s EX Tick 129# +0.156 e0.017 d0.139 
16.03s EX Tick 130# +0.133 e0.017 d0.117 
16.16s EX Tick 131# +0.132 e0.017 d0.115 
16.29s EX Tick 132# +0.134 e0.017 d0.117 
16.29s BT Tick  30# +0.555 e0.500 d0.055 
Maneuver: Velocity Keeping
16.48s EX Tick 133# +0.190 e0.017 d0.173 
16.61s EX Tick 134# +0.126 e0.017 d0.109 
16.73s EX Tick 135# +0.125 e0.017 d0.108 
16.86s EX Tick 136# +0.125 e0.017 d0.108 
16.86s BT Tick  31# +0.565 e0.500 d0.065 
Maneuver: Velocity Keeping
17.01s EX Tick 137# +0.149 e0.017 d0.133 
17.14s EX Tick 138# +0.132 e0.017 d0.116 
17.27s EX Tick 139# +0.131 e0.017 d0.114 
17.40s EX Tick 140# +0.125 e0.017 d0.109 
17.40s BT Tick  32# +0.537 e0.500 d0.037 
Maneuver: Velocity Keeping
17.55s EX Tick 141# +0.151 e0.017 d0.134 
17.68s EX Tick 142# +0.128 e0.017 d0.111 
17.81s EX Tick 143# +0.131 e0.017 d0.115 
17.93s EX Tick 144# +0.126 e0.017 d0.110 
17.93s BT Tick  33# +0.536 e0.500 d0.036 
Maneuver: Velocity Keeping
18.08s EX Tick 145# +0.149 e0.017 d0.133 
18.21s EX Tick 146# +0.132 e0.017 d0.115 
18.34s EX Tick 147# +0.130 e0.017 d0.114 
18.48s EX Tick 148# +0.133 e0.017 d0.116 
18.48s BT Tick  34# +0.544 e0.500 d0.044 
Maneuver: Velocity Keeping
18.64s EX Tick 149# +0.161 e0.017 d0.144 
18.77s EX Tick 150# +0.133 e0.017 d0.116 
18.94s EX Tick 151# +0.169 e0.017 d0.152 
19.06s EX Tick 152# +0.125 e0.017 d0.108 
19.06s BT Tick  35# +0.587 e0.500 d0.087 
Maneuver: Velocity Keeping
19.21s EX Tick 153# +0.150 e0.017 d0.133 
19.34s EX Tick 154# +0.126 e0.017 d0.109 
19.47s EX Tick 155# +0.128 e0.017 d0.111 
19.59s EX Tick 156# +0.126 e0.017 d0.109 
19.59s BT Tick  36# +0.529 e0.500 d0.029 
Maneuver: Velocity Keeping
19.75s EX Tick 157# +0.153 e0.017 d0.137 
19.87s EX Tick 158# +0.126 e0.017 d0.109 
20.00s EX Tick 159# +0.127 e0.017 d0.110 
20.13s EX Tick 160# +0.127 e0.017 d0.110 
20.13s BT Tick  37# +0.533 e0.500 d0.033 
Maneuver: Velocity Keeping
20.28s EX Tick 161# +0.149 e0.017 d0.132 
20.40s EX Tick 162# +0.128 e0.017 d0.112 
20.53s EX Tick 163# +0.127 e0.017 d0.111 
20.66s EX Tick 164# +0.127 e0.017 d0.110 
20.66s BT Tick  38# +0.531 e0.500 d0.031 
Maneuver: Velocity Keeping
20.81s EX Tick 165# +0.152 e0.017 d0.136 
20.94s EX Tick 166# +0.130 e0.017 d0.113 
21.06s EX Tick 167# +0.125 e0.017 d0.109 
21.24s EX Tick 168# +0.172 e0.017 d0.155 
21.24s BT Tick  39# +0.579 e0.500 d0.079 
Maneuver: Velocity Keeping
21.39s EX Tick 169# +0.156 e0.017 d0.139 
21.53s EX Tick 170# +0.132 e0.017 d0.116 
21.66s EX Tick 171# +0.133 e0.017 d0.117 
21.79s EX Tick 172# +0.130 e0.017 d0.113 
21.79s BT Tick  40# +0.551 e0.500 d0.051 
Maneuver: Velocity Keeping
21.94s EX Tick 173# +0.154 e0.017 d0.137 
22.07s EX Tick 174# +0.132 e0.017 d0.115 
22.21s EX Tick 175# +0.137 e0.017 d0.120 
22.34s EX Tick 176# +0.131 e0.017 d0.115 
22.34s BT Tick  41# +0.554 e0.500 d0.054 
Maneuver: Velocity Keeping
22.50s EX Tick 177# +0.155 e0.017 d0.139 
22.63s EX Tick 178# +0.135 e0.017 d0.119 
22.77s EX Tick 179# +0.135 e0.017 d0.119 
22.90s EX Tick 180# +0.132 e0.017 d0.115 
22.90s BT Tick  42# +0.558 e0.500 d0.058 
Maneuver: Velocity Keeping
23.05s EX Tick 181# +0.155 e0.017 d0.138 
23.19s EX Tick 182# +0.133 e0.017 d0.116 
23.32s EX Tick 183# +0.133 e0.017 d0.117 
23.45s EX Tick 184# +0.129 e0.017 d0.112 
23.45s BT Tick  43# +0.550 e0.500 d0.050 
Maneuver: Velocity Keeping
23.64s EX Tick 185# +0.190 e0.017 d0.173 
23.77s EX Tick 186# +0.130 e0.017 d0.113 
23.90s EX Tick 187# +0.129 e0.017 d0.113 
24.03s EX Tick 188# +0.133 e0.017 d0.116 
24.03s BT Tick  44# +0.582 e0.500 d0.082 
Maneuver: Velocity Keeping
24.19s EX Tick 189# +0.154 e0.017 d0.138 
24.32s EX Tick 190# +0.133 e0.017 d0.116 
24.45s EX Tick 191# +0.130 e0.017 d0.114 
24.58s EX Tick 192# +0.129 e0.017 d0.112 
24.58s BT Tick  45# +0.546 e0.500 d0.046 
Maneuver: Velocity Keeping
24.74s EX Tick 193# +0.167 e0.017 d0.150 
24.89s EX Tick 194# +0.146 e0.017 d0.129 
25.02s EX Tick 195# +0.130 e0.017 d0.113 
25.15s EX Tick 196# +0.131 e0.017 d0.114 
25.15s BT Tick  46# +0.573 e0.500 d0.073 
Maneuver: Velocity Keeping
25.30s EX Tick 197# +0.153 e0.017 d0.136 
25.43s EX Tick 198# +0.130 e0.017 d0.113 
25.57s EX Tick 199# +0.132 e0.017 d0.115 
25.70s EX Tick 200# +0.134 e0.017 d0.117 
25.70s BT Tick  47# +0.549 e0.500 d0.049 
Maneuver: Velocity Keeping
25.86s EX Tick 201# +0.159 e0.017 d0.142 
26.03s EX Tick 202# +0.168 e0.017 d0.152 
26.16s EX Tick 203# +0.128 e0.017 d0.112 
26.29s EX Tick 204# +0.132 e0.017 d0.115 
26.29s BT Tick  48# +0.588 e0.500 d0.088 
Maneuver: Velocity Keeping
26.45s EX Tick 205# +0.159 e0.017 d0.142 
26.58s EX Tick 206# +0.133 e0.017 d0.117 
26.71s EX Tick 207# +0.133 e0.017 d0.117 
26.85s EX Tick 208# +0.134 e0.017 d0.118 
26.85s BT Tick  49# +0.560 e0.500 d0.060 
Maneuver: Velocity Keeping
27.00s EX Tick 209# +0.156 e0.017 d0.140 
27.14s EX Tick 210# +0.140 e0.017 d0.123 
27.28s EX Tick 211# +0.132 e0.017 d0.115 
27.41s EX Tick 212# +0.138 e0.017 d0.121 
27.41s BT Tick  50# +0.566 e0.500 d0.066 
Maneuver: Velocity Keeping
27.57s EX Tick 213# +0.160 e0.017 d0.143 
27.71s EX Tick 214# +0.134 e0.017 d0.117 
27.85s EX Tick 215# +0.140 e0.017 d0.124 
27.99s EX Tick 216# +0.141 e0.017 d0.124 
27.99s BT Tick  51# +0.575 e0.500 d0.075 
Maneuver: Velocity Keeping
28.14s EX Tick 217# +0.153 e0.017 d0.136 
28.28s EX Tick 218# +0.135 e0.017 d0.118 
28.41s EX Tick 219# +0.132 e0.017 d0.115 
28.58s EX Tick 220# +0.171 e0.017 d0.155 
28.58s BT Tick  52# +0.590 e0.500 d0.090 
Maneuver: Velocity Keeping
28.74s EX Tick 221# +0.159 e0.017 d0.142 
28.87s EX Tick 222# +0.131 e0.017 d0.115 
29.00s EX Tick 223# +0.136 e0.017 d0.119 
29.14s EX Tick 224# +0.135 e0.017 d0.118 
29.14s BT Tick  53# +0.561 e0.500 d0.061 
Maneuver: Velocity Keeping
29.30s EX Tick 225# +0.159 e0.017 d0.143 
29.43s EX Tick 226# +0.133 e0.017 d0.116 
29.57s EX Tick 227# +0.136 e0.017 d0.119 
29.70s EX Tick 228# +0.133 e0.017 d0.116 
29.70s BT Tick  54# +0.560 e0.500 d0.060 
Maneuver: Velocity Keeping
29.86s EX Tick 229# +0.163 e0.017 d0.146 
EX TIMEOUT: 30.0s
SIMULATION END
