ShM semaphore created
ShM memory created
SIMULATION START
Maneuver: Velocity Keeping
Maneuver: Velocity Keeping
Maneuver: Velocity Keeping
Maneuver: Velocity Keeping
Maneuver: Velocity Keeping
Maneuver: Velocity Keeping
Maneuver: Velocity Keeping
Maneuver: Velocity Keeping
Maneuver: Velocity Keeping
Maneuver: Velocity Keeping
Maneuver: Velocity Keeping
Maneuver: Velocity Keeping
Maneuver: Velocity Keeping
Maneuver: Velocity Keeping
Maneuver: Velocity Keeping
Maneuver: Velocity Keeping
Maneuver: Velocity Keeping
Maneuver: Velocity Keeping
Maneuver: Velocity Keeping
Maneuver: Velocity Keeping
Maneuver: Velocity Keeping
Maneuver: Velocity Keeping
Maneuver: Velocity Keeping
Maneuver: Velocity Keeping
Maneuver: Velocity Keeping
Maneuver: Velocity Keeping
Maneuver: Velocity Keeping
Maneuver: Velocity Keeping
Maneuver: Velocity Keeping
Maneuver: Velocity Keeping
Maneuver: Velocity Keeping
Maneuver: Velocity Keeping
Maneuver: Velocity Keeping
Maneuver: Velocity Keeping
Maneuver: Velocity Keeping
Maneuver: Velocity Keeping
Maneuver: Velocity Keeping
Maneuver: Velocity Keeping
Maneuver: Velocity Keeping
Maneuver: Velocity Keeping
Maneuver: Velocity Keeping
Maneuver: Velocity Keeping
Maneuver: Velocity Keeping
Maneuver: Velocity Keeping
Maneuver: Velocity Keeping
Maneuver: Velocity Keeping
Maneuver: Velocity Keeping
Maneuver: Velocity Keeping
Maneuver: Velocity Keeping
Maneuver: Velocity Keeping
Maneuver: Velocity Keeping
Maneuver: Velocity Keeping
Maneuver: Velocity Keeping
Maneuver: Velocity Keeping
Maneuver: Velocity Keeping
Maneuver: Velocity Keeping
Maneuver: Velocity Keeping
Maneuver: Velocity Keeping
Maneuver: Velocity Keeping
Maneuver: Velocity Keeping
Maneuver: Velocity Keeping
Maneuver: Velocity Keeping
Maneuver: Velocity Keeping
Maneuver: Velocity Keeping
Maneuver: Velocity Keeping
Maneuver: Velocity Keeping
Maneuver: Velocity Keeping
Maneuver: Velocity Keeping
Maneuver: Velocity Keeping
Maneuver: Velocity Keeping
Maneuver: Velocity Keeping
Maneuver: Velocity Keeping
Maneuver: Velocity Keeping
Maneuver: Velocity Keeping
Maneuver: Velocity Keeping
Maneuver: Velocity Keeping
Maneuver: Velocity Keeping
Maneuver: Velocity Keeping
Maneuver: Velocity Keeping
Maneuver: Velocity Keeping
Maneuver: Velocity Keeping
Maneuver: Velocity Keeping
Maneuver: Velocity Keeping
Maneuver: Velocity Keeping
Maneuver: Velocity Keeping
Maneuver: Velocity Keeping
Maneuver: Velocity Keeping
Maneuver: Velocity Keeping
Maneuver: Velocity Keeping
Maneuver: Velocity Keeping
Maneuver: Velocity Keeping
Maneuver: Velocity Keeping
Maneuver: Velocity Keeping
Maneuver: Velocity Keeping
Maneuver: Velocity Keeping
Maneuver: Velocity Keeping
Maneuver: Velocity Keeping
Maneuver: Velocity Keeping
Maneuver: Velocity Keeping
Maneuver: Velocity Keeping
Maneuver: Velocity Keeping
Maneuver: Velocity Keeping
Maneuver: Velocity Keeping
Maneuver: Velocity Keeping
Maneuver: Velocity Keeping
Maneuver: Velocity Keeping
Maneuver: Velocity Keeping
Maneuver: Velocity Keeping
Maneuver: Velocity Keeping
Maneuver: Velocity Keeping
Maneuver: Velocity Keeping
Maneuver: Velocity Keeping
Maneuver: Velocity Keeping
Maneuver: Velocity Keeping
Maneuver: Velocity Keeping
Maneuver: Velocity Keeping
Maneuver: Velocity Keeping
SIMULATION END
