ShM semaphore created
ShM memory created
SIMULATION START
PLANNER THREAD START
00.00s PT Tick   1# START
00.00s EX Tick   1# START
00.25s EX Tick   2# +0.250 e0.017 d0.233 
00.33s EX Tick   3# +0.076 e0.017 d0.060 
00.40s EX Tick   4# +0.070 e0.017 d0.053 
00.47s EX Tick   5# +0.071 e0.017 d0.054 
00.51s PT Tick   2# +0.512 e0.500 d0.012 
Maneuver: Velocity Keeping
00.55s EX Tick   6# +0.080 e0.017 d0.063 
00.62s EX Tick   7# +0.076 e0.017 d0.059 
00.73s EX Tick   8# +0.110 e0.017 d0.093 
00.84s EX Tick   9# +0.110 e0.017 d0.093 
00.95s EX Tick  10# +0.112 e0.017 d0.096 
01.03s PT Tick   3# +0.517 e0.500 d0.017 
Maneuver: Velocity Keeping
01.09s EX Tick  11# +0.134 e0.017 d0.117 
01.20s EX Tick  12# +0.115 e0.017 d0.098 
01.31s EX Tick  13# +0.109 e0.017 d0.092 
01.42s EX Tick  14# +0.104 e0.017 d0.087 
01.52s EX Tick  15# +0.103 e0.017 d0.086 
01.54s PT Tick   4# +0.509 e0.500 d0.009 
Maneuver: Velocity Keeping
01.66s EX Tick  16# +0.145 e0.017 d0.128 
01.77s EX Tick  17# +0.102 e0.017 d0.085 
01.87s EX Tick  18# +0.102 e0.017 d0.085 
01.97s EX Tick  19# +0.101 e0.017 d0.084 
02.04s PT Tick   5# +0.504 e0.500 d0.004 
Maneuver: Velocity Keeping
02.09s EX Tick  20# +0.120 e0.017 d0.104 
02.19s EX Tick  21# +0.103 e0.017 d0.086 
02.30s EX Tick  22# +0.105 e0.017 d0.088 
02.40s EX Tick  23# +0.102 e0.017 d0.086 
02.50s EX Tick  24# +0.103 e0.017 d0.087 
02.55s PT Tick   6# +0.514 e0.500 d0.014 
Maneuver: Velocity Keeping
02.63s EX Tick  25# +0.127 e0.017 d0.110 
02.73s EX Tick  26# +0.103 e0.017 d0.086 
02.84s EX Tick  27# +0.108 e0.017 d0.091 
02.94s EX Tick  28# +0.105 e0.017 d0.088 
03.05s EX Tick  29# +0.107 e0.017 d0.090 
03.07s PT Tick   7# +0.518 e0.500 d0.018 
Maneuver: Velocity Keeping
03.18s EX Tick  30# +0.126 e0.017 d0.109 
03.29s EX Tick  31# +0.109 e0.017 d0.092 
03.39s EX Tick  32# +0.106 e0.017 d0.090 
03.53s EX Tick  33# +0.139 e0.017 d0.123 
03.58s PT Tick   8# +0.506 e0.500 d0.006 
Maneuver: Velocity Keeping
03.66s EX Tick  34# +0.124 e0.017 d0.107 
03.76s EX Tick  35# +0.103 e0.017 d0.087 
03.86s EX Tick  36# +0.102 e0.017 d0.085 
03.97s EX Tick  37# +0.107 e0.017 d0.090 
04.07s EX Tick  38# +0.105 e0.017 d0.088 
04.09s PT Tick   9# +0.510 e0.500 d0.010 
Maneuver: Velocity Keeping
04.20s EX Tick  39# +0.123 e0.017 d0.106 
04.30s EX Tick  40# +0.108 e0.017 d0.092 
04.41s EX Tick  41# +0.106 e0.017 d0.089 
04.52s EX Tick  42# +0.115 e0.017 d0.098 
04.60s PT Tick  10# +0.509 e0.500 d0.009 
Maneuver: Velocity Keeping
04.66s EX Tick  43# +0.135 e0.017 d0.118 
04.76s EX Tick  44# +0.105 e0.017 d0.088 
04.87s EX Tick  45# +0.110 e0.017 d0.094 
04.98s EX Tick  46# +0.109 e0.017 d0.092 
05.09s EX Tick  47# +0.112 e0.017 d0.096 
05.11s PT Tick  11# +0.508 e0.500 d0.008 
Maneuver: Velocity Keeping
05.22s EX Tick  48# +0.127 e0.017 d0.110 
05.33s EX Tick  49# +0.108 e0.017 d0.092 
05.47s EX Tick  50# +0.139 e0.017 d0.122 
05.58s EX Tick  51# +0.113 e0.017 d0.096 
05.62s PT Tick  12# +0.516 e0.500 d0.016 
Maneuver: Velocity Keeping
05.72s EX Tick  52# +0.135 e0.017 d0.119 
05.83s EX Tick  53# +0.115 e0.017 d0.098 
05.94s EX Tick  54# +0.110 e0.017 d0.093 
06.05s EX Tick  55# +0.107 e0.017 d0.091 
06.14s PT Tick  13# +0.518 e0.500 d0.018 
Maneuver: Velocity Keeping
06.18s EX Tick  56# +0.133 e0.017 d0.116 
06.29s EX Tick  57# +0.107 e0.017 d0.090 
06.40s EX Tick  58# +0.111 e0.017 d0.095 
06.51s EX Tick  59# +0.108 e0.017 d0.092 
06.62s EX Tick  60# +0.110 e0.017 d0.093 
06.65s PT Tick  14# +0.516 e0.500 d0.016 
Maneuver: Velocity Keeping
06.75s EX Tick  61# +0.130 e0.017 d0.113 
06.85s EX Tick  62# +0.106 e0.017 d0.089 
06.97s EX Tick  63# +0.120 e0.017 d0.103 
07.09s EX Tick  64# +0.120 e0.017 d0.103 
07.16s PT Tick  15# +0.509 e0.500 d0.009 
Maneuver: Velocity Keeping
07.22s EX Tick  65# +0.130 e0.017 d0.113 
07.33s EX Tick  66# +0.109 e0.017 d0.092 
07.47s EX Tick  67# +0.139 e0.017 d0.123 
07.58s EX Tick  68# +0.106 e0.017 d0.089 
07.67s PT Tick  16# +0.507 e0.500 d0.007 
Maneuver: Velocity Keeping
07.71s EX Tick  69# +0.131 e0.017 d0.115 
07.82s EX Tick  70# +0.109 e0.017 d0.092 
07.93s EX Tick  71# +0.112 e0.017 d0.095 
08.04s EX Tick  72# +0.111 e0.017 d0.095 
08.15s EX Tick  73# +0.110 e0.017 d0.094 
08.18s PT Tick  17# +0.505 e0.500 d0.005 
Maneuver: Velocity Keeping
08.28s EX Tick  74# +0.132 e0.017 d0.115 
08.40s EX Tick  75# +0.114 e0.017 d0.097 
08.51s EX Tick  76# +0.110 e0.017 d0.094 
08.62s EX Tick  77# +0.112 e0.017 d0.095 
08.69s PT Tick  18# +0.515 e0.500 d0.015 
Maneuver: Velocity Keeping
08.75s EX Tick  78# +0.135 e0.017 d0.119 
08.86s EX Tick  79# +0.110 e0.017 d0.093 
08.98s EX Tick  80# +0.115 e0.017 d0.099 
09.09s EX Tick  81# +0.110 e0.017 d0.093 
09.20s PT Tick  19# +0.504 e0.500 d0.004 
Maneuver: Velocity Keeping
09.21s EX Tick  82# +0.122 e0.017 d0.105 
09.33s EX Tick  83# +0.121 e0.017 d0.104 
09.44s EX Tick  84# +0.110 e0.017 d0.094 
09.59s EX Tick  85# +0.151 e0.017 d0.134 
09.70s PT Tick  20# +0.504 e0.500 d0.004 
Maneuver: Velocity Keeping
09.71s EX Tick  86# +0.122 e0.017 d0.105 
09.83s EX Tick  87# +0.116 e0.017 d0.099 
09.94s EX Tick  88# +0.114 e0.017 d0.098 
10.06s EX Tick  89# +0.114 e0.017 d0.097 
10.17s EX Tick  90# +0.112 e0.017 d0.095 
10.21s PT Tick  21# +0.508 e0.500 d0.008 
Maneuver: Velocity Keeping
10.30s EX Tick  91# +0.132 e0.017 d0.116 
10.42s EX Tick  92# +0.112 e0.017 d0.096 
10.53s EX Tick  93# +0.113 e0.017 d0.097 
10.64s EX Tick  94# +0.115 e0.017 d0.098 
10.72s PT Tick  22# +0.514 e0.500 d0.014 
Maneuver: Velocity Keeping
10.78s EX Tick  95# +0.134 e0.017 d0.117 
10.89s EX Tick  96# +0.113 e0.017 d0.096 
11.01s EX Tick  97# +0.116 e0.017 d0.099 
11.12s EX Tick  98# +0.115 e0.017 d0.098 
11.23s PT Tick  23# +0.507 e0.500 d0.007 
Maneuver: Velocity Keeping
11.25s EX Tick  99# +0.133 e0.017 d0.116 
11.37s EX Tick 100# +0.114 e0.017 d0.098 
11.48s EX Tick 101# +0.111 e0.017 d0.094 
11.63s EX Tick 102# +0.151 e0.017 d0.135 
11.74s PT Tick  24# +0.508 e0.500 d0.008 
Maneuver: Velocity Keeping
11.76s EX Tick 103# +0.130 e0.017 d0.114 
11.88s EX Tick 104# +0.119 e0.017 d0.103 
12.00s EX Tick 105# +0.116 e0.017 d0.099 
12.11s EX Tick 106# +0.113 e0.017 d0.096 
12.23s EX Tick 107# +0.121 e0.017 d0.105 
12.24s PT Tick  25# +0.507 e0.500 d0.007 
Maneuver: Velocity Keeping
12.37s EX Tick 108# +0.136 e0.017 d0.120 
12.48s EX Tick 109# +0.113 e0.017 d0.097 
12.60s EX Tick 110# +0.117 e0.017 d0.100 
12.72s EX Tick 111# +0.120 e0.017 d0.104 
12.76s PT Tick  26# +0.514 e0.500 d0.014 
Maneuver: Velocity Keeping
12.86s EX Tick 112# +0.140 e0.017 d0.124 
12.98s EX Tick 113# +0.121 e0.017 d0.105 
13.09s EX Tick 114# +0.115 e0.017 d0.099 
13.21s EX Tick 115# +0.116 e0.017 d0.100 
13.27s PT Tick  27# +0.515 e0.500 d0.015 
Maneuver: Velocity Keeping
13.35s EX Tick 116# +0.138 e0.017 d0.121 
13.47s EX Tick 117# +0.124 e0.017 d0.107 
13.59s EX Tick 118# +0.116 e0.017 d0.099 
13.74s EX Tick 119# +0.152 e0.017 d0.135 
13.78s PT Tick  28# +0.506 e0.500 d0.006 
Maneuver: Velocity Keeping
13.87s EX Tick 120# +0.130 e0.017 d0.113 
13.99s EX Tick 121# +0.117 e0.017 d0.100 
14.10s EX Tick 122# +0.119 e0.017 d0.102 
14.22s EX Tick 123# +0.120 e0.017 d0.103 
14.29s PT Tick  29# +0.512 e0.500 d0.012 
Maneuver: Velocity Keeping
14.36s EX Tick 124# +0.140 e0.017 d0.124 
14.48s EX Tick 125# +0.114 e0.017 d0.097 
14.60s EX Tick 126# +0.118 e0.017 d0.101 
14.71s EX Tick 127# +0.119 e0.017 d0.102 
14.80s PT Tick  30# +0.505 e0.500 d0.005 
Maneuver: Velocity Keeping
14.86s EX Tick 128# +0.141 e0.017 d0.124 
14.97s EX Tick 129# +0.114 e0.017 d0.097 
15.09s EX Tick 130# +0.116 e0.017 d0.099 
15.20s EX Tick 131# +0.116 e0.017 d0.099 
15.30s PT Tick  31# +0.505 e0.500 d0.005 
Maneuver: Velocity Keeping
15.34s EX Tick 132# +0.140 e0.017 d0.123 
15.45s EX Tick 133# +0.112 e0.017 d0.096 
15.57s EX Tick 134# +0.115 e0.017 d0.098 
15.68s EX Tick 135# +0.117 e0.017 d0.101 
15.82s PT Tick  32# +0.516 e0.500 d0.016 
Maneuver: Velocity Keeping
15.85s EX Tick 136# +0.170 e0.017 d0.153 
15.97s EX Tick 137# +0.116 e0.017 d0.099 
16.09s EX Tick 138# +0.116 e0.017 d0.099 
16.20s EX Tick 139# +0.114 e0.017 d0.098 
16.32s EX Tick 140# +0.118 e0.017 d0.102 
16.32s PT Tick  33# +0.507 e0.500 d0.007 
Maneuver: Velocity Keeping
16.46s EX Tick 141# +0.141 e0.017 d0.124 
16.58s EX Tick 142# +0.119 e0.017 d0.102 
16.69s EX Tick 143# +0.115 e0.017 d0.099 
16.81s EX Tick 144# +0.118 e0.017 d0.101 
16.83s PT Tick  34# +0.507 e0.500 d0.007 
Maneuver: Velocity Keeping
16.95s EX Tick 145# +0.138 e0.017 d0.121 
17.06s EX Tick 146# +0.116 e0.017 d0.099 
17.18s EX Tick 147# +0.118 e0.017 d0.101 
17.30s EX Tick 148# +0.121 e0.017 d0.104 
17.34s PT Tick  35# +0.511 e0.500 d0.011 
Maneuver: Velocity Keeping
17.44s EX Tick 149# +0.138 e0.017 d0.121 
17.56s EX Tick 150# +0.120 e0.017 d0.103 
17.68s EX Tick 151# +0.119 e0.017 d0.102 
17.80s EX Tick 152# +0.121 e0.017 d0.104 
17.86s PT Tick  36# +0.516 e0.500 d0.016 
Maneuver: Velocity Keeping
17.97s EX Tick 153# +0.169 e0.017 d0.153 
18.09s EX Tick 154# +0.117 e0.017 d0.100 
18.20s EX Tick 155# +0.118 e0.017 d0.101 
18.32s EX Tick 156# +0.120 e0.017 d0.103 
18.37s PT Tick  37# +0.518 e0.500 d0.018 
Maneuver: Velocity Keeping
18.46s EX Tick 157# +0.139 e0.017 d0.123 
18.58s EX Tick 158# +0.119 e0.017 d0.102 
18.70s EX Tick 159# +0.118 e0.017 d0.102 
18.82s EX Tick 160# +0.118 e0.017 d0.101 
18.88s PT Tick  38# +0.503 e0.500 d0.003 
Maneuver: Velocity Keeping
18.96s EX Tick 161# +0.143 e0.017 d0.126 
19.09s EX Tick 162# +0.125 e0.017 d0.108 
19.21s EX Tick 163# +0.120 e0.017 d0.103 
19.33s EX Tick 164# +0.124 e0.017 d0.107 
19.39s PT Tick  39# +0.512 e0.500 d0.012 
Maneuver: Velocity Keeping
19.47s EX Tick 165# +0.143 e0.017 d0.126 
19.60s EX Tick 166# +0.123 e0.017 d0.106 
19.72s EX Tick 167# +0.125 e0.017 d0.108 
19.83s EX Tick 168# +0.115 e0.017 d0.098 
19.94s PT Tick  40# +0.550 e0.500 d0.050 
Maneuver: Velocity Keeping
19.99s EX Tick 169# +0.150 e0.017 d0.134 
20.10s EX Tick 170# +0.117 e0.017 d0.101 
20.25s EX Tick 171# +0.144 e0.017 d0.127 
20.36s EX Tick 172# +0.115 e0.017 d0.098 
20.45s PT Tick  41# +0.507 e0.500 d0.007 
Maneuver: Velocity Keeping
20.50s EX Tick 173# +0.138 e0.017 d0.122 
20.62s EX Tick 174# +0.123 e0.017 d0.107 
20.74s EX Tick 175# +0.120 e0.017 d0.103 
20.86s EX Tick 176# +0.118 e0.017 d0.101 
20.95s PT Tick  42# +0.506 e0.500 d0.006 
Maneuver: Velocity Keeping
21.00s EX Tick 177# +0.137 e0.017 d0.121 
21.12s EX Tick 178# +0.122 e0.017 d0.105 
21.24s EX Tick 179# +0.119 e0.017 d0.103 
21.36s EX Tick 180# +0.123 e0.017 d0.106 
21.46s PT Tick  43# +0.511 e0.500 d0.011 
Maneuver: Velocity Keeping
21.51s EX Tick 181# +0.146 e0.017 d0.129 
21.63s EX Tick 182# +0.120 e0.017 d0.104 
21.76s EX Tick 183# +0.130 e0.017 d0.113 
21.88s EX Tick 184# +0.117 e0.017 d0.100 
21.97s PT Tick  44# +0.508 e0.500 d0.008 
Maneuver: Velocity Keeping
22.02s EX Tick 185# +0.143 e0.017 d0.127 
22.14s EX Tick 186# +0.120 e0.017 d0.104 
22.27s EX Tick 187# +0.130 e0.017 d0.113 
22.42s EX Tick 188# +0.152 e0.017 d0.135 
22.48s PT Tick  45# +0.505 e0.500 d0.005 
Maneuver: Velocity Keeping
22.56s EX Tick 189# +0.141 e0.017 d0.124 
22.68s EX Tick 190# +0.123 e0.017 d0.107 
22.81s EX Tick 191# +0.130 e0.017 d0.113 
22.93s EX Tick 192# +0.119 e0.017 d0.102 
22.99s PT Tick  46# +0.508 e0.500 d0.008 
Maneuver: Velocity Keeping
23.08s EX Tick 193# +0.146 e0.017 d0.129 
23.20s EX Tick 194# +0.121 e0.017 d0.104 
23.32s EX Tick 195# +0.118 e0.017 d0.101 
23.44s EX Tick 196# +0.121 e0.017 d0.104 
23.50s PT Tick  47# +0.510 e0.500 d0.010 
Maneuver: Velocity Keeping
23.59s EX Tick 197# +0.149 e0.017 d0.132 
23.71s EX Tick 198# +0.123 e0.017 d0.106 
23.84s EX Tick 199# +0.126 e0.017 d0.110 
23.96s EX Tick 200# +0.127 e0.017 d0.111 
24.01s PT Tick  48# +0.511 e0.500 d0.011 
Maneuver: Velocity Keeping
24.10s EX Tick 201# +0.141 e0.017 d0.124 
24.23s EX Tick 202# +0.127 e0.017 d0.111 
24.35s EX Tick 203# +0.122 e0.017 d0.106 
24.48s EX Tick 204# +0.126 e0.017 d0.109 
24.52s PT Tick  49# +0.516 e0.500 d0.016 
Maneuver: Velocity Keeping
24.65s EX Tick 205# +0.172 e0.017 d0.155 
24.77s EX Tick 206# +0.118 e0.017 d0.102 
24.89s EX Tick 207# +0.120 e0.017 d0.103 
25.01s EX Tick 208# +0.120 e0.017 d0.103 
25.04s PT Tick  50# +0.517 e0.500 d0.017 
Maneuver: Velocity Keeping
25.15s EX Tick 209# +0.144 e0.017 d0.128 
25.28s EX Tick 210# +0.122 e0.017 d0.105 
25.40s EX Tick 211# +0.122 e0.017 d0.105 
25.52s EX Tick 212# +0.125 e0.017 d0.108 
25.57s PT Tick  51# +0.527 e0.500 d0.027 
Maneuver: Velocity Keeping
25.68s EX Tick 213# +0.153 e0.017 d0.136 
25.80s EX Tick 214# +0.122 e0.017 d0.105 
25.92s EX Tick 215# +0.119 e0.017 d0.103 
26.04s EX Tick 216# +0.124 e0.017 d0.107 
26.07s PT Tick  52# +0.507 e0.500 d0.007 
Maneuver: Velocity Keeping
26.19s EX Tick 217# +0.148 e0.017 d0.132 
26.31s EX Tick 218# +0.118 e0.017 d0.101 
26.43s EX Tick 219# +0.127 e0.017 d0.110 
26.56s EX Tick 220# +0.127 e0.017 d0.111 
26.58s PT Tick  53# +0.507 e0.500 d0.007 
Maneuver: Velocity Keeping
26.70s EX Tick 221# +0.144 e0.017 d0.127 
26.85s EX Tick 222# +0.149 e0.017 d0.132 
26.97s EX Tick 223# +0.115 e0.017 d0.098 
27.09s PT Tick  54# +0.508 e0.500 d0.008 
Maneuver: Velocity Keeping
27.10s EX Tick 224# +0.135 e0.017 d0.119 
27.24s EX Tick 225# +0.139 e0.017 d0.122 
27.37s EX Tick 226# +0.125 e0.017 d0.109 
27.49s EX Tick 227# +0.124 e0.017 d0.107 
27.59s PT Tick  55# +0.505 e0.500 d0.005 
Maneuver: Velocity Keeping
27.63s EX Tick 228# +0.141 e0.017 d0.124 
27.75s EX Tick 229# +0.120 e0.017 d0.103 
27.87s EX Tick 230# +0.122 e0.017 d0.106 
28.00s EX Tick 231# +0.124 e0.017 d0.108 
28.10s PT Tick  56# +0.506 e0.500 d0.006 
Maneuver: Velocity Keeping
28.16s EX Tick 232# +0.156 e0.017 d0.139 
28.28s EX Tick 233# +0.127 e0.017 d0.111 
28.40s EX Tick 234# +0.119 e0.017 d0.102 
28.53s EX Tick 235# +0.133 e0.017 d0.116 
28.60s PT Tick  57# +0.506 e0.500 d0.006 
Maneuver: Velocity Keeping
28.67s EX Tick 236# +0.133 e0.017 d0.117 
28.79s EX Tick 237# +0.120 e0.017 d0.103 
28.90s EX Tick 238# +0.115 e0.017 d0.098 
29.02s EX Tick 239# +0.116 e0.017 d0.099 
29.14s PT Tick  58# +0.534 e0.500 d0.034 
Maneuver: Velocity Keeping
29.16s EX Tick 240# +0.148 e0.017 d0.131 
29.28s EX Tick 241# +0.119 e0.017 d0.102 
29.40s EX Tick 242# +0.120 e0.017 d0.103 
29.53s EX Tick 243# +0.122 e0.017 d0.105 
29.64s EX Tick 244# +0.113 e0.017 d0.096 
29.64s PT Tick  59# +0.505 e0.500 d0.005 
Maneuver: Velocity Keeping
29.77s EX Tick 245# +0.132 e0.017 d0.115 
29.88s EX Tick 246# +0.107 e0.017 d0.091 
29.99s EX Tick 247# +0.115 e0.017 d0.099 
EX TIMEOUT: 30.1s
SIMULATION END
