LogPakFile: Display: Found Pak file ../../../VehicleManeuver/Content/Paks/VehicleManeuver-MacNoEditor.pak attempting to mount.
LogPakFile: Display: Mounting pak file ../../../VehicleManeuver/Content/Paks/VehicleManeuver-MacNoEditor.pak.
LogStreaming: Display: Async Loading initialized: Event Driven Loader: true, Async Loading Thread: false, Async Post Load: true
LogHAL: Display: Platform has ~ 16 GB [17179869184 / 17179869184 / 16], which maps to Larger [LargestMinGB=32, LargerMinGB=12, DefaultMinGB=8, SmallerMinGB=6, SmallestMinGB=0)
LogMetal: Display:     Adapter Name: AMD Radeon Pro 555X
LogMetal: Display:   Driver Version: AMDRadeonX4000 3.5.5 21975 (internal:3.5.5, unified:3.5.5)
LogMetal: Display:      Driver Date: 2020-01-23 14:19:54 +0000
LogMetal: Display:           Vendor: AMD
LogMetal: Display:       Vendor ID: 4098
LogMetal: Display:       Device ID: 26607
LogMetal: Display:       VRAM (MB): 4096
LogMetal: Display: Got a bulk data texture, with 1 mips
LogMetal: Display: Got a bulk data texture, with 1 mips
LogMetal: Display: Got a bulk data texture, with 1 mips
LogStreaming: Display: Flushing async loaders.
LogInit: Display: Game Engine Initialized.
LogInit: Display: Starting Game.
LogMetal: Display: Got a bulk data texture, with 1 mips
LogMetal: Display: Got a bulk data texture, with 1 mips
LogMetal: Display: Got a bulk data texture, with 1 mips
LogTemp: Error: Connecting to Server...
LogTemp: Warning: Connected to GeoScenario Server
LogTemp: Error: SHM [ id=0 x=169.00 y=300.00 z=0.00 yaw=0.00 x_vel=2.35 y_vel=0.00 steer=0.00 ] tick=101 delta_time= 0.020
LogTemp: Error: SHM [ id=0 x=169.00 y=300.00 z=0.00 yaw=0.00 x_vel=2.35 y_vel=0.00 steer=0.00 ] tick=101 delta_time= 0.020
LogTemp: Error: SHM [ id=0 x=169.00 y=300.00 z=0.00 yaw=0.00 x_vel=2.35 y_vel=0.00 steer=0.00 ] tick=101 delta_time= 0.020
LogTemp: Error: SHM [ id=0 x=169.00 y=300.00 z=0.00 yaw=0.00 x_vel=2.35 y_vel=0.00 steer=0.00 ] tick=101 delta_time= 0.020
LogTemp: Error: SHM [ id=0 x=169.00 y=300.00 z=0.00 yaw=0.00 x_vel=2.35 y_vel=0.00 steer=0.00 ] tick=101 delta_time= 0.020
LogTemp: Error: SHM [ id=0 x=169.00 y=300.00 z=0.00 yaw=0.00 x_vel=2.35 y_vel=0.00 steer=0.00 ] tick=101 delta_time= 0.020
LogTemp: Error: SHM [ id=0 x=169.00 y=300.00 z=0.00 yaw=0.00 x_vel=2.35 y_vel=0.00 steer=0.00 ] tick=101 delta_time= 0.020
LogTemp: Error: SHM [ id=0 x=169.00 y=300.00 z=0.00 yaw=0.00 x_vel=2.35 y_vel=0.00 steer=0.00 ] tick=101 delta_time= 0.020
LogTemp: Error: SHM [ id=0 x=169.00 y=300.00 z=0.00 yaw=0.00 x_vel=2.35 y_vel=0.00 steer=0.00 ] tick=101 delta_time= 0.020
LogTemp: Error: SHM [ id=0 x=169.00 y=300.00 z=0.00 yaw=0.00 x_vel=2.35 y_vel=0.00 steer=0.00 ] tick=101 delta_time= 0.020
LogTemp: Error: SHM [ id=0 x=213.00 y=300.00 z=0.00 yaw=0.00 x_vel=2.68 y_vel=0.00 steer=0.00 ] tick=102 delta_time= 0.173
LogTemp: Error: SHM [ id=0 x=218.00 y=300.00 z=0.00 yaw=0.00 x_vel=2.72 y_vel=0.00 steer=0.00 ] tick=103 delta_time= 0.021
LogTemp: Error: SHM [ id=0 x=224.00 y=300.00 z=0.00 yaw=0.00 x_vel=2.76 y_vel=0.00 steer=0.00 ] tick=104 delta_time= 0.019
LogTemp: Error: SHM [ id=0 x=229.00 y=300.00 z=0.00 yaw=0.00 x_vel=2.79 y_vel=0.00 steer=0.00 ] tick=105 delta_time= 0.019
LogTemp: Error: SHM [ id=0 x=235.00 y=300.00 z=0.00 yaw=0.00 x_vel=2.83 y_vel=0.00 steer=0.00 ] tick=106 delta_time= 0.020
LogTemp: Error: SHM [ id=0 x=235.00 y=300.00 z=0.00 yaw=0.00 x_vel=2.83 y_vel=0.00 steer=0.00 ] tick=106 delta_time= 0.020
LogTemp: Error: SHM [ id=0 x=240.00 y=300.00 z=0.00 yaw=0.00 x_vel=2.87 y_vel=0.00 steer=0.00 ] tick=107 delta_time= 0.020
LogTemp: Error: SHM [ id=0 x=246.00 y=300.00 z=0.00 yaw=0.00 x_vel=2.90 y_vel=0.00 steer=0.00 ] tick=108 delta_time= 0.019
LogTemp: Error: SHM [ id=0 x=251.00 y=300.00 z=0.00 yaw=0.00 x_vel=2.94 y_vel=0.00 steer=0.00 ] tick=109 delta_time= 0.020
LogTemp: Error: SHM [ id=0 x=258.00 y=300.00 z=0.00 yaw=0.00 x_vel=2.98 y_vel=0.00 steer=0.00 ] tick=110 delta_time= 0.021
LogTemp: Error: SHM [ id=0 x=264.00 y=300.00 z=0.00 yaw=0.00 x_vel=3.02 y_vel=0.00 steer=0.00 ] tick=111 delta_time= 0.021
LogTemp: Error: SHM [ id=0 x=264.00 y=300.00 z=0.00 yaw=0.00 x_vel=3.02 y_vel=0.00 steer=0.00 ] tick=111 delta_time= 0.021
LogTemp: Error: SHM [ id=0 x=270.00 y=300.00 z=0.00 yaw=0.00 x_vel=3.05 y_vel=0.00 steer=0.00 ] tick=112 delta_time= 0.020
LogTemp: Error: SHM [ id=0 x=276.00 y=300.00 z=0.00 yaw=0.00 x_vel=3.09 y_vel=0.00 steer=0.00 ] tick=113 delta_time= 0.019
LogTemp: Error: SHM [ id=0 x=282.00 y=300.00 z=0.00 yaw=0.00 x_vel=3.12 y_vel=0.00 steer=0.00 ] tick=114 delta_time= 0.020
LogTemp: Error: SHM [ id=0 x=288.00 y=300.00 z=0.00 yaw=0.00 x_vel=3.16 y_vel=0.00 steer=0.00 ] tick=115 delta_time= 0.021
LogTemp: Error: SHM [ id=0 x=295.00 y=300.00 z=0.00 yaw=0.00 x_vel=3.20 y_vel=0.00 steer=0.00 ] tick=116 delta_time= 0.020
LogTemp: Error: SHM [ id=0 x=301.00 y=300.00 z=0.00 yaw=0.00 x_vel=3.23 y_vel=0.00 steer=0.00 ] tick=117 delta_time= 0.019
LogTemp: Error: SHM [ id=0 x=301.00 y=300.00 z=0.00 yaw=0.00 x_vel=3.23 y_vel=0.00 steer=0.00 ] tick=117 delta_time= 0.019
LogTemp: Error: SHM [ id=0 x=307.00 y=300.00 z=0.00 yaw=0.00 x_vel=3.27 y_vel=0.00 steer=0.00 ] tick=118 delta_time= 0.019
LogTemp: Error: SHM [ id=0 x=313.00 y=300.00 z=0.00 yaw=0.00 x_vel=3.30 y_vel=0.00 steer=0.00 ] tick=119 delta_time= 0.018
LogTemp: Error: SHM [ id=0 x=320.00 y=300.00 z=0.00 yaw=0.00 x_vel=3.33 y_vel=0.00 steer=0.00 ] tick=120 delta_time= 0.020
LogTemp: Error: SHM [ id=0 x=326.00 y=300.00 z=0.00 yaw=0.00 x_vel=3.37 y_vel=0.00 steer=0.00 ] tick=121 delta_time= 0.020
LogTemp: Error: SHM [ id=0 x=333.00 y=300.00 z=0.00 yaw=0.00 x_vel=3.41 y_vel=0.00 steer=0.00 ] tick=122 delta_time= 0.021
LogTemp: Error: SHM [ id=0 x=333.00 y=300.00 z=0.00 yaw=0.00 x_vel=3.41 y_vel=0.00 steer=0.00 ] tick=122 delta_time= 0.021
LogTemp: Error: SHM [ id=0 x=340.00 y=300.00 z=0.00 yaw=0.00 x_vel=3.44 y_vel=0.00 steer=0.00 ] tick=123 delta_time= 0.020
LogTemp: Error: SHM [ id=0 x=347.00 y=300.00 z=0.00 yaw=0.00 x_vel=3.48 y_vel=0.00 steer=0.00 ] tick=124 delta_time= 0.020
LogTemp: Error: SHM [ id=0 x=354.00 y=300.00 z=0.00 yaw=0.00 x_vel=3.51 y_vel=0.00 steer=0.00 ] tick=125 delta_time= 0.021
LogTemp: Error: SHM [ id=0 x=361.00 y=300.00 z=0.00 yaw=0.00 x_vel=3.55 y_vel=0.00 steer=0.00 ] tick=126 delta_time= 0.019
LogTemp: Error: SHM [ id=0 x=368.00 y=300.00 z=0.00 yaw=0.00 x_vel=3.58 y_vel=0.00 steer=0.00 ] tick=127 delta_time= 0.020
LogTemp: Error: SHM [ id=0 x=375.00 y=300.00 z=0.00 yaw=0.00 x_vel=3.61 y_vel=0.00 steer=0.00 ] tick=128 delta_time= 0.019
LogTemp: Error: SHM [ id=0 x=375.00 y=300.00 z=0.00 yaw=0.00 x_vel=3.61 y_vel=0.00 steer=0.00 ] tick=128 delta_time= 0.019
LogTemp: Error: SHM [ id=0 x=382.00 y=300.00 z=0.00 yaw=0.00 x_vel=3.65 y_vel=0.00 steer=0.00 ] tick=129 delta_time= 0.020
LogTemp: Error: SHM [ id=0 x=390.00 y=300.00 z=0.00 yaw=0.00 x_vel=3.68 y_vel=0.00 steer=0.00 ] tick=130 delta_time= 0.020
LogTemp: Error: SHM [ id=0 x=397.00 y=300.00 z=0.00 yaw=0.00 x_vel=3.72 y_vel=0.00 steer=0.00 ] tick=131 delta_time= 0.021
LogTemp: Error: SHM [ id=0 x=405.00 y=300.00 z=0.00 yaw=0.00 x_vel=3.75 y_vel=0.00 steer=0.00 ] tick=132 delta_time= 0.020
LogTemp: Error: SHM [ id=0 x=412.00 y=300.00 z=0.00 yaw=0.00 x_vel=3.78 y_vel=0.00 steer=0.00 ] tick=133 delta_time= 0.018
LogTemp: Error: SHM [ id=0 x=412.00 y=300.00 z=0.00 yaw=0.00 x_vel=3.78 y_vel=0.00 steer=0.00 ] tick=133 delta_time= 0.018
LogTemp: Error: SHM [ id=0 x=419.00 y=300.00 z=0.00 yaw=0.00 x_vel=3.81 y_vel=0.00 steer=0.00 ] tick=134 delta_time= 0.019
LogTemp: Error: SHM [ id=0 x=426.00 y=300.00 z=0.00 yaw=0.00 x_vel=3.85 y_vel=0.00 steer=0.00 ] tick=135 delta_time= 0.020
LogTemp: Error: SHM [ id=0 x=434.00 y=300.00 z=0.00 yaw=0.00 x_vel=3.88 y_vel=0.00 steer=0.00 ] tick=136 delta_time= 0.020
LogTemp: Error: SHM [ id=0 x=441.00 y=300.00 z=0.00 yaw=0.00 x_vel=3.91 y_vel=0.00 steer=0.00 ] tick=137 delta_time= 0.019
LogTemp: Error: SHM [ id=0 x=449.00 y=300.00 z=0.00 yaw=0.00 x_vel=3.94 y_vel=0.00 steer=0.00 ] tick=138 delta_time= 0.019
LogTemp: Error: SHM [ id=0 x=457.00 y=300.00 z=0.00 yaw=0.00 x_vel=3.98 y_vel=0.00 steer=0.00 ] tick=139 delta_time= 0.021
LogTemp: Error: SHM [ id=0 x=457.00 y=300.00 z=0.00 yaw=0.00 x_vel=3.98 y_vel=0.00 steer=0.00 ] tick=139 delta_time= 0.021
LogTemp: Error: SHM [ id=0 x=465.00 y=300.00 z=0.00 yaw=0.00 x_vel=4.01 y_vel=0.00 steer=0.00 ] tick=140 delta_time= 0.019
LogTemp: Error: SHM [ id=0 x=473.00 y=300.00 z=0.00 yaw=0.00 x_vel=4.04 y_vel=0.00 steer=0.00 ] tick=141 delta_time= 0.019
LogTemp: Error: SHM [ id=0 x=481.00 y=300.00 z=0.00 yaw=0.00 x_vel=4.07 y_vel=0.00 steer=0.00 ] tick=142 delta_time= 0.020
LogTemp: Error: SHM [ id=0 x=488.00 y=300.00 z=0.00 yaw=0.00 x_vel=4.10 y_vel=0.00 steer=0.00 ] tick=143 delta_time= 0.019
LogTemp: Error: SHM [ id=0 x=497.00 y=300.00 z=0.00 yaw=0.00 x_vel=4.14 y_vel=0.00 steer=0.00 ] tick=144 delta_time= 0.020
LogTemp: Error: SHM [ id=0 x=505.00 y=300.00 z=0.00 yaw=0.00 x_vel=4.17 y_vel=0.00 steer=0.00 ] tick=145 delta_time= 0.020
LogTemp: Error: SHM [ id=0 x=505.00 y=300.00 z=0.00 yaw=0.00 x_vel=4.17 y_vel=0.00 steer=0.00 ] tick=145 delta_time= 0.020
LogTemp: Error: SHM [ id=0 x=513.00 y=300.00 z=0.00 yaw=0.00 x_vel=4.20 y_vel=0.00 steer=0.00 ] tick=146 delta_time= 0.020
LogTemp: Error: SHM [ id=0 x=522.00 y=300.00 z=0.00 yaw=0.00 x_vel=4.23 y_vel=0.00 steer=0.00 ] tick=147 delta_time= 0.020
LogTemp: Error: SHM [ id=0 x=530.00 y=300.00 z=0.00 yaw=0.00 x_vel=4.26 y_vel=0.00 steer=0.00 ] tick=148 delta_time= 0.020
LogTemp: Error: SHM [ id=0 x=538.00 y=300.00 z=0.00 yaw=0.00 x_vel=4.29 y_vel=0.00 steer=0.00 ] tick=149 delta_time= 0.018
LogTemp: Error: SHM [ id=0 x=547.00 y=300.00 z=0.00 yaw=0.00 x_vel=4.33 y_vel=0.00 steer=0.00 ] tick=150 delta_time= 0.021
LogTemp: Error: SHM [ id=0 x=547.00 y=300.00 z=0.00 yaw=0.00 x_vel=4.33 y_vel=0.00 steer=0.00 ] tick=150 delta_time= 0.021
LogTemp: Error: SHM [ id=0 x=555.00 y=300.00 z=0.00 yaw=0.00 x_vel=4.35 y_vel=0.00 steer=0.00 ] tick=151 delta_time= 0.019
LogTemp: Error: SHM [ id=0 x=564.00 y=300.00 z=0.00 yaw=0.00 x_vel=4.39 y_vel=0.00 steer=0.00 ] tick=152 delta_time= 0.020
LogTemp: Error: SHM [ id=0 x=573.00 y=300.00 z=0.00 yaw=0.00 x_vel=4.42 y_vel=0.00 steer=0.00 ] tick=153 delta_time= 0.021
LogTemp: Error: SHM [ id=0 x=581.00 y=300.00 z=0.00 yaw=0.00 x_vel=4.45 y_vel=0.00 steer=0.00 ] tick=154 delta_time= 0.019
LogTemp: Error: SHM [ id=0 x=589.00 y=300.00 z=0.00 yaw=0.00 x_vel=4.48 y_vel=0.00 steer=0.00 ] tick=155 delta_time= 0.018
LogTemp: Error: SHM [ id=0 x=599.00 y=300.00 z=0.00 yaw=0.00 x_vel=4.51 y_vel=0.00 steer=0.00 ] tick=156 delta_time= 0.021
LogTemp: Error: SHM [ id=0 x=599.00 y=300.00 z=0.00 yaw=0.00 x_vel=4.51 y_vel=0.00 steer=0.00 ] tick=156 delta_time= 0.021
LogTemp: Error: SHM [ id=0 x=608.00 y=300.00 z=0.00 yaw=0.00 x_vel=4.54 y_vel=0.00 steer=0.00 ] tick=157 delta_time= 0.020
LogTemp: Error: SHM [ id=0 x=616.00 y=300.00 z=0.00 yaw=0.00 x_vel=4.57 y_vel=0.00 steer=0.00 ] tick=158 delta_time= 0.018
LogTemp: Error: SHM [ id=0 x=625.00 y=300.00 z=0.00 yaw=0.00 x_vel=4.60 y_vel=0.00 steer=0.00 ] tick=159 delta_time= 0.020
LogTemp: Error: SHM [ id=0 x=633.00 y=300.00 z=0.00 yaw=0.00 x_vel=4.62 y_vel=0.00 steer=0.00 ] tick=160 delta_time= 0.018
LogTemp: Error: SHM [ id=0 x=643.00 y=300.00 z=0.00 yaw=0.00 x_vel=4.65 y_vel=0.00 steer=0.00 ] tick=161 delta_time= 0.020
LogTemp: Error: SHM [ id=0 x=652.00 y=300.00 z=0.00 yaw=0.00 x_vel=4.68 y_vel=0.00 steer=0.00 ] tick=162 delta_time= 0.021
LogTemp: Error: SHM [ id=0 x=652.00 y=300.00 z=0.00 yaw=0.00 x_vel=4.68 y_vel=0.00 steer=0.00 ] tick=162 delta_time= 0.021
LogTemp: Error: SHM [ id=0 x=662.00 y=300.00 z=0.00 yaw=0.00 x_vel=4.71 y_vel=0.00 steer=0.00 ] tick=163 delta_time= 0.020
LogTemp: Error: SHM [ id=0 x=671.00 y=300.00 z=0.00 yaw=0.00 x_vel=4.74 y_vel=0.00 steer=0.00 ] tick=164 delta_time= 0.020
LogTemp: Error: SHM [ id=0 x=680.00 y=300.00 z=0.00 yaw=0.00 x_vel=4.77 y_vel=0.00 steer=0.00 ] tick=165 delta_time= 0.020
LogTemp: Error: SHM [ id=0 x=689.00 y=300.00 z=0.00 yaw=0.00 x_vel=4.80 y_vel=0.00 steer=0.00 ] tick=166 delta_time= 0.019
LogTemp: Error: SHM [ id=0 x=699.00 y=300.00 z=0.00 yaw=0.00 x_vel=4.83 y_vel=0.00 steer=0.00 ] tick=167 delta_time= 0.020
LogTemp: Error: SHM [ id=0 x=699.00 y=300.00 z=0.00 yaw=0.00 x_vel=4.83 y_vel=0.00 steer=0.00 ] tick=167 delta_time= 0.020
LogTemp: Error: SHM [ id=0 x=709.00 y=300.00 z=0.00 yaw=0.00 x_vel=4.86 y_vel=0.00 steer=0.00 ] tick=168 delta_time= 0.020
LogTemp: Error: SHM [ id=0 x=719.00 y=300.00 z=0.00 yaw=0.00 x_vel=4.89 y_vel=0.00 steer=0.00 ] tick=169 delta_time= 0.021
LogTemp: Error: SHM [ id=0 x=729.00 y=300.00 z=0.00 yaw=0.00 x_vel=4.92 y_vel=0.00 steer=0.00 ] tick=170 delta_time= 0.020
LogTemp: Error: SHM [ id=0 x=739.00 y=300.00 z=0.00 yaw=0.00 x_vel=4.94 y_vel=0.00 steer=0.00 ] tick=171 delta_time= 0.020
LogTemp: Error: SHM [ id=0 x=749.00 y=300.00 z=0.00 yaw=0.00 x_vel=4.97 y_vel=0.00 steer=0.00 ] tick=172 delta_time= 0.021
LogTemp: Error: SHM [ id=0 x=749.00 y=300.00 z=0.00 yaw=0.00 x_vel=4.97 y_vel=0.00 steer=0.00 ] tick=172 delta_time= 0.021
LogTemp: Error: SHM [ id=0 x=759.00 y=300.00 z=0.00 yaw=0.00 x_vel=5.00 y_vel=0.00 steer=0.00 ] tick=173 delta_time= 0.020
LogTemp: Error: SHM [ id=0 x=768.00 y=300.00 z=0.00 yaw=0.00 x_vel=5.03 y_vel=0.00 steer=0.00 ] tick=174 delta_time= 0.017
LogTemp: Error: SHM [ id=0 x=778.00 y=300.00 z=0.00 yaw=0.00 x_vel=5.05 y_vel=0.00 steer=0.00 ] tick=175 delta_time= 0.020
LogTemp: Error: SHM [ id=0 x=788.00 y=300.00 z=0.00 yaw=0.00 x_vel=5.08 y_vel=0.00 steer=0.00 ] tick=176 delta_time= 0.020
LogTemp: Error: SHM [ id=0 x=798.00 y=300.00 z=0.00 yaw=0.00 x_vel=5.11 y_vel=0.00 steer=0.00 ] tick=177 delta_time= 0.020
LogTemp: Error: SHM [ id=0 x=808.00 y=300.00 z=0.00 yaw=0.00 x_vel=5.14 y_vel=0.00 steer=0.00 ] tick=178 delta_time= 0.019
LogTemp: Error: SHM [ id=0 x=808.00 y=300.00 z=0.00 yaw=0.00 x_vel=5.14 y_vel=0.00 steer=0.00 ] tick=178 delta_time= 0.019
LogTemp: Error: SHM [ id=0 x=818.00 y=300.00 z=0.00 yaw=0.00 x_vel=5.16 y_vel=0.00 steer=0.00 ] tick=179 delta_time= 0.020
LogTemp: Error: SHM [ id=0 x=828.00 y=300.00 z=0.00 yaw=0.00 x_vel=5.19 y_vel=0.00 steer=0.00 ] tick=180 delta_time= 0.019
LogTemp: Error: SHM [ id=0 x=839.00 y=300.00 z=0.00 yaw=0.00 x_vel=5.22 y_vel=0.00 steer=0.00 ] tick=181 delta_time= 0.021
LogTemp: Error: SHM [ id=0 x=849.00 y=300.00 z=0.00 yaw=0.00 x_vel=5.24 y_vel=0.00 steer=0.00 ] tick=182 delta_time= 0.019
LogTemp: Error: SHM [ id=0 x=858.00 y=300.00 z=0.00 yaw=0.00 x_vel=5.27 y_vel=0.00 steer=0.00 ] tick=183 delta_time= 0.017
LogTemp: Error: SHM [ id=0 x=867.00 y=300.00 z=0.00 yaw=0.00 x_vel=5.29 y_vel=0.00 steer=0.00 ] tick=184 delta_time= 0.017
LogTemp: Error: SHM [ id=0 x=877.00 y=300.00 z=0.00 yaw=0.00 x_vel=5.32 y_vel=0.00 steer=0.00 ] tick=185 delta_time= 0.020
LogTemp: Error: SHM [ id=0 x=877.00 y=300.00 z=0.00 yaw=0.00 x_vel=5.32 y_vel=0.00 steer=0.00 ] tick=185 delta_time= 0.020
LogTemp: Error: SHM [ id=0 x=888.00 y=300.00 z=0.00 yaw=0.00 x_vel=5.34 y_vel=0.00 steer=0.00 ] tick=186 delta_time= 0.021
LogTemp: Error: SHM [ id=0 x=899.00 y=300.00 z=0.00 yaw=0.00 x_vel=5.37 y_vel=0.00 steer=0.00 ] tick=187 delta_time= 0.019
LogTemp: Error: SHM [ id=0 x=909.00 y=300.00 z=0.00 yaw=0.00 x_vel=5.39 y_vel=0.00 steer=0.00 ] tick=188 delta_time= 0.020
LogTemp: Error: SHM [ id=0 x=920.00 y=300.00 z=0.00 yaw=0.00 x_vel=5.42 y_vel=0.00 steer=0.00 ] tick=189 delta_time= 0.019
LogTemp: Error: SHM [ id=0 x=930.00 y=300.00 z=0.00 yaw=0.00 x_vel=5.45 y_vel=0.00 steer=0.00 ] tick=190 delta_time= 0.020
LogTemp: Error: SHM [ id=0 x=930.00 y=300.00 z=0.00 yaw=0.00 x_vel=5.45 y_vel=0.00 steer=0.00 ] tick=190 delta_time= 0.020
LogTemp: Error: SHM [ id=0 x=941.00 y=300.00 z=0.00 yaw=0.00 x_vel=5.47 y_vel=0.00 steer=0.00 ] tick=191 delta_time= 0.020
LogTemp: Error: SHM [ id=0 x=952.00 y=300.00 z=0.00 yaw=0.00 x_vel=5.50 y_vel=0.00 steer=0.00 ] tick=192 delta_time= 0.020
LogTemp: Error: SHM [ id=0 x=964.00 y=300.00 z=0.00 yaw=0.00 x_vel=5.52 y_vel=0.00 steer=0.00 ] tick=193 delta_time= 0.021
LogTemp: Error: SHM [ id=0 x=974.00 y=300.00 z=0.00 yaw=0.00 x_vel=5.55 y_vel=0.00 steer=0.00 ] tick=194 delta_time= 0.020
LogTemp: Error: SHM [ id=0 x=984.00 y=300.00 z=0.00 yaw=0.00 x_vel=5.57 y_vel=0.00 steer=0.00 ] tick=195 delta_time= 0.018
LogTemp: Error: SHM [ id=0 x=995.00 y=300.00 z=0.00 yaw=0.00 x_vel=5.59 y_vel=0.00 steer=0.00 ] tick=196 delta_time= 0.020
LogTemp: Error: SHM [ id=0 x=995.00 y=300.00 z=0.00 yaw=0.00 x_vel=5.59 y_vel=0.00 steer=0.00 ] tick=196 delta_time= 0.020
LogTemp: Error: SHM [ id=0 x=995.00 y=300.00 z=0.00 yaw=0.00 x_vel=5.59 y_vel=0.00 steer=0.00 ] tick=196 delta_time= 0.020
LogTemp: Error: SHM [ id=0 x=995.00 y=300.00 z=0.00 yaw=0.00 x_vel=5.59 y_vel=0.00 steer=0.00 ] tick=196 delta_time= 0.020
LogTemp: Error: SHM [ id=0 x=995.00 y=300.00 z=0.00 yaw=0.00 x_vel=5.59 y_vel=0.00 steer=0.00 ] tick=196 delta_time= 0.020
LogTemp: Error: SHM [ id=0 x=995.00 y=300.00 z=0.00 yaw=0.00 x_vel=5.59 y_vel=0.00 steer=0.00 ] tick=196 delta_time= 0.020
LogTemp: Error: SHM [ id=0 x=995.00 y=300.00 z=0.00 yaw=0.00 x_vel=5.59 y_vel=0.00 steer=0.00 ] tick=196 delta_time= 0.020
LogTemp: Error: SHM [ id=0 x=995.00 y=300.00 z=0.00 yaw=0.00 x_vel=5.59 y_vel=0.00 steer=0.00 ] tick=196 delta_time= 0.020
LogTemp: Error: SHM [ id=0 x=995.00 y=300.00 z=0.00 yaw=0.00 x_vel=5.59 y_vel=0.00 steer=0.00 ] tick=196 delta_time= 0.020
LogTemp: Error: SHM [ id=0 x=995.00 y=300.00 z=0.00 yaw=0.00 x_vel=5.59 y_vel=0.00 steer=0.00 ] tick=196 delta_time= 0.020
LogTemp: Error: SHM [ id=0 x=1087.00 y=300.00 z=0.00 yaw=0.00 x_vel=5.79 y_vel=0.00 steer=0.00 ] tick=197 delta_time= 0.161
LogTemp: Error: SHM [ id=0 x=1098.00 y=300.00 z=0.00 yaw=0.00 x_vel=5.81 y_vel=0.00 steer=0.00 ] tick=198 delta_time= 0.020
LogTemp: Error: SHM [ id=0 x=1110.00 y=300.00 z=0.00 yaw=0.00 x_vel=5.84 y_vel=0.00 steer=0.00 ] tick=199 delta_time= 0.020
LogTemp: Error: SHM [ id=0 x=1110.00 y=300.00 z=0.00 yaw=0.00 x_vel=5.84 y_vel=0.00 steer=0.00 ] tick=199 delta_time= 0.020
LogTemp: Error: SHM [ id=0 x=1122.00 y=300.00 z=0.00 yaw=0.00 x_vel=5.86 y_vel=0.00 steer=0.00 ] tick=200 delta_time= 0.020
LogTemp: Error: SHM [ id=0 x=1133.00 y=300.00 z=0.00 yaw=0.00 x_vel=5.88 y_vel=0.00 steer=0.00 ] tick=201 delta_time= 0.019
LogTemp: Error: SHM [ id=0 x=1143.00 y=300.00 z=0.00 yaw=0.00 x_vel=5.90 y_vel=0.00 steer=0.00 ] tick=202 delta_time= 0.017
LogTemp: Error: SHM [ id=0 x=1154.00 y=300.00 z=0.00 yaw=0.00 x_vel=5.92 y_vel=0.00 steer=0.00 ] tick=203 delta_time= 0.018
LogTemp: Error: SHM [ id=0 x=1166.00 y=300.00 z=0.00 yaw=0.00 x_vel=5.94 y_vel=0.00 steer=0.00 ] tick=204 delta_time= 0.020
LogTemp: Error: SHM [ id=0 x=1178.00 y=300.00 z=0.00 yaw=0.00 x_vel=5.97 y_vel=0.00 steer=0.00 ] tick=205 delta_time= 0.020
LogTemp: Error: SHM [ id=0 x=1189.00 y=300.00 z=0.00 yaw=0.00 x_vel=5.99 y_vel=0.00 steer=0.00 ] tick=206 delta_time= 0.019
LogTemp: Error: SHM [ id=0 x=1189.00 y=300.00 z=0.00 yaw=0.00 x_vel=5.99 y_vel=0.00 steer=0.00 ] tick=206 delta_time= 0.019
LogTemp: Error: SHM [ id=0 x=1201.00 y=300.00 z=0.00 yaw=0.00 x_vel=6.01 y_vel=0.00 steer=0.00 ] tick=207 delta_time= 0.020
LogTemp: Error: SHM [ id=0 x=1213.00 y=300.00 z=0.00 yaw=0.00 x_vel=6.03 y_vel=0.00 steer=0.00 ] tick=208 delta_time= 0.020
LogTemp: Error: SHM [ id=0 x=1225.00 y=300.00 z=0.00 yaw=0.00 x_vel=6.05 y_vel=0.00 steer=0.00 ] tick=209 delta_time= 0.019
LogTemp: Error: SHM [ id=0 x=1237.00 y=300.00 z=0.00 yaw=0.00 x_vel=6.07 y_vel=0.00 steer=0.00 ] tick=210 delta_time= 0.021
LogTemp: Error: SHM [ id=0 x=1237.00 y=300.00 z=0.00 yaw=0.00 x_vel=6.07 y_vel=0.00 steer=0.00 ] tick=210 delta_time= 0.021
LogTemp: Error: SHM [ id=0 x=1250.00 y=300.00 z=0.00 yaw=0.00 x_vel=6.10 y_vel=0.00 steer=0.00 ] tick=211 delta_time= 0.021
LogTemp: Error: SHM [ id=0 x=1261.00 y=300.00 z=0.00 yaw=0.00 x_vel=6.11 y_vel=0.00 steer=0.00 ] tick=212 delta_time= 0.018
LogTemp: Error: SHM [ id=0 x=1273.00 y=300.00 z=0.00 yaw=0.00 x_vel=6.13 y_vel=0.00 steer=0.00 ] tick=213 delta_time= 0.020
LogTemp: Error: SHM [ id=0 x=1286.00 y=300.00 z=0.00 yaw=0.00 x_vel=6.16 y_vel=0.00 steer=0.00 ] tick=214 delta_time= 0.020
LogTemp: Error: SHM [ id=0 x=1298.00 y=300.00 z=0.00 yaw=0.00 x_vel=6.18 y_vel=0.00 steer=0.00 ] tick=215 delta_time= 0.020
LogTemp: Error: SHM [ id=0 x=1310.00 y=300.00 z=0.00 yaw=0.00 x_vel=6.19 y_vel=0.00 steer=0.00 ] tick=216 delta_time= 0.019
LogTemp: Error: SHM [ id=0 x=1310.00 y=300.00 z=0.00 yaw=0.00 x_vel=6.19 y_vel=0.00 steer=0.00 ] tick=216 delta_time= 0.019
LogTemp: Error: SHM [ id=0 x=1322.00 y=300.00 z=0.00 yaw=0.00 x_vel=6.21 y_vel=0.00 steer=0.00 ] tick=217 delta_time= 0.020
LogTemp: Error: SHM [ id=0 x=1335.00 y=300.00 z=0.00 yaw=0.00 x_vel=6.23 y_vel=0.00 steer=0.00 ] tick=218 delta_time= 0.020
LogTemp: Error: SHM [ id=0 x=1347.00 y=300.00 z=0.00 yaw=0.00 x_vel=6.26 y_vel=0.00 steer=0.00 ] tick=219 delta_time= 0.020
LogTemp: Error: SHM [ id=0 x=1360.00 y=300.00 z=0.00 yaw=0.00 x_vel=6.27 y_vel=0.00 steer=0.00 ] tick=220 delta_time= 0.020
LogTemp: Error: SHM [ id=0 x=1372.00 y=300.00 z=0.00 yaw=0.00 x_vel=6.29 y_vel=0.00 steer=0.00 ] tick=221 delta_time= 0.020
LogTemp: Error: SHM [ id=0 x=1372.00 y=300.00 z=0.00 yaw=0.00 x_vel=6.29 y_vel=0.00 steer=0.00 ] tick=221 delta_time= 0.020
LogTemp: Error: SHM [ id=0 x=1385.00 y=300.00 z=0.00 yaw=0.00 x_vel=6.31 y_vel=0.00 steer=0.00 ] tick=222 delta_time= 0.020
LogTemp: Error: SHM [ id=0 x=1398.00 y=300.00 z=0.00 yaw=0.00 x_vel=6.33 y_vel=0.00 steer=0.00 ] tick=223 delta_time= 0.020
LogTemp: Error: SHM [ id=0 x=1410.00 y=300.00 z=0.00 yaw=0.00 x_vel=6.35 y_vel=0.00 steer=0.00 ] tick=224 delta_time= 0.020
LogTemp: Error: SHM [ id=0 x=1423.00 y=300.00 z=0.00 yaw=0.00 x_vel=6.37 y_vel=0.00 steer=0.00 ] tick=225 delta_time= 0.020
LogTemp: Error: SHM [ id=0 x=1436.00 y=300.00 z=0.00 yaw=0.00 x_vel=6.39 y_vel=0.00 steer=0.00 ] tick=226 delta_time= 0.021
LogTemp: Error: SHM [ id=0 x=1436.00 y=300.00 z=0.00 yaw=0.00 x_vel=6.39 y_vel=0.00 steer=0.00 ] tick=226 delta_time= 0.021
LogTemp: Error: SHM [ id=0 x=1449.00 y=300.00 z=0.00 yaw=0.00 x_vel=6.41 y_vel=0.00 steer=0.00 ] tick=227 delta_time= 0.020
LogTemp: Error: SHM [ id=0 x=1461.00 y=300.00 z=0.00 yaw=0.00 x_vel=6.42 y_vel=0.00 steer=0.00 ] tick=228 delta_time= 0.018
LogTemp: Error: SHM [ id=0 x=1473.00 y=300.00 z=0.00 yaw=0.00 x_vel=6.44 y_vel=0.00 steer=0.00 ] tick=229 delta_time= 0.020
LogTemp: Error: SHM [ id=0 x=1486.00 y=300.00 z=0.00 yaw=0.00 x_vel=6.46 y_vel=0.00 steer=0.00 ] tick=230 delta_time= 0.020
LogTemp: Error: SHM [ id=0 x=1500.00 y=300.00 z=0.00 yaw=0.00 x_vel=6.48 y_vel=0.00 steer=0.00 ] tick=231 delta_time= 0.020
LogTemp: Error: SHM [ id=0 x=1500.00 y=300.00 z=0.00 yaw=0.00 x_vel=6.48 y_vel=0.00 steer=0.00 ] tick=231 delta_time= 0.020
LogTemp: Error: SHM [ id=0 x=1513.00 y=300.00 z=0.00 yaw=0.00 x_vel=6.50 y_vel=0.00 steer=0.00 ] tick=232 delta_time= 0.020
LogTemp: Error: SHM [ id=0 x=1525.00 y=300.00 z=0.00 yaw=0.00 x_vel=6.51 y_vel=0.00 steer=0.00 ] tick=233 delta_time= 0.019
LogTemp: Error: SHM [ id=0 x=1537.00 y=300.00 z=0.00 yaw=0.00 x_vel=6.53 y_vel=0.00 steer=0.00 ] tick=234 delta_time= 0.018
LogTemp: Error: SHM [ id=0 x=1548.00 y=300.00 z=0.00 yaw=0.00 x_vel=6.54 y_vel=0.00 steer=0.00 ] tick=235 delta_time= 0.017
LogTemp: Error: SHM [ id=0 x=1561.00 y=300.00 z=0.00 yaw=0.00 x_vel=6.56 y_vel=0.00 steer=0.00 ] tick=236 delta_time= 0.020
LogTemp: Error: SHM [ id=0 x=1572.00 y=300.00 z=0.00 yaw=0.00 x_vel=6.57 y_vel=0.00 steer=0.00 ] tick=237 delta_time= 0.017
LogTemp: Error: SHM [ id=0 x=1585.00 y=300.00 z=0.00 yaw=0.00 x_vel=6.59 y_vel=0.00 steer=0.00 ] tick=238 delta_time= 0.019
LogTemp: Error: SHM [ id=0 x=1598.00 y=300.00 z=0.00 yaw=0.00 x_vel=6.61 y_vel=0.00 steer=0.00 ] tick=239 delta_time= 0.020
LogTemp: Error: SHM [ id=0 x=1598.00 y=300.00 z=0.00 yaw=0.00 x_vel=6.61 y_vel=0.00 steer=0.00 ] tick=239 delta_time= 0.020
LogTemp: Error: SHM [ id=0 x=1611.00 y=300.00 z=0.00 yaw=0.00 x_vel=6.62 y_vel=0.00 steer=0.00 ] tick=240 delta_time= 0.019
LogTemp: Error: SHM [ id=0 x=1624.00 y=300.00 z=0.00 yaw=0.00 x_vel=6.64 y_vel=0.00 steer=0.00 ] tick=241 delta_time= 0.019
LogTemp: Error: SHM [ id=0 x=1637.00 y=300.00 z=0.00 yaw=0.00 x_vel=6.66 y_vel=0.00 steer=0.00 ] tick=242 delta_time= 0.020
LogTemp: Error: SHM [ id=0 x=1651.00 y=300.00 z=0.00 yaw=0.00 x_vel=6.67 y_vel=0.00 steer=0.00 ] tick=243 delta_time= 0.020
LogTemp: Error: SHM [ id=0 x=1664.00 y=300.00 z=0.00 yaw=0.00 x_vel=6.69 y_vel=0.00 steer=0.00 ] tick=244 delta_time= 0.020
LogTemp: Error: SHM [ id=0 x=1677.00 y=300.00 z=0.00 yaw=0.00 x_vel=6.70 y_vel=0.00 steer=0.00 ] tick=245 delta_time= 0.019
LogTemp: Error: SHM [ id=0 x=1688.00 y=300.00 z=0.00 yaw=0.00 x_vel=6.72 y_vel=0.00 steer=0.00 ] tick=246 delta_time= 0.017
LogTemp: Error: SHM [ id=0 x=1688.00 y=300.00 z=0.00 yaw=0.00 x_vel=6.72 y_vel=0.00 steer=0.00 ] tick=246 delta_time= 0.017
LogTemp: Error: SHM [ id=0 x=1702.00 y=300.00 z=0.00 yaw=0.00 x_vel=6.73 y_vel=0.00 steer=0.00 ] tick=247 delta_time= 0.020
LogTemp: Error: SHM [ id=0 x=1715.00 y=300.00 z=0.00 yaw=0.00 x_vel=6.75 y_vel=0.00 steer=0.00 ] tick=248 delta_time= 0.020
LogTemp: Error: SHM [ id=0 x=1727.00 y=300.00 z=0.00 yaw=0.00 x_vel=6.76 y_vel=0.00 steer=0.00 ] tick=249 delta_time= 0.017
LogTemp: Error: SHM [ id=0 x=1739.00 y=300.00 z=0.00 yaw=0.00 x_vel=6.77 y_vel=0.00 steer=0.00 ] tick=250 delta_time= 0.018
LogTemp: Error: SHM [ id=0 x=1752.00 y=300.00 z=0.00 yaw=0.00 x_vel=6.79 y_vel=0.00 steer=0.00 ] tick=251 delta_time= 0.020
LogTemp: Error: SHM [ id=0 x=1766.00 y=300.00 z=0.00 yaw=0.00 x_vel=6.80 y_vel=0.00 steer=0.00 ] tick=252 delta_time= 0.020
LogTemp: Error: SHM [ id=0 x=1777.00 y=300.00 z=0.00 yaw=0.00 x_vel=6.81 y_vel=0.00 steer=0.00 ] tick=253 delta_time= 0.017
LogTemp: Error: SHM [ id=0 x=1777.00 y=300.00 z=0.00 yaw=0.00 x_vel=6.81 y_vel=0.00 steer=0.00 ] tick=253 delta_time= 0.017
LogTemp: Error: SHM [ id=0 x=1791.00 y=300.00 z=0.00 yaw=0.00 x_vel=6.83 y_vel=0.00 steer=0.00 ] tick=254 delta_time= 0.020
LogTemp: Error: SHM [ id=0 x=1805.00 y=300.00 z=0.00 yaw=0.00 x_vel=6.84 y_vel=0.00 steer=0.00 ] tick=255 delta_time= 0.020
LogTemp: Error: SHM [ id=0 x=1819.00 y=300.00 z=0.00 yaw=0.00 x_vel=6.86 y_vel=0.00 steer=0.00 ] tick=256 delta_time= 0.021
LogTemp: Error: SHM [ id=0 x=1832.00 y=300.00 z=0.00 yaw=0.00 x_vel=6.87 y_vel=0.00 steer=0.00 ] tick=257 delta_time= 0.019
LogTemp: Error: SHM [ id=0 x=1845.00 y=300.00 z=0.00 yaw=0.00 x_vel=6.88 y_vel=0.00 steer=0.00 ] tick=258 delta_time= 0.019
LogTemp: Error: SHM [ id=0 x=1859.00 y=300.00 z=0.00 yaw=0.00 x_vel=6.90 y_vel=0.00 steer=0.00 ] tick=259 delta_time= 0.020
LogTemp: Error: SHM [ id=0 x=1859.00 y=300.00 z=0.00 yaw=0.00 x_vel=6.90 y_vel=0.00 steer=0.00 ] tick=259 delta_time= 0.020
LogTemp: Error: SHM [ id=0 x=1872.00 y=300.00 z=0.00 yaw=0.00 x_vel=6.91 y_vel=0.00 steer=0.00 ] tick=260 delta_time= 0.018
LogTemp: Error: SHM [ id=0 x=1884.00 y=300.00 z=0.00 yaw=0.00 x_vel=6.92 y_vel=0.00 steer=0.00 ] tick=261 delta_time= 0.019
LogTemp: Error: SHM [ id=0 x=1899.00 y=300.00 z=0.00 yaw=0.00 x_vel=6.94 y_vel=0.00 steer=0.00 ] tick=262 delta_time= 0.020
LogTemp: Error: SHM [ id=0 x=1912.00 y=300.00 z=0.00 yaw=0.00 x_vel=6.95 y_vel=0.00 steer=0.00 ] tick=263 delta_time= 0.020
LogTemp: Error: SHM [ id=0 x=1927.00 y=300.00 z=0.00 yaw=0.00 x_vel=6.96 y_vel=0.00 steer=0.00 ] tick=264 delta_time= 0.020
LogTemp: Error: SHM [ id=0 x=1927.00 y=300.00 z=0.00 yaw=0.00 x_vel=6.96 y_vel=0.00 steer=0.00 ] tick=264 delta_time= 0.020
LogTemp: Error: SHM [ id=0 x=1941.00 y=300.00 z=0.00 yaw=0.00 x_vel=6.98 y_vel=0.00 steer=0.00 ] tick=265 delta_time= 0.021
LogTemp: Error: SHM [ id=0 x=1954.00 y=300.00 z=0.00 yaw=0.00 x_vel=6.99 y_vel=0.00 steer=0.00 ] tick=266 delta_time= 0.019
LogTemp: Error: SHM [ id=0 x=1968.00 y=300.00 z=0.00 yaw=0.00 x_vel=7.00 y_vel=0.00 steer=0.00 ] tick=267 delta_time= 0.019
LogTemp: Error: SHM [ id=0 x=1982.00 y=300.00 z=0.00 yaw=0.00 x_vel=7.01 y_vel=0.00 steer=0.00 ] tick=268 delta_time= 0.020
LogTemp: Error: SHM [ id=0 x=1996.00 y=300.00 z=0.00 yaw=0.00 x_vel=7.03 y_vel=0.00 steer=0.00 ] tick=269 delta_time= 0.021
LogTemp: Error: SHM [ id=0 x=1996.00 y=300.00 z=0.00 yaw=0.00 x_vel=7.03 y_vel=0.00 steer=0.00 ] tick=269 delta_time= 0.021
LogTemp: Error: SHM [ id=0 x=2010.00 y=300.00 z=0.00 yaw=0.00 x_vel=7.04 y_vel=0.00 steer=0.00 ] tick=270 delta_time= 0.020
LogTemp: Error: SHM [ id=0 x=2024.00 y=300.00 z=0.00 yaw=0.00 x_vel=7.05 y_vel=0.00 steer=0.00 ] tick=271 delta_time= 0.020
LogTemp: Error: SHM [ id=0 x=2038.00 y=300.00 z=0.00 yaw=0.00 x_vel=7.06 y_vel=0.00 steer=0.00 ] tick=272 delta_time= 0.019
LogTemp: Error: SHM [ id=0 x=2050.00 y=300.00 z=0.00 yaw=0.00 x_vel=7.07 y_vel=0.00 steer=0.00 ] tick=273 delta_time= 0.018
LogTemp: Error: SHM [ id=0 x=2064.00 y=300.00 z=0.00 yaw=0.00 x_vel=7.08 y_vel=0.00 steer=0.00 ] tick=274 delta_time= 0.019
LogTemp: Error: SHM [ id=0 x=2079.00 y=300.00 z=0.00 yaw=0.00 x_vel=7.10 y_vel=0.00 steer=0.00 ] tick=275 delta_time= 0.020
LogTemp: Error: SHM [ id=0 x=2093.00 y=300.00 z=0.00 yaw=0.00 x_vel=7.11 y_vel=0.00 steer=0.00 ] tick=276 delta_time= 0.020
LogTemp: Error: SHM [ id=0 x=2093.00 y=300.00 z=0.00 yaw=0.00 x_vel=7.11 y_vel=0.00 steer=0.00 ] tick=276 delta_time= 0.020
LogTemp: Error: SHM [ id=0 x=2107.00 y=300.00 z=0.00 yaw=0.00 x_vel=7.12 y_vel=0.00 steer=0.00 ] tick=277 delta_time= 0.020
LogTemp: Error: SHM [ id=0 x=2121.00 y=300.00 z=0.00 yaw=0.00 x_vel=7.13 y_vel=0.00 steer=0.00 ] tick=278 delta_time= 0.020
LogTemp: Error: SHM [ id=0 x=2135.00 y=300.00 z=0.00 yaw=0.00 x_vel=7.14 y_vel=0.00 steer=0.00 ] tick=279 delta_time= 0.020
LogTemp: Error: SHM [ id=0 x=2150.00 y=300.00 z=0.00 yaw=0.00 x_vel=7.15 y_vel=0.00 steer=0.00 ] tick=280 delta_time= 0.020
LogTemp: Error: SHM [ id=0 x=2164.00 y=300.00 z=0.00 yaw=0.00 x_vel=7.16 y_vel=0.00 steer=0.00 ] tick=281 delta_time= 0.019
LogTemp: Error: SHM [ id=0 x=2164.00 y=300.00 z=0.00 yaw=0.00 x_vel=7.16 y_vel=0.00 steer=0.00 ] tick=281 delta_time= 0.019
LogTemp: Error: SHM [ id=0 x=2178.00 y=300.00 z=0.00 yaw=0.00 x_vel=7.17 y_vel=0.00 steer=0.00 ] tick=282 delta_time= 0.021
LogTemp: Error: SHM [ id=0 x=2192.00 y=300.00 z=0.00 yaw=0.00 x_vel=7.18 y_vel=0.00 steer=0.00 ] tick=283 delta_time= 0.019
LogTemp: Error: SHM [ id=0 x=2207.00 y=300.00 z=0.00 yaw=0.00 x_vel=7.19 y_vel=0.00 steer=0.00 ] tick=284 delta_time= 0.020
LogTemp: Error: SHM [ id=0 x=2222.00 y=300.00 z=0.00 yaw=0.00 x_vel=7.20 y_vel=0.00 steer=0.00 ] tick=285 delta_time= 0.020
LogTemp: Error: SHM [ id=0 x=2222.00 y=300.00 z=0.00 yaw=0.00 x_vel=7.20 y_vel=0.00 steer=0.00 ] tick=285 delta_time= 0.020
LogTemp: Error: SHM [ id=0 x=2236.00 y=300.00 z=0.00 yaw=0.00 x_vel=7.22 y_vel=0.00 steer=0.00 ] tick=286 delta_time= 0.020
LogTemp: Error: SHM [ id=0 x=2250.00 y=300.00 z=0.00 yaw=0.00 x_vel=7.22 y_vel=0.00 steer=0.00 ] tick=287 delta_time= 0.019
LogTemp: Error: SHM [ id=0 x=2263.00 y=300.00 z=0.00 yaw=0.00 x_vel=7.23 y_vel=0.00 steer=0.00 ] tick=288 delta_time= 0.018
LogTemp: Error: SHM [ id=0 x=2277.00 y=300.00 z=0.00 yaw=0.00 x_vel=7.24 y_vel=0.00 steer=0.00 ] tick=289 delta_time= 0.019
LogTemp: Error: SHM [ id=0 x=2291.00 y=300.00 z=0.00 yaw=0.00 x_vel=7.25 y_vel=0.00 steer=0.00 ] tick=290 delta_time= 0.020
LogTemp: Error: SHM [ id=0 x=2305.00 y=300.00 z=0.00 yaw=0.00 x_vel=7.26 y_vel=0.00 steer=0.00 ] tick=291 delta_time= 0.019
LogTemp: Error: SHM [ id=0 x=2319.00 y=300.00 z=0.00 yaw=0.00 x_vel=7.27 y_vel=0.00 steer=0.00 ] tick=292 delta_time= 0.019
LogTemp: Error: SHM [ id=0 x=2319.00 y=300.00 z=0.00 yaw=0.00 x_vel=7.27 y_vel=0.00 steer=0.00 ] tick=292 delta_time= 0.019
LogTemp: Error: SHM [ id=0 x=2319.00 y=300.00 z=0.00 yaw=0.00 x_vel=7.27 y_vel=0.00 steer=0.00 ] tick=292 delta_time= 0.019
LogTemp: Error: SHM [ id=0 x=2319.00 y=300.00 z=0.00 yaw=0.00 x_vel=7.27 y_vel=0.00 steer=0.00 ] tick=292 delta_time= 0.019
LogTemp: Error: SHM [ id=0 x=2319.00 y=300.00 z=0.00 yaw=0.00 x_vel=7.27 y_vel=0.00 steer=0.00 ] tick=292 delta_time= 0.019
LogTemp: Error: SHM [ id=0 x=2319.00 y=300.00 z=0.00 yaw=0.00 x_vel=7.27 y_vel=0.00 steer=0.00 ] tick=292 delta_time= 0.019
LogTemp: Error: SHM [ id=0 x=2319.00 y=300.00 z=0.00 yaw=0.00 x_vel=7.27 y_vel=0.00 steer=0.00 ] tick=292 delta_time= 0.019
LogTemp: Error: SHM [ id=0 x=2319.00 y=300.00 z=0.00 yaw=0.00 x_vel=7.27 y_vel=0.00 steer=0.00 ] tick=292 delta_time= 0.019
LogTemp: Error: SHM [ id=0 x=2319.00 y=300.00 z=0.00 yaw=0.00 x_vel=7.27 y_vel=0.00 steer=0.00 ] tick=292 delta_time= 0.019
LogTemp: Error: SHM [ id=0 x=2319.00 y=300.00 z=0.00 yaw=0.00 x_vel=7.27 y_vel=0.00 steer=0.00 ] tick=292 delta_time= 0.019
LogTemp: Error: SHM [ id=0 x=2433.00 y=300.00 z=0.00 yaw=0.00 x_vel=7.34 y_vel=0.00 steer=0.00 ] tick=293 delta_time= 0.156
LogTemp: Error: SHM [ id=0 x=2447.00 y=300.00 z=0.00 yaw=0.00 x_vel=7.35 y_vel=0.00 steer=0.00 ] tick=294 delta_time= 0.018
LogTemp: Error: SHM [ id=0 x=2462.00 y=300.00 z=0.00 yaw=0.00 x_vel=7.36 y_vel=0.00 steer=0.00 ] tick=295 delta_time= 0.020
LogTemp: Error: SHM [ id=0 x=2477.00 y=300.00 z=0.00 yaw=0.00 x_vel=7.37 y_vel=0.00 steer=0.00 ] tick=296 delta_time= 0.020
LogTemp: Error: SHM [ id=0 x=2491.00 y=300.00 z=0.00 yaw=0.00 x_vel=7.38 y_vel=0.00 steer=0.00 ] tick=297 delta_time= 0.019
LogTemp: Error: SHM [ id=0 x=2491.00 y=300.00 z=0.00 yaw=0.00 x_vel=7.38 y_vel=0.00 steer=0.00 ] tick=297 delta_time= 0.019
LogTemp: Error: SHM [ id=0 x=2505.00 y=300.00 z=0.00 yaw=0.00 x_vel=7.38 y_vel=0.00 steer=0.00 ] tick=298 delta_time= 0.019
LogTemp: Error: SHM [ id=0 x=2520.00 y=300.00 z=0.00 yaw=0.00 x_vel=7.39 y_vel=0.00 steer=0.00 ] tick=299 delta_time= 0.020
LogTemp: Error: SHM [ id=0 x=2535.00 y=300.00 z=0.00 yaw=0.00 x_vel=7.40 y_vel=0.00 steer=0.00 ] tick=300 delta_time= 0.020
LogTemp: Error: SHM [ id=0 x=2549.00 y=300.00 z=0.00 yaw=0.00 x_vel=7.41 y_vel=0.00 steer=0.00 ] tick=301 delta_time= 0.020
LogTemp: Error: SHM [ id=0 x=2565.00 y=300.00 z=0.00 yaw=0.00 x_vel=7.42 y_vel=0.00 steer=0.00 ] tick=302 delta_time= 0.021
LogTemp: Error: SHM [ id=0 x=2565.00 y=300.00 z=0.00 yaw=0.00 x_vel=7.42 y_vel=0.00 steer=0.00 ] tick=302 delta_time= 0.021
LogTemp: Error: SHM [ id=0 x=2579.00 y=300.00 z=0.00 yaw=0.00 x_vel=7.42 y_vel=0.00 steer=0.00 ] tick=303 delta_time= 0.019
LogTemp: Error: SHM [ id=0 x=2592.00 y=300.00 z=0.00 yaw=0.00 x_vel=7.43 y_vel=0.00 steer=0.00 ] tick=304 delta_time= 0.018
LogTemp: Error: SHM [ id=0 x=2607.00 y=300.00 z=0.00 yaw=0.00 x_vel=7.44 y_vel=0.00 steer=0.00 ] tick=305 delta_time= 0.019
LogTemp: Error: SHM [ id=0 x=2622.00 y=300.00 z=0.00 yaw=0.00 x_vel=7.45 y_vel=0.00 steer=0.00 ] tick=306 delta_time= 0.021
LogTemp: Error: SHM [ id=0 x=2636.00 y=300.00 z=0.00 yaw=0.00 x_vel=7.45 y_vel=0.00 steer=0.00 ] tick=307 delta_time= 0.019
LogTemp: Error: SHM [ id=0 x=2651.00 y=300.00 z=0.00 yaw=0.00 x_vel=7.46 y_vel=0.00 steer=0.00 ] tick=308 delta_time= 0.019
LogTemp: Error: SHM [ id=0 x=2651.00 y=300.00 z=0.00 yaw=0.00 x_vel=7.46 y_vel=0.00 steer=0.00 ] tick=308 delta_time= 0.019
LogTemp: Error: SHM [ id=0 x=2665.00 y=300.00 z=0.00 yaw=0.00 x_vel=7.47 y_vel=0.00 steer=0.00 ] tick=309 delta_time= 0.020
LogTemp: Error: SHM [ id=0 x=2680.00 y=300.00 z=0.00 yaw=0.00 x_vel=7.48 y_vel=0.00 steer=0.00 ] tick=310 delta_time= 0.019
LogTemp: Error: SHM [ id=0 x=2695.00 y=300.00 z=0.00 yaw=0.00 x_vel=7.48 y_vel=0.00 steer=0.00 ] tick=311 delta_time= 0.021
LogTemp: Error: SHM [ id=0 x=2710.00 y=300.00 z=0.00 yaw=0.00 x_vel=7.49 y_vel=0.00 steer=0.00 ] tick=312 delta_time= 0.020
LogTemp: Error: SHM [ id=0 x=2725.00 y=300.00 z=0.00 yaw=0.00 x_vel=7.50 y_vel=0.00 steer=0.00 ] tick=313 delta_time= 0.021
LogTemp: Error: SHM [ id=0 x=2725.00 y=300.00 z=0.00 yaw=0.00 x_vel=7.50 y_vel=0.00 steer=0.00 ] tick=313 delta_time= 0.021
LogTemp: Error: SHM [ id=0 x=2740.00 y=300.00 z=0.00 yaw=0.00 x_vel=7.50 y_vel=0.00 steer=0.00 ] tick=314 delta_time= 0.019
LogTemp: Error: SHM [ id=0 x=2754.00 y=300.00 z=0.00 yaw=0.00 x_vel=7.51 y_vel=0.00 steer=0.00 ] tick=315 delta_time= 0.020
LogTemp: Error: SHM [ id=0 x=2769.00 y=300.00 z=0.00 yaw=0.00 x_vel=7.52 y_vel=0.00 steer=0.00 ] tick=316 delta_time= 0.019
LogTemp: Error: SHM [ id=0 x=2784.00 y=300.00 z=0.00 yaw=0.00 x_vel=7.52 y_vel=0.00 steer=0.00 ] tick=317 delta_time= 0.020
LogTemp: Error: SHM [ id=0 x=2797.00 y=300.00 z=0.00 yaw=0.00 x_vel=7.53 y_vel=0.00 steer=0.00 ] tick=318 delta_time= 0.017
LogTemp: Error: SHM [ id=0 x=2812.00 y=300.00 z=0.00 yaw=0.00 x_vel=7.54 y_vel=0.00 steer=0.00 ] tick=319 delta_time= 0.020
LogTemp: Error: SHM [ id=0 x=2826.00 y=300.00 z=0.00 yaw=0.00 x_vel=7.54 y_vel=0.00 steer=0.00 ] tick=320 delta_time= 0.018
LogTemp: Error: SHM [ id=0 x=2826.00 y=300.00 z=0.00 yaw=0.00 x_vel=7.54 y_vel=0.00 steer=0.00 ] tick=320 delta_time= 0.018
LogTemp: Error: SHM [ id=0 x=2840.00 y=300.00 z=0.00 yaw=0.00 x_vel=7.55 y_vel=0.00 steer=0.00 ] tick=321 delta_time= 0.019
LogTemp: Error: SHM [ id=0 x=2853.00 y=300.00 z=0.00 yaw=0.00 x_vel=7.55 y_vel=0.00 steer=0.00 ] tick=322 delta_time= 0.017
LogTemp: Error: SHM [ id=0 x=2868.00 y=300.00 z=0.00 yaw=0.00 x_vel=7.56 y_vel=0.00 steer=0.00 ] tick=323 delta_time= 0.019
LogTemp: Error: SHM [ id=0 x=2881.00 y=300.00 z=0.00 yaw=0.00 x_vel=7.56 y_vel=0.00 steer=0.00 ] tick=324 delta_time= 0.018
LogTemp: Error: SHM [ id=0 x=2896.00 y=300.00 z=0.00 yaw=0.00 x_vel=7.57 y_vel=0.00 steer=0.00 ] tick=325 delta_time= 0.020
LogTemp: Error: SHM [ id=0 x=2912.00 y=300.00 z=0.00 yaw=0.00 x_vel=7.58 y_vel=0.00 steer=0.00 ] tick=326 delta_time= 0.020
LogTemp: Error: SHM [ id=0 x=2927.00 y=300.00 z=0.00 yaw=0.00 x_vel=7.58 y_vel=0.00 steer=0.00 ] tick=327 delta_time= 0.020
LogTemp: Error: SHM [ id=0 x=2927.00 y=300.00 z=0.00 yaw=0.00 x_vel=7.58 y_vel=0.00 steer=0.00 ] tick=327 delta_time= 0.020
LogTemp: Error: SHM [ id=0 x=2941.00 y=300.00 z=0.00 yaw=0.00 x_vel=7.59 y_vel=0.00 steer=0.00 ] tick=328 delta_time= 0.019
LogTemp: Error: SHM [ id=0 x=2956.00 y=300.00 z=0.00 yaw=0.00 x_vel=7.59 y_vel=0.00 steer=0.00 ] tick=329 delta_time= 0.019
LogTemp: Error: SHM [ id=0 x=2971.00 y=300.00 z=0.00 yaw=0.00 x_vel=7.60 y_vel=0.00 steer=0.00 ] tick=330 delta_time= 0.020
LogTemp: Error: SHM [ id=0 x=2986.00 y=300.00 z=0.00 yaw=0.00 x_vel=7.60 y_vel=0.00 steer=0.00 ] tick=331 delta_time= 0.020
LogTemp: Error: SHM [ id=0 x=3001.00 y=300.00 z=0.00 yaw=0.00 x_vel=7.61 y_vel=0.00 steer=0.00 ] tick=332 delta_time= 0.020
LogTemp: Error: SHM [ id=0 x=3001.00 y=300.00 z=0.00 yaw=0.00 x_vel=7.61 y_vel=0.00 steer=0.00 ] tick=332 delta_time= 0.020
LogTemp: Error: SHM [ id=0 x=3017.00 y=300.00 z=0.00 yaw=0.00 x_vel=7.62 y_vel=0.00 steer=0.00 ] tick=333 delta_time= 0.020
LogTemp: Error: SHM [ id=0 x=3032.00 y=300.00 z=0.00 yaw=0.00 x_vel=7.62 y_vel=0.00 steer=0.00 ] tick=334 delta_time= 0.020
LogTemp: Error: SHM [ id=0 x=3048.00 y=300.00 z=0.00 yaw=0.00 x_vel=7.63 y_vel=0.00 steer=0.00 ] tick=335 delta_time= 0.020
LogTemp: Error: SHM [ id=0 x=3062.00 y=300.00 z=0.00 yaw=0.00 x_vel=7.63 y_vel=0.00 steer=0.00 ] tick=336 delta_time= 0.019
LogTemp: Error: SHM [ id=0 x=3078.00 y=300.00 z=0.00 yaw=0.00 x_vel=7.64 y_vel=0.00 steer=0.00 ] tick=337 delta_time= 0.020
LogTemp: Error: SHM [ id=0 x=3078.00 y=300.00 z=0.00 yaw=0.00 x_vel=7.64 y_vel=0.00 steer=0.00 ] tick=337 delta_time= 0.020
LogTemp: Error: SHM [ id=0 x=3093.00 y=300.00 z=0.00 yaw=0.00 x_vel=7.64 y_vel=0.00 steer=0.00 ] tick=338 delta_time= 0.020
LogTemp: Error: SHM [ id=0 x=3108.00 y=300.00 z=0.00 yaw=0.00 x_vel=7.65 y_vel=0.00 steer=0.00 ] tick=339 delta_time= 0.020
LogTemp: Error: SHM [ id=0 x=3124.00 y=300.00 z=0.00 yaw=0.00 x_vel=7.65 y_vel=0.00 steer=0.00 ] tick=340 delta_time= 0.020
LogTemp: Error: SHM [ id=0 x=3139.00 y=300.00 z=0.00 yaw=0.00 x_vel=7.66 y_vel=0.00 steer=0.00 ] tick=341 delta_time= 0.020
LogTemp: Error: SHM [ id=0 x=3154.00 y=300.00 z=0.00 yaw=0.00 x_vel=7.66 y_vel=0.00 steer=0.00 ] tick=342 delta_time= 0.020
LogTemp: Error: SHM [ id=0 x=3169.00 y=300.00 z=0.00 yaw=0.00 x_vel=7.67 y_vel=0.00 steer=0.00 ] tick=343 delta_time= 0.020
LogTemp: Error: SHM [ id=0 x=3169.00 y=300.00 z=0.00 yaw=0.00 x_vel=7.67 y_vel=0.00 steer=0.00 ] tick=343 delta_time= 0.020
LogTemp: Error: SHM [ id=0 x=3185.00 y=300.00 z=0.00 yaw=0.00 x_vel=7.67 y_vel=0.00 steer=0.00 ] tick=344 delta_time= 0.020
LogTemp: Error: SHM [ id=0 x=3200.00 y=300.00 z=0.00 yaw=0.00 x_vel=7.68 y_vel=0.00 steer=0.00 ] tick=345 delta_time= 0.020
LogTemp: Error: SHM [ id=0 x=3215.00 y=300.00 z=0.00 yaw=0.00 x_vel=7.68 y_vel=0.00 steer=0.00 ] tick=346 delta_time= 0.020
LogTemp: Error: SHM [ id=0 x=3231.00 y=300.00 z=0.00 yaw=0.00 x_vel=7.68 y_vel=0.00 steer=0.00 ] tick=347 delta_time= 0.020
LogTemp: Error: SHM [ id=0 x=3246.00 y=300.00 z=0.00 yaw=0.00 x_vel=7.69 y_vel=0.00 steer=0.00 ] tick=348 delta_time= 0.019
LogTemp: Error: SHM [ id=0 x=3246.00 y=300.00 z=0.00 yaw=0.00 x_vel=7.69 y_vel=0.00 steer=0.00 ] tick=348 delta_time= 0.019
LogTemp: Error: SHM [ id=0 x=3261.00 y=300.00 z=0.00 yaw=0.00 x_vel=7.69 y_vel=0.00 steer=0.00 ] tick=349 delta_time= 0.019
LogTemp: Error: SHM [ id=0 x=3276.00 y=300.00 z=0.00 yaw=0.00 x_vel=7.70 y_vel=0.00 steer=0.00 ] tick=350 delta_time= 0.020
LogTemp: Error: SHM [ id=0 x=3291.00 y=300.00 z=0.00 yaw=0.00 x_vel=7.70 y_vel=0.00 steer=0.00 ] tick=351 delta_time= 0.020
LogTemp: Error: SHM [ id=0 x=3306.00 y=300.00 z=0.00 yaw=0.00 x_vel=7.70 y_vel=0.00 steer=0.00 ] tick=352 delta_time= 0.019
LogTemp: Error: SHM [ id=0 x=3321.00 y=300.00 z=0.00 yaw=0.00 x_vel=7.71 y_vel=0.00 steer=0.00 ] tick=353 delta_time= 0.020
LogTemp: Error: SHM [ id=0 x=3321.00 y=300.00 z=0.00 yaw=0.00 x_vel=7.71 y_vel=0.00 steer=0.00 ] tick=353 delta_time= 0.020
LogTemp: Error: SHM [ id=0 x=3337.00 y=300.00 z=0.00 yaw=0.00 x_vel=7.71 y_vel=0.00 steer=0.00 ] tick=354 delta_time= 0.020
LogTemp: Error: SHM [ id=0 x=3351.00 y=300.00 z=0.00 yaw=0.00 x_vel=7.72 y_vel=0.00 steer=0.00 ] tick=355 delta_time= 0.019
LogTemp: Error: SHM [ id=0 x=3367.00 y=300.00 z=0.00 yaw=0.00 x_vel=7.72 y_vel=0.00 steer=0.00 ] tick=356 delta_time= 0.020
LogTemp: Error: SHM [ id=0 x=3382.00 y=300.00 z=0.00 yaw=0.00 x_vel=7.72 y_vel=0.00 steer=0.00 ] tick=357 delta_time= 0.020
LogTemp: Error: SHM [ id=0 x=3398.00 y=300.00 z=0.00 yaw=0.00 x_vel=7.73 y_vel=0.00 steer=0.00 ] tick=358 delta_time= 0.020
LogTemp: Error: SHM [ id=0 x=3413.00 y=300.00 z=0.00 yaw=0.00 x_vel=7.73 y_vel=0.00 steer=0.00 ] tick=359 delta_time= 0.019
